#-----------------------------------------------------------
# Vivado v2019.2 (64-bit)
# SW Build 2708876 on Wed Nov  6 21:40:23 MST 2019
# IP Build 2700528 on Thu Nov  7 00:09:20 MST 2019
# Start of session at: Sun Jan 12 23:58:13 2020
# Process ID: 18496
# Current directory: D:/Vivado Projects/Lab_06
# Command line: vivado.exe -gui_launcher_event rodinguilauncherevent18784 D:\Vivado Projects\Lab_06\Lab_06.xpr
# Log file: D:/Vivado Projects/Lab_06/vivado.log
# Journal file: D:/Vivado Projects/Lab_06\vivado.jou
#-----------------------------------------------------------
start_gui
open_project {D:/Vivado Projects/Lab_06/Lab_06.xpr}
Scanning sources...
Finished scanning sources
INFO: [Project 1-230] Project 'Lab_06.xpr' upgraded for this version of Vivado.
INFO: [IP_Flow 19-234] Refreshing IP repositories
INFO: [IP_Flow 19-1704] No user IP repositories specified
INFO: [IP_Flow 19-2313] Loaded Vivado IP repository 'C:/Xilinx/Vivado/2019.2/data/ip'.
update_compile_order -fileset sources_1
exit
INFO: [Common 17-206] Exiting Vivado at Mon Jan 13 19:50:22 2020...
