#-----------------------------------------------------------
# Vivado v2019.2 (64-bit)
# SW Build 2708876 on Wed Nov  6 21:40:23 MST 2019
# IP Build 2700528 on Thu Nov  7 00:09:20 MST 2019
# Start of session at: Tue Jan 14 22:04:44 2020
# Process ID: 29560
# Current directory: D:/Vivado Projects/Lab_06
# Command line: vivado.exe -gui_launcher_event rodinguilauncherevent20804 D:\Vivado Projects\Lab_06\Lab_06.xpr
# Log file: D:/Vivado Projects/Lab_06/vivado.log
# Journal file: D:/Vivado Projects/Lab_06\vivado.jou
#-----------------------------------------------------------
start_gui
open_project {D:/Vivado Projects/Lab_06/Lab_06.xpr}
Scanning sources...
Finished scanning sources
INFO: [IP_Flow 19-234] Refreshing IP repositories
INFO: [IP_Flow 19-1704] No user IP repositories specified
INFO: [IP_Flow 19-2313] Loaded Vivado IP repository 'C:/Xilinx/Vivado/2019.2/data/ip'.
open_project: Time (s): cpu = 00:00:10 ; elapsed = 00:00:05 . Memory (MB): peak = 821.883 ; gain = 174.113
update_compile_order -fileset sources_1
exit
INFO: [Common 17-206] Exiting Vivado at Tue Jan 14 22:19:32 2020...
