#-----------------------------------------------------------
# Vivado v2019.2 (64-bit)
# SW Build 2708876 on Wed Nov  6 21:40:23 MST 2019
# IP Build 2700528 on Thu Nov  7 00:09:20 MST 2019
# Start of session at: Fri Mar 13 15:45:49 2020
# Process ID: 4868
# Current directory: C:/Users/mjrbr/OneDrive/Cal Poly/Winter 2020/CPE 233/Group Folder/Lab 8/Modules/Micah Branch/Otter_MCU_FPGA_Ready
# Command line: vivado.exe -gui_launcher_event rodinguilauncherevent2808 C:\Users\mjrbr\OneDrive\Cal Poly\Winter 2020\CPE 233\Group Folder\Lab 8\Modules\Micah Branch\Otter_MCU_FPGA_Ready\Otter_MCU_FPGA_Ready.xpr
# Log file: C:/Users/mjrbr/OneDrive/Cal Poly/Winter 2020/CPE 233/Group Folder/Lab 8/Modules/Micah Branch/Otter_MCU_FPGA_Ready/vivado.log
# Journal file: C:/Users/mjrbr/OneDrive/Cal Poly/Winter 2020/CPE 233/Group Folder/Lab 8/Modules/Micah Branch/Otter_MCU_FPGA_Ready\vivado.jou
#-----------------------------------------------------------
start_gui
open_project {C:/Users/mjrbr/OneDrive/Cal Poly/Winter 2020/CPE 233/Group Folder/Lab 8/Modules/Micah Branch/Otter_MCU_FPGA_Ready/Otter_MCU_FPGA_Ready.xpr}
INFO: [ProjectBase 1-489] The host OS only allows 260 characters in a normal path. The project is stored in a path with more than 80 characters. If you experience issues with IP, Block Designs, or files not being found, please consider moving the project to a location with a shorter path. Alternately consider using the OS subst command to map part of the path to a drive letter.
Current project path is 'C:/Users/mjrbr/OneDrive/Cal Poly/Winter 2020/CPE 233/Group Folder/Lab 8/Modules/Micah Branch/Otter_MCU_FPGA_Ready'
INFO: [Project 1-313] Project file moved from 'C:/Users/mjrbr/OneDrive/Cal Poly/Winter 2020/CPE 233/Group Folder/Lab 8/Modules/Otter_MCU_FPGA_Ready' since last save.
Scanning sources...
Finished scanning sources
INFO: [IP_Flow 19-234] Refreshing IP repositories
INFO: [IP_Flow 19-1704] No user IP repositories specified
INFO: [IP_Flow 19-2313] Loaded Vivado IP repository 'C:/Xilinx/Vivado/2019.2/data/ip'.
update_compile_order -fileset sources_1
export_ip_user_files -of_objects  [get_files {{C:/Users/mjrbr/OneDrive/Cal Poly/Winter 2020/CPE 233/Group Folder/Lab 8/Modules/Micah Branch/Otter_MCU_FPGA_Ready/Otter_MCU_FPGA_Ready.srcs/sources_1/imports/new/CLK_DIV_FS.v}}] -no_script -reset -force -quiet
remove_files  {{C:/Users/mjrbr/OneDrive/Cal Poly/Winter 2020/CPE 233/Group Folder/Lab 8/Modules/Micah Branch/Otter_MCU_FPGA_Ready/Otter_MCU_FPGA_Ready.srcs/sources_1/imports/new/CLK_DIV_FS.v}}
launch_runs impl_1 -jobs 12
[Fri Mar 13 15:46:46 2020] Launched impl_1...
Run output will be captured here: C:/Users/mjrbr/OneDrive/Cal Poly/Winter 2020/CPE 233/Group Folder/Lab 8/Modules/Micah Branch/Otter_MCU_FPGA_Ready/Otter_MCU_FPGA_Ready.runs/impl_1/runme.log
reset_run synth_1
launch_runs impl_1 -to_step write_bitstream -jobs 12
[Fri Mar 13 15:48:08 2020] Launched synth_1...
Run output will be captured here: C:/Users/mjrbr/OneDrive/Cal Poly/Winter 2020/CPE 233/Group Folder/Lab 8/Modules/Micah Branch/Otter_MCU_FPGA_Ready/Otter_MCU_FPGA_Ready.runs/synth_1/runme.log
[Fri Mar 13 15:48:08 2020] Launched impl_1...
Run output will be captured here: C:/Users/mjrbr/OneDrive/Cal Poly/Winter 2020/CPE 233/Group Folder/Lab 8/Modules/Micah Branch/Otter_MCU_FPGA_Ready/Otter_MCU_FPGA_Ready.runs/impl_1/runme.log
open_run impl_1
INFO: [Device 21-403] Loading part xc7a35tcpg236-1
Netlist sorting complete. Time (s): cpu = 00:00:00 ; elapsed = 00:00:00.047 . Memory (MB): peak = 1091.277 ; gain = 0.000
INFO: [Netlist 29-17] Analyzing 292 Unisim elements for replacement
INFO: [Netlist 29-28] Unisim Transformation completed in 0 CPU seconds
INFO: [Project 1-479] Netlist was created with Vivado 2019.2
INFO: [Project 1-570] Preparing netlist for logic optimization
INFO: [Timing 38-478] Restoring timing data from binary archive.
INFO: [Timing 38-479] Binary timing data restore complete.
INFO: [Project 1-856] Restoring constraints from binary archive.
INFO: [Project 1-853] Binary constraint restore complete.
Reading XDEF placement.
Reading placer database...
Reading XDEF routing.
Read XDEF File: Time (s): cpu = 00:00:00 ; elapsed = 00:00:00.311 . Memory (MB): peak = 1743.074 ; gain = 0.000
Restored from archive | CPU: 0.000000 secs | Memory: 0.000000 MB |
Finished XDEF File Restore: Time (s): cpu = 00:00:00 ; elapsed = 00:00:00.311 . Memory (MB): peak = 1743.074 ; gain = 0.000
Netlist sorting complete. Time (s): cpu = 00:00:00 ; elapsed = 00:00:00.001 . Memory (MB): peak = 1743.074 ; gain = 0.000
INFO: [Project 1-111] Unisim Transformation Summary:
  A total of 12 instances were transformed.
  RAM32M => RAM32M (RAMD32(x6), RAMS32(x2)): 12 instances

open_run: Time (s): cpu = 00:00:24 ; elapsed = 00:00:19 . Memory (MB): peak = 1870.313 ; gain = 965.102
WARNING: [Timing 38-313] There are no user specified timing constraints. Timing constraints are needed for proper timing analysis.
open_hw_manager
connect_hw_server -allow_non_jtag
INFO: [Labtools 27-2285] Connecting to hw_server url TCP:localhost:3121
INFO: [Labtools 27-2222] Launching hw_server...
INFO: [Labtools 27-2221] Launch Output:

****** Xilinx hw_server v2019.2
  **** Build date : Nov  6 2019 at 22:12:23
    ** Copyright 1986-2019 Xilinx, Inc. All Rights Reserved.


INFO: [Labtools 27-3415] Connecting to cs_server url TCP:localhost:3042
INFO: [Labtools 27-3417] Launching cs_server...
INFO: [Labtools 27-2221] Launch Output:


****** Xilinx cs_server v2019.2.0
  **** Build date : Nov 06 2019-21:28:22
    ** Copyright 2017-2019 Xilinx, Inc. All Rights Reserved.



connect_hw_server: Time (s): cpu = 00:00:01 ; elapsed = 00:00:09 . Memory (MB): peak = 1893.152 ; gain = 16.617
open_hw_target
INFO: [Labtoolstcl 44-466] Opening hw_target localhost:3121/xilinx_tcf/Digilent/210183AB505AA
set_property PROGRAM.FILE {C:/Users/mjrbr/OneDrive/Cal Poly/Winter 2020/CPE 233/Group Folder/Lab 8/Modules/Micah Branch/Otter_MCU_FPGA_Ready/Otter_MCU_FPGA_Ready.runs/impl_1/OTTER_Wrapper.bit} [get_hw_devices xc7a35t_0]
current_hw_device [get_hw_devices xc7a35t_0]
refresh_hw_device -update_hw_probes false [lindex [get_hw_devices xc7a35t_0] 0]
INFO: [Labtools 27-1434] Device xc7a35t (JTAG device index = 0) is programmed with a design that has no supported debug core(s) in it.
set_property PROBES.FILE {} [get_hw_devices xc7a35t_0]
set_property FULL_PROBES.FILE {} [get_hw_devices xc7a35t_0]
set_property PROGRAM.FILE {C:/Users/mjrbr/OneDrive/Cal Poly/Winter 2020/CPE 233/Group Folder/Lab 8/Modules/Micah Branch/Otter_MCU_FPGA_Ready/Otter_MCU_FPGA_Ready.runs/impl_1/OTTER_Wrapper.bit} [get_hw_devices xc7a35t_0]
program_hw_devices [get_hw_devices xc7a35t_0]
INFO: [Labtools 27-3164] End of startup status: HIGH
refresh_hw_device [lindex [get_hw_devices xc7a35t_0] 0]
INFO: [Labtools 27-1434] Device xc7a35t (JTAG device index = 0) is programmed with a design that has no supported debug core(s) in it.
reset_run synth_1
launch_runs impl_1 -to_step write_bitstream -jobs 12
[Fri Mar 13 16:15:09 2020] Launched synth_1...
Run output will be captured here: C:/Users/mjrbr/OneDrive/Cal Poly/Winter 2020/CPE 233/Group Folder/Lab 8/Modules/Micah Branch/Otter_MCU_FPGA_Ready/Otter_MCU_FPGA_Ready.runs/synth_1/runme.log
[Fri Mar 13 16:15:09 2020] Launched impl_1...
Run output will be captured here: C:/Users/mjrbr/OneDrive/Cal Poly/Winter 2020/CPE 233/Group Folder/Lab 8/Modules/Micah Branch/Otter_MCU_FPGA_Ready/Otter_MCU_FPGA_Ready.runs/impl_1/runme.log
set_property PROBES.FILE {} [get_hw_devices xc7a35t_0]
set_property FULL_PROBES.FILE {} [get_hw_devices xc7a35t_0]
set_property PROGRAM.FILE {C:/Users/mjrbr/OneDrive/Cal Poly/Winter 2020/CPE 233/Group Folder/Lab 8/Modules/Micah Branch/Otter_MCU_FPGA_Ready/Otter_MCU_FPGA_Ready.runs/impl_1/OTTER_Wrapper.bit} [get_hw_devices xc7a35t_0]
program_hw_devices [get_hw_devices xc7a35t_0]
INFO: [Labtools 27-3164] End of startup status: HIGH
refresh_hw_device [lindex [get_hw_devices xc7a35t_0] 0]
INFO: [Labtools 27-1434] Device xc7a35t (JTAG device index = 0) is programmed with a design that has no supported debug core(s) in it.
reset_run synth_1
launch_runs impl_1 -to_step write_bitstream -jobs 12
[Fri Mar 13 16:44:01 2020] Launched synth_1...
Run output will be captured here: C:/Users/mjrbr/OneDrive/Cal Poly/Winter 2020/CPE 233/Group Folder/Lab 8/Modules/Micah Branch/Otter_MCU_FPGA_Ready/Otter_MCU_FPGA_Ready.runs/synth_1/runme.log
[Fri Mar 13 16:44:01 2020] Launched impl_1...
Run output will be captured here: C:/Users/mjrbr/OneDrive/Cal Poly/Winter 2020/CPE 233/Group Folder/Lab 8/Modules/Micah Branch/Otter_MCU_FPGA_Ready/Otter_MCU_FPGA_Ready.runs/impl_1/runme.log
reset_run synth_1
exit
INFO: [Common 17-206] Exiting Vivado at Fri Mar 13 16:44:40 2020...
