
*** Running vivado
    with args -log OTTER_Wrapper.vds -m64 -product Vivado -mode batch -messageDb vivado.pb -notrace -source OTTER_Wrapper.tcl


****** Vivado v2019.2 (64-bit)
  **** SW Build 2708876 on Wed Nov  6 21:40:23 MST 2019
  **** IP Build 2700528 on Thu Nov  7 00:09:20 MST 2019
    ** Copyright 1986-2019 Xilinx, Inc. All Rights Reserved.

source OTTER_Wrapper.tcl -notrace
Command: synth_design -top OTTER_Wrapper -part xc7a35tcpg236-1
Starting synth_design
Attempting to get a license for feature 'Synthesis' and/or device 'xc7a35t'
INFO: [Common 17-349] Got license for feature 'Synthesis' and/or device 'xc7a35t'
INFO: Launching helper process for spawning children vivado processes
INFO: Helper process launched with PID 2480 
WARNING: [Synth 8-6901] identifier 'n' is used before its declaration [C:/Users/mjrbr/Otter_MCU_with_CSR/Otter_MCU_with_CSR/Otter_MCU_with_CSR.srcs/sources_1/imports/new/Branch_Cond_Gen.v:37]
WARNING: [Synth 8-6901] identifier 'n' is used before its declaration [C:/Users/mjrbr/Otter_MCU_with_CSR/Otter_MCU_with_CSR/Otter_MCU_with_CSR.srcs/sources_1/imports/new/Branch_Cond_Gen.v:38]
WARNING: [Synth 8-6901] identifier 'n' is used before its declaration [C:/Users/mjrbr/Otter_MCU_with_CSR/Otter_MCU_with_CSR/Otter_MCU_with_CSR.srcs/sources_1/imports/new/PC.v:33]
WARNING: [Synth 8-6901] identifier 'n' is used before its declaration [C:/Users/mjrbr/Otter_MCU_with_CSR/Otter_MCU_with_CSR/Otter_MCU_with_CSR.srcs/sources_1/imports/new/PC.v:35]
WARNING: [Synth 8-6901] identifier 'n' is used before its declaration [C:/Users/mjrbr/Otter_MCU_with_CSR/Otter_MCU_with_CSR/Otter_MCU_with_CSR.srcs/sources_1/imports/new/n-bit 2 to 1 MUX.v:35]
WARNING: [Synth 8-6901] identifier 'n' is used before its declaration [C:/Users/mjrbr/Otter_MCU_with_CSR/Otter_MCU_with_CSR/Otter_MCU_with_CSR.srcs/sources_1/imports/new/n-bit 2 to 1 MUX.v:36]
WARNING: [Synth 8-6901] identifier 'n' is used before its declaration [C:/Users/mjrbr/Otter_MCU_with_CSR/Otter_MCU_with_CSR/Otter_MCU_with_CSR.srcs/sources_1/imports/Master Modules/n-bit 8 to 1 MUX.v:41]
WARNING: [Synth 8-6901] identifier 'n' is used before its declaration [C:/Users/mjrbr/Otter_MCU_with_CSR/Otter_MCU_with_CSR/Otter_MCU_with_CSR.srcs/sources_1/imports/Master Modules/n-bit 8 to 1 MUX.v:42]
WARNING: [Synth 8-6901] identifier 'n' is used before its declaration [C:/Users/mjrbr/Otter_MCU_with_CSR/Otter_MCU_with_CSR/Otter_MCU_with_CSR.srcs/sources_1/imports/new/n_bit_4t1_MUX.v:44]
WARNING: [Synth 8-6901] identifier 'n' is used before its declaration [C:/Users/mjrbr/Otter_MCU_with_CSR/Otter_MCU_with_CSR/Otter_MCU_with_CSR.srcs/sources_1/imports/new/n_bit_4t1_MUX.v:45]
---------------------------------------------------------------------------------
Starting Synthesize : Time (s): cpu = 00:00:03 ; elapsed = 00:00:03 . Memory (MB): peak = 577.918 ; gain = 248.098
---------------------------------------------------------------------------------
INFO: [Synth 8-6157] synthesizing module 'OTTER_Wrapper' [C:/Users/mjrbr/Otter_MCU_with_CSR/Otter_MCU_with_CSR/Otter_MCU_with_CSR.srcs/sources_1/imports/new/OTTER_Wrapper_v1_04.sv:15]
	Parameter SWITCHES_AD bound to: 285212672 - type: integer 
	Parameter LEDS_AD bound to: 285736960 - type: integer 
	Parameter SSEG_AD bound to: 285999104 - type: integer 
INFO: [Synth 8-6157] synthesizing module 'Otter_MCU' [C:/Users/mjrbr/Otter_MCU_with_CSR/Otter_MCU_with_CSR/Otter_MCU_with_CSR.srcs/sources_1/imports/new/Otter_MCU.v:23]
INFO: [Synth 8-6157] synthesizing module 'CSR' [C:/Users/mjrbr/Otter_MCU_with_CSR/Otter_MCU_with_CSR/Otter_MCU_with_CSR.srcs/sources_1/imports/new/CSR_v1_01.sv:39]
INFO: [Synth 8-155] case statement is not full and has no default [C:/Users/mjrbr/Otter_MCU_with_CSR/Otter_MCU_with_CSR/Otter_MCU_with_CSR.srcs/sources_1/imports/new/CSR_v1_01.sv:72]
INFO: [Synth 8-6155] done synthesizing module 'CSR' (1#1) [C:/Users/mjrbr/Otter_MCU_with_CSR/Otter_MCU_with_CSR/Otter_MCU_with_CSR.srcs/sources_1/imports/new/CSR_v1_01.sv:39]
INFO: [Synth 8-6157] synthesizing module 'mux_8t1_nb' [C:/Users/mjrbr/Otter_MCU_with_CSR/Otter_MCU_with_CSR/Otter_MCU_with_CSR.srcs/sources_1/imports/Master Modules/n-bit 8 to 1 MUX.v:39]
	Parameter n bound to: 32 - type: integer 
INFO: [Synth 8-226] default block is never used [C:/Users/mjrbr/Otter_MCU_with_CSR/Otter_MCU_with_CSR/Otter_MCU_with_CSR.srcs/sources_1/imports/Master Modules/n-bit 8 to 1 MUX.v:48]
INFO: [Synth 8-6155] done synthesizing module 'mux_8t1_nb' (2#1) [C:/Users/mjrbr/Otter_MCU_with_CSR/Otter_MCU_with_CSR/Otter_MCU_with_CSR.srcs/sources_1/imports/Master Modules/n-bit 8 to 1 MUX.v:39]
INFO: [Synth 8-6157] synthesizing module 'PC' [C:/Users/mjrbr/Otter_MCU_with_CSR/Otter_MCU_with_CSR/Otter_MCU_with_CSR.srcs/sources_1/imports/new/PC.v:32]
	Parameter n bound to: 32 - type: integer 
INFO: [Synth 8-6155] done synthesizing module 'PC' (3#1) [C:/Users/mjrbr/Otter_MCU_with_CSR/Otter_MCU_with_CSR/Otter_MCU_with_CSR.srcs/sources_1/imports/new/PC.v:32]
INFO: [Synth 8-6157] synthesizing module 'n_bit_4t1_MUX' [C:/Users/mjrbr/Otter_MCU_with_CSR/Otter_MCU_with_CSR/Otter_MCU_with_CSR.srcs/sources_1/imports/new/n_bit_4t1_MUX.v:42]
	Parameter n bound to: 32 - type: integer 
INFO: [Synth 8-226] default block is never used [C:/Users/mjrbr/Otter_MCU_with_CSR/Otter_MCU_with_CSR/Otter_MCU_with_CSR.srcs/sources_1/imports/new/n_bit_4t1_MUX.v:51]
INFO: [Synth 8-6155] done synthesizing module 'n_bit_4t1_MUX' (4#1) [C:/Users/mjrbr/Otter_MCU_with_CSR/Otter_MCU_with_CSR/Otter_MCU_with_CSR.srcs/sources_1/imports/new/n_bit_4t1_MUX.v:42]
INFO: [Synth 8-6157] synthesizing module 'Memory' [C:/Users/mjrbr/Otter_MCU_with_CSR/Otter_MCU_with_CSR/Otter_MCU_with_CSR.srcs/sources_1/imports/new/otter_memory_v1_05.sv:46]
INFO: [Synth 8-5534] Detected attribute (* rom_style = "{distributed | block}" *) [C:/Users/mjrbr/Otter_MCU_with_CSR/Otter_MCU_with_CSR/Otter_MCU_with_CSR.srcs/sources_1/imports/new/otter_memory_v1_05.sv:68]
INFO: [Synth 8-3876] $readmem data file 'otter_memory.mem' is read successfully [C:/Users/mjrbr/Otter_MCU_with_CSR/Otter_MCU_with_CSR/Otter_MCU_with_CSR.srcs/sources_1/imports/new/otter_memory_v1_05.sv:71]
INFO: [Synth 8-155] case statement is not full and has no default [C:/Users/mjrbr/Otter_MCU_with_CSR/Otter_MCU_with_CSR/Otter_MCU_with_CSR.srcs/sources_1/imports/new/otter_memory_v1_05.sv:93]
INFO: [Synth 8-5772] Detected attribute (* ram_decomp = "power" *) on RAM memory_reg 
INFO: [Synth 8-6155] done synthesizing module 'Memory' (5#1) [C:/Users/mjrbr/Otter_MCU_with_CSR/Otter_MCU_with_CSR/Otter_MCU_with_CSR.srcs/sources_1/imports/new/otter_memory_v1_05.sv:46]
INFO: [Synth 8-6157] synthesizing module 'RegFile' [C:/Users/mjrbr/Otter_MCU_with_CSR/Otter_MCU_with_CSR/Otter_MCU_with_CSR.srcs/sources_1/imports/new/reg_file_v_1_00.sv:33]
INFO: [Synth 8-6155] done synthesizing module 'RegFile' (6#1) [C:/Users/mjrbr/Otter_MCU_with_CSR/Otter_MCU_with_CSR/Otter_MCU_with_CSR.srcs/sources_1/imports/new/reg_file_v_1_00.sv:33]
INFO: [Synth 8-6157] synthesizing module 'Immed_Gen' [C:/Users/mjrbr/Otter_MCU_with_CSR/Otter_MCU_with_CSR/Otter_MCU_with_CSR.srcs/sources_1/imports/new/Immed_Gen.v:31]
	Parameter n bound to: 32 - type: integer 
INFO: [Synth 8-6155] done synthesizing module 'Immed_Gen' (7#1) [C:/Users/mjrbr/Otter_MCU_with_CSR/Otter_MCU_with_CSR/Otter_MCU_with_CSR.srcs/sources_1/imports/new/Immed_Gen.v:31]
INFO: [Synth 8-6157] synthesizing module 'Branch_Adder_Gen' [C:/Users/mjrbr/Otter_MCU_with_CSR/Otter_MCU_with_CSR/Otter_MCU_with_CSR.srcs/sources_1/imports/new/Branch_Adder_Gen.v:35]
	Parameter n bound to: 32 - type: integer 
INFO: [Synth 8-6155] done synthesizing module 'Branch_Adder_Gen' (8#1) [C:/Users/mjrbr/Otter_MCU_with_CSR/Otter_MCU_with_CSR/Otter_MCU_with_CSR.srcs/sources_1/imports/new/Branch_Adder_Gen.v:35]
INFO: [Synth 8-6157] synthesizing module 'mux_2t1_nb' [C:/Users/mjrbr/Otter_MCU_with_CSR/Otter_MCU_with_CSR/Otter_MCU_with_CSR.srcs/sources_1/imports/new/n-bit 2 to 1 MUX.v:33]
	Parameter n bound to: 32 - type: integer 
INFO: [Synth 8-6155] done synthesizing module 'mux_2t1_nb' (9#1) [C:/Users/mjrbr/Otter_MCU_with_CSR/Otter_MCU_with_CSR/Otter_MCU_with_CSR.srcs/sources_1/imports/new/n-bit 2 to 1 MUX.v:33]
INFO: [Synth 8-6157] synthesizing module 'ALU' [C:/Users/mjrbr/Otter_MCU_with_CSR/Otter_MCU_with_CSR/Otter_MCU_with_CSR.srcs/sources_1/imports/new/ALU.sv:30]
WARNING: [Synth 8-567] referenced signal 'ALU_OP' should be on the sensitivity list [C:/Users/mjrbr/Otter_MCU_with_CSR/Otter_MCU_with_CSR/Otter_MCU_with_CSR.srcs/sources_1/imports/new/ALU.sv:55]
INFO: [Synth 8-6155] done synthesizing module 'ALU' (10#1) [C:/Users/mjrbr/Otter_MCU_with_CSR/Otter_MCU_with_CSR/Otter_MCU_with_CSR.srcs/sources_1/imports/new/ALU.sv:30]
INFO: [Synth 8-6157] synthesizing module 'Branch_Cond_Gen' [C:/Users/mjrbr/Otter_MCU_with_CSR/Otter_MCU_with_CSR/Otter_MCU_with_CSR.srcs/sources_1/imports/new/Branch_Cond_Gen.v:29]
	Parameter n bound to: 32 - type: integer 
INFO: [Synth 8-6155] done synthesizing module 'Branch_Cond_Gen' (11#1) [C:/Users/mjrbr/Otter_MCU_with_CSR/Otter_MCU_with_CSR/Otter_MCU_with_CSR.srcs/sources_1/imports/new/Branch_Cond_Gen.v:29]
INFO: [Synth 8-6157] synthesizing module 'CU_DCDR' [C:/Users/mjrbr/Otter_MCU_with_CSR/Otter_MCU_with_CSR/Otter_MCU_with_CSR.srcs/sources_1/imports/new/CU_Decoder_full.sv:38]
INFO: [Synth 8-155] case statement is not full and has no default [C:/Users/mjrbr/Otter_MCU_with_CSR/Otter_MCU_with_CSR/Otter_MCU_with_CSR.srcs/sources_1/imports/new/CU_Decoder_full.sv:115]
WARNING: [Synth 8-6090] variable 'alu_fun' is written by both blocking and non-blocking assignments, entire logic could be removed [C:/Users/mjrbr/Otter_MCU_with_CSR/Otter_MCU_with_CSR/Otter_MCU_with_CSR.srcs/sources_1/imports/new/CU_Decoder_full.sv:128]
WARNING: [Synth 8-6090] variable 'alu_fun' is written by both blocking and non-blocking assignments, entire logic could be removed [C:/Users/mjrbr/Otter_MCU_with_CSR/Otter_MCU_with_CSR/Otter_MCU_with_CSR.srcs/sources_1/imports/new/CU_Decoder_full.sv:129]
INFO: [Synth 8-155] case statement is not full and has no default [C:/Users/mjrbr/Otter_MCU_with_CSR/Otter_MCU_with_CSR/Otter_MCU_with_CSR.srcs/sources_1/imports/new/CU_Decoder_full.sv:95]
INFO: [Synth 8-6155] done synthesizing module 'CU_DCDR' (12#1) [C:/Users/mjrbr/Otter_MCU_with_CSR/Otter_MCU_with_CSR/Otter_MCU_with_CSR.srcs/sources_1/imports/new/CU_Decoder_full.sv:38]
INFO: [Synth 8-6157] synthesizing module 'CU_FSM' [C:/Users/mjrbr/Otter_MCU_with_CSR/Otter_MCU_with_CSR/Otter_MCU_with_CSR.srcs/sources_1/imports/new/CU_FSM_full.sv:40]
INFO: [Synth 8-226] default block is never used [C:/Users/mjrbr/Otter_MCU_with_CSR/Otter_MCU_with_CSR/Otter_MCU_with_CSR.srcs/sources_1/imports/new/CU_FSM_full.sv:125]
WARNING: [Synth 8-87] always_comb on 'NS_reg' did not result in combinational logic [C:/Users/mjrbr/Otter_MCU_with_CSR/Otter_MCU_with_CSR/Otter_MCU_with_CSR.srcs/sources_1/imports/new/CU_FSM_full.sv:129]
INFO: [Synth 8-6155] done synthesizing module 'CU_FSM' (13#1) [C:/Users/mjrbr/Otter_MCU_with_CSR/Otter_MCU_with_CSR/Otter_MCU_with_CSR.srcs/sources_1/imports/new/CU_FSM_full.sv:40]
INFO: [Synth 8-5772] Detected attribute (* ram_decomp = "power" *) on RAM memory_reg 
INFO: [Synth 8-6155] done synthesizing module 'Otter_MCU' (14#1) [C:/Users/mjrbr/Otter_MCU_with_CSR/Otter_MCU_with_CSR/Otter_MCU_with_CSR.srcs/sources_1/imports/new/Otter_MCU.v:23]
INFO: [Synth 8-6157] synthesizing module 'SevSegDisp' [C:/Users/mjrbr/Otter_MCU_with_CSR/Otter_MCU_with_CSR/Otter_MCU_with_CSR.srcs/sources_1/imports/new/SevSegDisp.sv:23]
INFO: [Synth 8-6157] synthesizing module 'BCD' [C:/Users/mjrbr/Otter_MCU_with_CSR/Otter_MCU_with_CSR/Otter_MCU_with_CSR.srcs/sources_1/imports/new/BCD.sv:18]
INFO: [Synth 8-6155] done synthesizing module 'BCD' (15#1) [C:/Users/mjrbr/Otter_MCU_with_CSR/Otter_MCU_with_CSR/Otter_MCU_with_CSR.srcs/sources_1/imports/new/BCD.sv:18]
INFO: [Synth 8-6157] synthesizing module 'CathodeDriver' [C:/Users/mjrbr/Otter_MCU_with_CSR/Otter_MCU_with_CSR/Otter_MCU_with_CSR.srcs/sources_1/imports/new/CathodeDriver.sv:22]
INFO: [Synth 8-226] default block is never used [C:/Users/mjrbr/Otter_MCU_with_CSR/Otter_MCU_with_CSR/Otter_MCU_with_CSR.srcs/sources_1/imports/new/CathodeDriver.sv:46]
INFO: [Synth 8-226] default block is never used [C:/Users/mjrbr/Otter_MCU_with_CSR/Otter_MCU_with_CSR/Otter_MCU_with_CSR.srcs/sources_1/imports/new/CathodeDriver.sv:49]
INFO: [Synth 8-226] default block is never used [C:/Users/mjrbr/Otter_MCU_with_CSR/Otter_MCU_with_CSR/Otter_MCU_with_CSR.srcs/sources_1/imports/new/CathodeDriver.sv:71]
INFO: [Synth 8-226] default block is never used [C:/Users/mjrbr/Otter_MCU_with_CSR/Otter_MCU_with_CSR/Otter_MCU_with_CSR.srcs/sources_1/imports/new/CathodeDriver.sv:93]
INFO: [Synth 8-226] default block is never used [C:/Users/mjrbr/Otter_MCU_with_CSR/Otter_MCU_with_CSR/Otter_MCU_with_CSR.srcs/sources_1/imports/new/CathodeDriver.sv:115]
INFO: [Synth 8-6155] done synthesizing module 'CathodeDriver' (16#1) [C:/Users/mjrbr/Otter_MCU_with_CSR/Otter_MCU_with_CSR/Otter_MCU_with_CSR.srcs/sources_1/imports/new/CathodeDriver.sv:22]
INFO: [Synth 8-6155] done synthesizing module 'SevSegDisp' (17#1) [C:/Users/mjrbr/Otter_MCU_with_CSR/Otter_MCU_with_CSR/Otter_MCU_with_CSR.srcs/sources_1/imports/new/SevSegDisp.sv:23]
INFO: [Synth 8-6157] synthesizing module 'debounce_one_shot' [C:/Users/mjrbr/Otter_MCU_with_CSR/Otter_MCU_with_CSR/Otter_MCU_with_CSR.srcs/sources_1/imports/new/debounce_one_shot.sv:24]
INFO: [Synth 8-6155] done synthesizing module 'debounce_one_shot' (18#1) [C:/Users/mjrbr/Otter_MCU_with_CSR/Otter_MCU_with_CSR/Otter_MCU_with_CSR.srcs/sources_1/imports/new/debounce_one_shot.sv:24]
INFO: [Synth 8-6157] synthesizing module 'CLK_DIV_FS' [C:/Users/mjrbr/Otter_MCU_with_CSR/Otter_MCU_with_CSR/Otter_MCU_with_CSR.srcs/sources_1/imports/new/CLK_DIV_FS.v:5]
INFO: [Synth 8-6155] done synthesizing module 'CLK_DIV_FS' (19#1) [C:/Users/mjrbr/Otter_MCU_with_CSR/Otter_MCU_with_CSR/Otter_MCU_with_CSR.srcs/sources_1/imports/new/CLK_DIV_FS.v:5]
INFO: [Synth 8-155] case statement is not full and has no default [C:/Users/mjrbr/Otter_MCU_with_CSR/Otter_MCU_with_CSR/Otter_MCU_with_CSR.srcs/sources_1/imports/new/OTTER_Wrapper_v1_04.sv:86]
INFO: [Synth 8-5772] Detected attribute (* ram_decomp = "power" *) on RAM memory_reg 
INFO: [Synth 8-6155] done synthesizing module 'OTTER_Wrapper' (20#1) [C:/Users/mjrbr/Otter_MCU_with_CSR/Otter_MCU_with_CSR/Otter_MCU_with_CSR.srcs/sources_1/imports/new/OTTER_Wrapper_v1_04.sv:15]
WARNING: [Synth 8-3331] design CU_FSM has unconnected port funct3[2]
WARNING: [Synth 8-3331] design CU_FSM has unconnected port funct3[1]
WARNING: [Synth 8-3331] design CU_FSM has unconnected port funct3[0]
WARNING: [Synth 8-3331] design CU_DCDR has unconnected port func7[6]
WARNING: [Synth 8-3331] design CU_DCDR has unconnected port func7[4]
WARNING: [Synth 8-3331] design CU_DCDR has unconnected port func7[3]
WARNING: [Synth 8-3331] design CU_DCDR has unconnected port func7[2]
WARNING: [Synth 8-3331] design CU_DCDR has unconnected port func7[1]
WARNING: [Synth 8-3331] design CU_DCDR has unconnected port func7[0]
WARNING: [Synth 8-3331] design Immed_Gen has unconnected port ir[6]
WARNING: [Synth 8-3331] design Immed_Gen has unconnected port ir[5]
WARNING: [Synth 8-3331] design Immed_Gen has unconnected port ir[4]
WARNING: [Synth 8-3331] design Immed_Gen has unconnected port ir[3]
WARNING: [Synth 8-3331] design Immed_Gen has unconnected port ir[2]
WARNING: [Synth 8-3331] design Immed_Gen has unconnected port ir[1]
WARNING: [Synth 8-3331] design Immed_Gen has unconnected port ir[0]
---------------------------------------------------------------------------------
Finished Synthesize : Time (s): cpu = 00:00:04 ; elapsed = 00:00:05 . Memory (MB): peak = 639.957 ; gain = 310.137
---------------------------------------------------------------------------------
---------------------------------------------------------------------------------
Finished Constraint Validation : Time (s): cpu = 00:00:05 ; elapsed = 00:00:05 . Memory (MB): peak = 639.957 ; gain = 310.137
---------------------------------------------------------------------------------
---------------------------------------------------------------------------------
Start Loading Part and Timing Information
---------------------------------------------------------------------------------
Loading part: xc7a35tcpg236-1
---------------------------------------------------------------------------------
Finished Loading Part and Timing Information : Time (s): cpu = 00:00:05 ; elapsed = 00:00:05 . Memory (MB): peak = 639.957 ; gain = 310.137
---------------------------------------------------------------------------------
INFO: [Device 21-403] Loading part xc7a35tcpg236-1
INFO: [Synth 8-5546] ROM "alu_srcA" won't be mapped to RAM because it is too sparse
INFO: [Synth 8-5587] ROM size for "alu_srcB" is below threshold of ROM address width. It will be mapped to LUTs
INFO: [Synth 8-5587] ROM size for "rf_wr_sel" is below threshold of ROM address width. It will be mapped to LUTs
INFO: [Synth 8-5546] ROM "pcWrite" won't be mapped to RAM because it is too sparse
INFO: [Synth 8-5587] ROM size for "regWrite" is below threshold of ROM address width. It will be mapped to LUTs
INFO: [Synth 8-5546] ROM "memWE2" won't be mapped to RAM because it is too sparse
INFO: [Synth 8-5546] ROM "memRDEN2" won't be mapped to RAM because it is too sparse
INFO: [Synth 8-5546] ROM "csr_WE" won't be mapped to RAM because it is too sparse
INFO: [Synth 8-5546] ROM "NS" won't be mapped to RAM because it is too sparse
INFO: [Synth 8-802] inferred FSM for state register 'PS_reg' in module 'debounce_one_shot'
INFO: [Synth 8-7030] Implemented Non-Cascaded Block Ram (cascade_height = 1) of width 32 for RAM "Memory:/memory_reg"
INFO: [Synth 8-7030] Implemented Non-Cascaded Block Ram (cascade_height = 1) of width 32 for RAM "Memory:/memory_reg"
INFO: [Synth 8-7030] Implemented Non-Cascaded Block Ram (cascade_height = 1) of width 32 for RAM "Memory:/memory_reg"
INFO: [Synth 8-7030] Implemented Non-Cascaded Block Ram (cascade_height = 1) of width 32 for RAM "Memory:/memory_reg"
INFO: [Synth 8-7030] Implemented Non-Cascaded Block Ram (cascade_height = 1) of width 32 for RAM "Memory:/memory_reg"
INFO: [Synth 8-7030] Implemented Non-Cascaded Block Ram (cascade_height = 1) of width 32 for RAM "Memory:/memory_reg"
INFO: [Synth 8-7030] Implemented Non-Cascaded Block Ram (cascade_height = 1) of width 32 for RAM "Memory:/memory_reg"
INFO: [Synth 8-7030] Implemented Non-Cascaded Block Ram (cascade_height = 1) of width 32 for RAM "Memory:/memory_reg"
INFO: [Synth 8-7030] Implemented Non-Cascaded Block Ram (cascade_height = 1) of width 32 for RAM "Memory:/memory_reg"
INFO: [Synth 8-7030] Implemented Non-Cascaded Block Ram (cascade_height = 1) of width 32 for RAM "Memory:/memory_reg"
INFO: [Synth 8-7030] Implemented Non-Cascaded Block Ram (cascade_height = 1) of width 32 for RAM "Memory:/memory_reg"
INFO: [Synth 8-7030] Implemented Non-Cascaded Block Ram (cascade_height = 1) of width 32 for RAM "Memory:/memory_reg"
INFO: [Synth 8-7030] Implemented Non-Cascaded Block Ram (cascade_height = 1) of width 32 for RAM "Memory:/memory_reg"
INFO: [Synth 8-7030] Implemented Non-Cascaded Block Ram (cascade_height = 1) of width 32 for RAM "Memory:/memory_reg"
INFO: [Synth 8-7030] Implemented Non-Cascaded Block Ram (cascade_height = 1) of width 32 for RAM "Memory:/memory_reg"
INFO: [Synth 8-7030] Implemented Non-Cascaded Block Ram (cascade_height = 1) of width 32 for RAM "Memory:/memory_reg"
WARNING: [Synth 8-327] inferring latch for variable 'NS_reg' [C:/Users/mjrbr/Otter_MCU_with_CSR/Otter_MCU_with_CSR/Otter_MCU_with_CSR.srcs/sources_1/imports/new/CU_FSM_full.sv:129]
---------------------------------------------------------------------------------------------------
                   State |                     New Encoding |                Previous Encoding 
---------------------------------------------------------------------------------------------------
                 ST_init |                              000 | 00000000000000000000000000000000
              ST_BTN_low |                              001 | 00000000000000000000000000000001
      ST_BTN_low_to_high |                              010 | 00000000000000000000000000000010
             ST_BTN_high |                              011 | 00000000000000000000000000000011
      ST_BTN_high_to_low |                              100 | 00000000000000000000000000000100
             ST_one_shot |                              101 | 00000000000000000000000000000101
---------------------------------------------------------------------------------------------------
INFO: [Synth 8-3354] encoded FSM with state register 'PS_reg' using encoding 'sequential' in module 'debounce_one_shot'
---------------------------------------------------------------------------------
Finished RTL Optimization Phase 2 : Time (s): cpu = 00:00:06 ; elapsed = 00:00:06 . Memory (MB): peak = 639.957 ; gain = 310.137
---------------------------------------------------------------------------------

Report RTL Partitions: 
+-+--------------+------------+----------+
| |RTL Partition |Replication |Instances |
+-+--------------+------------+----------+
+-+--------------+------------+----------+
No constraint files found.
---------------------------------------------------------------------------------
Start RTL Component Statistics 
---------------------------------------------------------------------------------
Detailed RTL Component Info : 
+---Adders : 
	   2 Input     32 Bit       Adders := 6     
	   3 Input     32 Bit       Adders := 1     
	   2 Input     20 Bit       Adders := 1     
	   2 Input      8 Bit       Adders := 1     
	   2 Input      4 Bit       Adders := 34    
	   2 Input      3 Bit       Adders := 7     
	   2 Input      2 Bit       Adders := 1     
+---XORs : 
	   2 Input     32 Bit         XORs := 1     
+---Registers : 
	               32 Bit    Registers := 7     
	               16 Bit    Registers := 2     
	                8 Bit    Registers := 2     
	                4 Bit    Registers := 1     
	                2 Bit    Registers := 2     
	                1 Bit    Registers := 3     
+---RAMs : 
	             512K Bit         RAMs := 1     
	             1024 Bit         RAMs := 1     
+---Muxes : 
	   4 Input     32 Bit        Muxes := 4     
	   2 Input     32 Bit        Muxes := 8     
	   9 Input     32 Bit        Muxes := 2     
	  16 Input     32 Bit        Muxes := 1     
	   3 Input     32 Bit        Muxes := 1     
	   2 Input     16 Bit        Muxes := 1     
	  19 Input      8 Bit        Muxes := 1     
	   2 Input      8 Bit        Muxes := 1     
	  11 Input      4 Bit        Muxes := 1     
	   2 Input      4 Bit        Muxes := 30    
	   4 Input      4 Bit        Muxes := 1     
	   2 Input      3 Bit        Muxes := 13    
	  11 Input      3 Bit        Muxes := 1     
	   6 Input      3 Bit        Muxes := 1     
	  11 Input      2 Bit        Muxes := 3     
	   4 Input      2 Bit        Muxes := 1     
	   4 Input      1 Bit        Muxes := 6     
	   2 Input      1 Bit        Muxes := 15    
	   9 Input      1 Bit        Muxes := 1     
	  11 Input      1 Bit        Muxes := 1     
	  14 Input      1 Bit        Muxes := 6     
	   3 Input      1 Bit        Muxes := 2     
	   6 Input      1 Bit        Muxes := 3     
---------------------------------------------------------------------------------
Finished RTL Component Statistics 
---------------------------------------------------------------------------------
---------------------------------------------------------------------------------
Start RTL Hierarchical Component Statistics 
---------------------------------------------------------------------------------
Hierarchical RTL Component report 
Module OTTER_Wrapper 
Detailed RTL Component Info : 
+---Registers : 
	               16 Bit    Registers := 2     
+---Muxes : 
	   2 Input      1 Bit        Muxes := 2     
Module CSR 
Detailed RTL Component Info : 
+---Registers : 
	               32 Bit    Registers := 2     
	                1 Bit    Registers := 1     
+---Muxes : 
	   4 Input     32 Bit        Muxes := 2     
	   2 Input     32 Bit        Muxes := 6     
	   4 Input      1 Bit        Muxes := 4     
	   2 Input      1 Bit        Muxes := 8     
Module PC 
Detailed RTL Component Info : 
+---Registers : 
	               32 Bit    Registers := 1     
Module n_bit_4t1_MUX 
Detailed RTL Component Info : 
+---Muxes : 
	   4 Input     32 Bit        Muxes := 1     
Module Memory 
Detailed RTL Component Info : 
+---Registers : 
	               32 Bit    Registers := 3     
+---RAMs : 
	             512K Bit         RAMs := 1     
+---Muxes : 
	   9 Input     32 Bit        Muxes := 2     
	  16 Input     32 Bit        Muxes := 1     
	   2 Input     32 Bit        Muxes := 1     
	   9 Input      1 Bit        Muxes := 1     
Module RegFile 
Detailed RTL Component Info : 
+---RAMs : 
	             1024 Bit         RAMs := 1     
Module Branch_Adder_Gen 
Detailed RTL Component Info : 
+---Adders : 
	   2 Input     32 Bit       Adders := 3     
Module mux_2t1_nb 
Detailed RTL Component Info : 
+---Muxes : 
	   3 Input     32 Bit        Muxes := 1     
Module ALU 
Detailed RTL Component Info : 
+---Adders : 
	   2 Input     32 Bit       Adders := 1     
	   3 Input     32 Bit       Adders := 1     
+---XORs : 
	   2 Input     32 Bit         XORs := 1     
Module CU_DCDR 
Detailed RTL Component Info : 
+---Muxes : 
	  11 Input      4 Bit        Muxes := 1     
	   2 Input      3 Bit        Muxes := 2     
	  11 Input      3 Bit        Muxes := 1     
	  11 Input      2 Bit        Muxes := 2     
	  11 Input      1 Bit        Muxes := 1     
Module CU_FSM 
Detailed RTL Component Info : 
+---Registers : 
	                2 Bit    Registers := 1     
+---Muxes : 
	  11 Input      2 Bit        Muxes := 1     
	   4 Input      2 Bit        Muxes := 1     
	  14 Input      1 Bit        Muxes := 6     
	   4 Input      1 Bit        Muxes := 2     
Module Otter_MCU 
Detailed RTL Component Info : 
+---Adders : 
	   2 Input     32 Bit       Adders := 1     
Module BCD 
Detailed RTL Component Info : 
+---Adders : 
	   2 Input      4 Bit       Adders := 34    
	   2 Input      3 Bit       Adders := 7     
+---Muxes : 
	   2 Input      4 Bit        Muxes := 30    
	   2 Input      3 Bit        Muxes := 4     
Module CathodeDriver 
Detailed RTL Component Info : 
+---Adders : 
	   2 Input     20 Bit       Adders := 1     
	   2 Input      2 Bit       Adders := 1     
+---Registers : 
	                8 Bit    Registers := 1     
	                4 Bit    Registers := 1     
	                2 Bit    Registers := 1     
	                1 Bit    Registers := 1     
+---Muxes : 
	  19 Input      8 Bit        Muxes := 1     
	   4 Input      4 Bit        Muxes := 1     
Module SevSegDisp 
Detailed RTL Component Info : 
+---Muxes : 
	   2 Input     16 Bit        Muxes := 1     
Module debounce_one_shot 
Detailed RTL Component Info : 
+---Adders : 
	   2 Input      8 Bit       Adders := 1     
+---Registers : 
	                8 Bit    Registers := 1     
+---Muxes : 
	   2 Input      8 Bit        Muxes := 1     
	   6 Input      3 Bit        Muxes := 1     
	   2 Input      3 Bit        Muxes := 7     
	   2 Input      1 Bit        Muxes := 5     
	   3 Input      1 Bit        Muxes := 2     
	   6 Input      1 Bit        Muxes := 3     
Module CLK_DIV_FS 
Detailed RTL Component Info : 
+---Adders : 
	   2 Input     32 Bit       Adders := 1     
+---Registers : 
	               32 Bit    Registers := 1     
	                1 Bit    Registers := 1     
+---Muxes : 
	   2 Input     32 Bit        Muxes := 1     
---------------------------------------------------------------------------------
Finished RTL Hierarchical Component Statistics
---------------------------------------------------------------------------------
---------------------------------------------------------------------------------
Start Part Resource Summary
---------------------------------------------------------------------------------
Part Resources:
DSPs: 90 (col length:60)
BRAMs: 100 (col length: RAMB18 60 RAMB36 30)
---------------------------------------------------------------------------------
Finished Part Resource Summary
---------------------------------------------------------------------------------
No constraint files found.
---------------------------------------------------------------------------------
Start Cross Boundary and Area Optimization
---------------------------------------------------------------------------------
Warning: Parallel synthesis criteria is not met 
INFO: [Synth 8-5546] ROM "CU_DCDR_OTTER/alu_srcA" won't be mapped to RAM because it is too sparse
INFO: [Synth 8-5587] ROM size for "CU_DCDR_OTTER/alu_srcB" is below threshold of ROM address width. It will be mapped to LUTs
INFO: [Synth 8-5587] ROM size for "CU_DCDR_OTTER/rf_wr_sel" is below threshold of ROM address width. It will be mapped to LUTs
INFO: [Synth 8-7030] Implemented Non-Cascaded Block Ram (cascade_height = 1) of width 32 for RAM "Otter_MCU/MEMORY_OTTER/memory_reg"
INFO: [Synth 8-7030] Implemented Non-Cascaded Block Ram (cascade_height = 1) of width 32 for RAM "Otter_MCU/MEMORY_OTTER/memory_reg"
INFO: [Synth 8-7030] Implemented Non-Cascaded Block Ram (cascade_height = 1) of width 32 for RAM "Otter_MCU/MEMORY_OTTER/memory_reg"
INFO: [Synth 8-7030] Implemented Non-Cascaded Block Ram (cascade_height = 1) of width 32 for RAM "Otter_MCU/MEMORY_OTTER/memory_reg"
INFO: [Synth 8-7030] Implemented Non-Cascaded Block Ram (cascade_height = 1) of width 32 for RAM "Otter_MCU/MEMORY_OTTER/memory_reg"
INFO: [Synth 8-7030] Implemented Non-Cascaded Block Ram (cascade_height = 1) of width 32 for RAM "Otter_MCU/MEMORY_OTTER/memory_reg"
INFO: [Synth 8-7030] Implemented Non-Cascaded Block Ram (cascade_height = 1) of width 32 for RAM "Otter_MCU/MEMORY_OTTER/memory_reg"
INFO: [Synth 8-7030] Implemented Non-Cascaded Block Ram (cascade_height = 1) of width 32 for RAM "Otter_MCU/MEMORY_OTTER/memory_reg"
INFO: [Synth 8-7030] Implemented Non-Cascaded Block Ram (cascade_height = 1) of width 32 for RAM "Otter_MCU/MEMORY_OTTER/memory_reg"
INFO: [Synth 8-7030] Implemented Non-Cascaded Block Ram (cascade_height = 1) of width 32 for RAM "Otter_MCU/MEMORY_OTTER/memory_reg"
INFO: [Synth 8-7030] Implemented Non-Cascaded Block Ram (cascade_height = 1) of width 32 for RAM "Otter_MCU/MEMORY_OTTER/memory_reg"
INFO: [Synth 8-7030] Implemented Non-Cascaded Block Ram (cascade_height = 1) of width 32 for RAM "Otter_MCU/MEMORY_OTTER/memory_reg"
INFO: [Synth 8-7030] Implemented Non-Cascaded Block Ram (cascade_height = 1) of width 32 for RAM "Otter_MCU/MEMORY_OTTER/memory_reg"
INFO: [Synth 8-7030] Implemented Non-Cascaded Block Ram (cascade_height = 1) of width 32 for RAM "Otter_MCU/MEMORY_OTTER/memory_reg"
INFO: [Synth 8-7030] Implemented Non-Cascaded Block Ram (cascade_height = 1) of width 32 for RAM "Otter_MCU/MEMORY_OTTER/memory_reg"
INFO: [Synth 8-7030] Implemented Non-Cascaded Block Ram (cascade_height = 1) of width 32 for RAM "Otter_MCU/MEMORY_OTTER/memory_reg"
INFO: [Synth 8-3886] merging instance 'Otter_MCU/MEMORY_OTTER/ioBuffer_reg[30]' (FDE) to 'Otter_MCU/MEMORY_OTTER/ioBuffer_reg[16]'
INFO: [Synth 8-3886] merging instance 'Otter_MCU/MEMORY_OTTER/ioBuffer_reg[31]' (FDE) to 'Otter_MCU/MEMORY_OTTER/ioBuffer_reg[16]'
INFO: [Synth 8-3886] merging instance 'Otter_MCU/MEMORY_OTTER/ioBuffer_reg[28]' (FDE) to 'Otter_MCU/MEMORY_OTTER/ioBuffer_reg[16]'
INFO: [Synth 8-3886] merging instance 'Otter_MCU/MEMORY_OTTER/ioBuffer_reg[29]' (FDE) to 'Otter_MCU/MEMORY_OTTER/ioBuffer_reg[16]'
INFO: [Synth 8-3886] merging instance 'Otter_MCU/MEMORY_OTTER/ioBuffer_reg[26]' (FDE) to 'Otter_MCU/MEMORY_OTTER/ioBuffer_reg[16]'
INFO: [Synth 8-3886] merging instance 'Otter_MCU/MEMORY_OTTER/ioBuffer_reg[27]' (FDE) to 'Otter_MCU/MEMORY_OTTER/ioBuffer_reg[16]'
INFO: [Synth 8-3886] merging instance 'Otter_MCU/MEMORY_OTTER/ioBuffer_reg[24]' (FDE) to 'Otter_MCU/MEMORY_OTTER/ioBuffer_reg[16]'
INFO: [Synth 8-3886] merging instance 'Otter_MCU/MEMORY_OTTER/ioBuffer_reg[25]' (FDE) to 'Otter_MCU/MEMORY_OTTER/ioBuffer_reg[16]'
INFO: [Synth 8-3886] merging instance 'Otter_MCU/MEMORY_OTTER/ioBuffer_reg[16]' (FDE) to 'Otter_MCU/MEMORY_OTTER/ioBuffer_reg[17]'
INFO: [Synth 8-3886] merging instance 'Otter_MCU/MEMORY_OTTER/ioBuffer_reg[17]' (FDE) to 'Otter_MCU/MEMORY_OTTER/ioBuffer_reg[18]'
INFO: [Synth 8-3886] merging instance 'Otter_MCU/MEMORY_OTTER/ioBuffer_reg[22]' (FDE) to 'Otter_MCU/MEMORY_OTTER/ioBuffer_reg[18]'
INFO: [Synth 8-3886] merging instance 'Otter_MCU/MEMORY_OTTER/ioBuffer_reg[23]' (FDE) to 'Otter_MCU/MEMORY_OTTER/ioBuffer_reg[18]'
INFO: [Synth 8-3886] merging instance 'Otter_MCU/MEMORY_OTTER/ioBuffer_reg[20]' (FDE) to 'Otter_MCU/MEMORY_OTTER/ioBuffer_reg[18]'
INFO: [Synth 8-3886] merging instance 'Otter_MCU/MEMORY_OTTER/ioBuffer_reg[21]' (FDE) to 'Otter_MCU/MEMORY_OTTER/ioBuffer_reg[18]'
INFO: [Synth 8-3886] merging instance 'Otter_MCU/MEMORY_OTTER/ioBuffer_reg[18]' (FDE) to 'Otter_MCU/MEMORY_OTTER/ioBuffer_reg[19]'
INFO: [Synth 8-3333] propagating constant 0 across sequential element (Otter_MCU/\MEMORY_OTTER/ioBuffer_reg[19] )
INFO: [Synth 8-3333] propagating constant 1 across sequential element (\SSG_DISP/CathMod/CATHODES_reg[7] )
---------------------------------------------------------------------------------
Finished Cross Boundary and Area Optimization : Time (s): cpu = 00:00:21 ; elapsed = 00:00:21 . Memory (MB): peak = 967.871 ; gain = 638.051
---------------------------------------------------------------------------------
---------------------------------------------------------------------------------
Start ROM, RAM, DSP and Shift Register Reporting
---------------------------------------------------------------------------------

Block RAM: Preliminary Mapping	Report (see note below)
+------------+-------------------------+------------------------+---+---+------------------------+---+---+------------------+--------+--------+
|Module Name | RTL Object              | PORT A (Depth x Width) | W | R | PORT B (Depth x Width) | W | R | Ports driving FF | RAMB18 | RAMB36 | 
+------------+-------------------------+------------------------+---+---+------------------------+---+---+------------------+--------+--------+
|Otter_MCU   | MEMORY_OTTER/memory_reg | 16 K x 32(READ_FIRST)  | W | R | 16 K x 32(WRITE_FIRST) |   | R | Port A and B     | 0      | 16     | 
+------------+-------------------------+------------------------+---+---+------------------------+---+---+------------------+--------+--------+

Note: The table above is a preliminary report that shows the Block RAMs at the current stage of the synthesis flow. Some Block RAMs may be reimplemented as non Block RAM primitives later in the synthesis flow. Multiple instantiated Block RAMs are reported only once. 

Distributed RAM: Preliminary Mapping	Report (see note below)
+------------+-----------------------+-----------+----------------------+--------------+
|Module Name | RTL Object            | Inference | Size (Depth x Width) | Primitives   | 
+------------+-----------------------+-----------+----------------------+--------------+
|Otter_MCU   | RF_OTTER/reg_file_reg | Implied   | 32 x 32              | RAM32M x 12	 | 
+------------+-----------------------+-----------+----------------------+--------------+

Note: The table above is a preliminary report that shows the Distributed RAMs at the current stage of the synthesis flow. Some Distributed RAMs may be reimplemented as non Distributed RAM primitives later in the synthesis flow. Multiple instantiated RAMs are reported only once.
---------------------------------------------------------------------------------
Finished ROM, RAM, DSP and Shift Register Reporting
---------------------------------------------------------------------------------

Report RTL Partitions: 
+-+--------------+------------+----------+
| |RTL Partition |Replication |Instances |
+-+--------------+------------+----------+
+-+--------------+------------+----------+
No constraint files found.
---------------------------------------------------------------------------------
Start Timing Optimization
---------------------------------------------------------------------------------
---------------------------------------------------------------------------------
Finished Timing Optimization : Time (s): cpu = 00:00:21 ; elapsed = 00:00:21 . Memory (MB): peak = 967.871 ; gain = 638.051
---------------------------------------------------------------------------------
---------------------------------------------------------------------------------
Start ROM, RAM, DSP and Shift Register Reporting
---------------------------------------------------------------------------------

Block RAM: Final Mapping	Report
+------------+-------------------------+------------------------+---+---+------------------------+---+---+------------------+--------+--------+
|Module Name | RTL Object              | PORT A (Depth x Width) | W | R | PORT B (Depth x Width) | W | R | Ports driving FF | RAMB18 | RAMB36 | 
+------------+-------------------------+------------------------+---+---+------------------------+---+---+------------------+--------+--------+
|Otter_MCU   | MEMORY_OTTER/memory_reg | 16 K x 32(READ_FIRST)  | W | R | 16 K x 32(WRITE_FIRST) |   | R | Port A and B     | 0      | 16     | 
+------------+-------------------------+------------------------+---+---+------------------------+---+---+------------------+--------+--------+


Distributed RAM: Final Mapping	Report
+------------+-----------------------+-----------+----------------------+--------------+
|Module Name | RTL Object            | Inference | Size (Depth x Width) | Primitives   | 
+------------+-----------------------+-----------+----------------------+--------------+
|Otter_MCU   | RF_OTTER/reg_file_reg | Implied   | 32 x 32              | RAM32M x 12	 | 
+------------+-----------------------+-----------+----------------------+--------------+

---------------------------------------------------------------------------------
Finished ROM, RAM, DSP and Shift Register Reporting
---------------------------------------------------------------------------------

Report RTL Partitions: 
+-+--------------+------------+----------+
| |RTL Partition |Replication |Instances |
+-+--------------+------------+----------+
+-+--------------+------------+----------+
---------------------------------------------------------------------------------
Start Technology Mapping
---------------------------------------------------------------------------------
INFO: [Synth 8-7053] The timing for the instance Otter_MCU/MEMORY_OTTER/memory_reg_bram_8 (implemented as a Block RAM) might be sub-optimal as no optional output register could be merged into the ram block. Providing additional output register may help in improving timing.
INFO: [Synth 8-7053] The timing for the instance Otter_MCU/MEMORY_OTTER/memory_reg_bram_8 (implemented as a Block RAM) might be sub-optimal as no optional output register could be merged into the ram block. Providing additional output register may help in improving timing.
INFO: [Synth 8-7053] The timing for the instance Otter_MCU/MEMORY_OTTER/memory_reg_bram_9 (implemented as a Block RAM) might be sub-optimal as no optional output register could be merged into the ram block. Providing additional output register may help in improving timing.
INFO: [Synth 8-7053] The timing for the instance Otter_MCU/MEMORY_OTTER/memory_reg_bram_9 (implemented as a Block RAM) might be sub-optimal as no optional output register could be merged into the ram block. Providing additional output register may help in improving timing.
INFO: [Synth 8-7053] The timing for the instance Otter_MCU/MEMORY_OTTER/memory_reg_bram_10 (implemented as a Block RAM) might be sub-optimal as no optional output register could be merged into the ram block. Providing additional output register may help in improving timing.
INFO: [Synth 8-7053] The timing for the instance Otter_MCU/MEMORY_OTTER/memory_reg_bram_10 (implemented as a Block RAM) might be sub-optimal as no optional output register could be merged into the ram block. Providing additional output register may help in improving timing.
INFO: [Synth 8-7053] The timing for the instance Otter_MCU/MEMORY_OTTER/memory_reg_bram_11 (implemented as a Block RAM) might be sub-optimal as no optional output register could be merged into the ram block. Providing additional output register may help in improving timing.
INFO: [Synth 8-7053] The timing for the instance Otter_MCU/MEMORY_OTTER/memory_reg_bram_11 (implemented as a Block RAM) might be sub-optimal as no optional output register could be merged into the ram block. Providing additional output register may help in improving timing.
INFO: [Synth 8-7053] The timing for the instance Otter_MCU/MEMORY_OTTER/memory_reg_bram_12 (implemented as a Block RAM) might be sub-optimal as no optional output register could be merged into the ram block. Providing additional output register may help in improving timing.
INFO: [Synth 8-7053] The timing for the instance Otter_MCU/MEMORY_OTTER/memory_reg_bram_12 (implemented as a Block RAM) might be sub-optimal as no optional output register could be merged into the ram block. Providing additional output register may help in improving timing.
INFO: [Synth 8-7053] The timing for the instance Otter_MCU/MEMORY_OTTER/memory_reg_bram_13 (implemented as a Block RAM) might be sub-optimal as no optional output register could be merged into the ram block. Providing additional output register may help in improving timing.
INFO: [Synth 8-7053] The timing for the instance Otter_MCU/MEMORY_OTTER/memory_reg_bram_13 (implemented as a Block RAM) might be sub-optimal as no optional output register could be merged into the ram block. Providing additional output register may help in improving timing.
INFO: [Synth 8-7053] The timing for the instance Otter_MCU/MEMORY_OTTER/memory_reg_bram_14 (implemented as a Block RAM) might be sub-optimal as no optional output register could be merged into the ram block. Providing additional output register may help in improving timing.
INFO: [Synth 8-7053] The timing for the instance Otter_MCU/MEMORY_OTTER/memory_reg_bram_14 (implemented as a Block RAM) might be sub-optimal as no optional output register could be merged into the ram block. Providing additional output register may help in improving timing.
INFO: [Synth 8-7053] The timing for the instance Otter_MCU/MEMORY_OTTER/memory_reg_bram_15 (implemented as a Block RAM) might be sub-optimal as no optional output register could be merged into the ram block. Providing additional output register may help in improving timing.
INFO: [Synth 8-7053] The timing for the instance Otter_MCU/MEMORY_OTTER/memory_reg_bram_15 (implemented as a Block RAM) might be sub-optimal as no optional output register could be merged into the ram block. Providing additional output register may help in improving timing.
INFO: [Synth 8-7053] The timing for the instance Otter_MCU/MEMORY_OTTER/memory_reg_bram_16 (implemented as a Block RAM) might be sub-optimal as no optional output register could be merged into the ram block. Providing additional output register may help in improving timing.
INFO: [Synth 8-7053] The timing for the instance Otter_MCU/MEMORY_OTTER/memory_reg_bram_16 (implemented as a Block RAM) might be sub-optimal as no optional output register could be merged into the ram block. Providing additional output register may help in improving timing.
INFO: [Synth 8-7053] The timing for the instance Otter_MCU/MEMORY_OTTER/memory_reg_bram_17 (implemented as a Block RAM) might be sub-optimal as no optional output register could be merged into the ram block. Providing additional output register may help in improving timing.
INFO: [Synth 8-7053] The timing for the instance Otter_MCU/MEMORY_OTTER/memory_reg_bram_17 (implemented as a Block RAM) might be sub-optimal as no optional output register could be merged into the ram block. Providing additional output register may help in improving timing.
INFO: [Synth 8-7053] The timing for the instance Otter_MCU/MEMORY_OTTER/memory_reg_bram_18 (implemented as a Block RAM) might be sub-optimal as no optional output register could be merged into the ram block. Providing additional output register may help in improving timing.
INFO: [Synth 8-7053] The timing for the instance Otter_MCU/MEMORY_OTTER/memory_reg_bram_18 (implemented as a Block RAM) might be sub-optimal as no optional output register could be merged into the ram block. Providing additional output register may help in improving timing.
INFO: [Synth 8-7053] The timing for the instance Otter_MCU/MEMORY_OTTER/memory_reg_bram_19 (implemented as a Block RAM) might be sub-optimal as no optional output register could be merged into the ram block. Providing additional output register may help in improving timing.
INFO: [Synth 8-7053] The timing for the instance Otter_MCU/MEMORY_OTTER/memory_reg_bram_19 (implemented as a Block RAM) might be sub-optimal as no optional output register could be merged into the ram block. Providing additional output register may help in improving timing.
INFO: [Synth 8-7053] The timing for the instance Otter_MCU/MEMORY_OTTER/memory_reg_bram_20 (implemented as a Block RAM) might be sub-optimal as no optional output register could be merged into the ram block. Providing additional output register may help in improving timing.
INFO: [Synth 8-7053] The timing for the instance Otter_MCU/MEMORY_OTTER/memory_reg_bram_20 (implemented as a Block RAM) might be sub-optimal as no optional output register could be merged into the ram block. Providing additional output register may help in improving timing.
INFO: [Synth 8-7053] The timing for the instance Otter_MCU/MEMORY_OTTER/memory_reg_bram_21 (implemented as a Block RAM) might be sub-optimal as no optional output register could be merged into the ram block. Providing additional output register may help in improving timing.
INFO: [Synth 8-7053] The timing for the instance Otter_MCU/MEMORY_OTTER/memory_reg_bram_21 (implemented as a Block RAM) might be sub-optimal as no optional output register could be merged into the ram block. Providing additional output register may help in improving timing.
INFO: [Synth 8-7053] The timing for the instance Otter_MCU/MEMORY_OTTER/memory_reg_bram_22 (implemented as a Block RAM) might be sub-optimal as no optional output register could be merged into the ram block. Providing additional output register may help in improving timing.
INFO: [Synth 8-7053] The timing for the instance Otter_MCU/MEMORY_OTTER/memory_reg_bram_22 (implemented as a Block RAM) might be sub-optimal as no optional output register could be merged into the ram block. Providing additional output register may help in improving timing.
INFO: [Synth 8-7053] The timing for the instance Otter_MCU/MEMORY_OTTER/memory_reg_bram_23 (implemented as a Block RAM) might be sub-optimal as no optional output register could be merged into the ram block. Providing additional output register may help in improving timing.
INFO: [Synth 8-7053] The timing for the instance Otter_MCU/MEMORY_OTTER/memory_reg_bram_23 (implemented as a Block RAM) might be sub-optimal as no optional output register could be merged into the ram block. Providing additional output register may help in improving timing.
---------------------------------------------------------------------------------
Finished Technology Mapping : Time (s): cpu = 00:00:22 ; elapsed = 00:00:22 . Memory (MB): peak = 967.871 ; gain = 638.051
---------------------------------------------------------------------------------

Report RTL Partitions: 
+-+--------------+------------+----------+
| |RTL Partition |Replication |Instances |
+-+--------------+------------+----------+
+-+--------------+------------+----------+
---------------------------------------------------------------------------------
Start IO Insertion
---------------------------------------------------------------------------------
---------------------------------------------------------------------------------
Start Flattening Before IO Insertion
---------------------------------------------------------------------------------
---------------------------------------------------------------------------------
Finished Flattening Before IO Insertion
---------------------------------------------------------------------------------
---------------------------------------------------------------------------------
Start Final Netlist Cleanup
---------------------------------------------------------------------------------
---------------------------------------------------------------------------------
Finished Final Netlist Cleanup
---------------------------------------------------------------------------------
---------------------------------------------------------------------------------
Finished IO Insertion : Time (s): cpu = 00:00:26 ; elapsed = 00:00:26 . Memory (MB): peak = 967.871 ; gain = 638.051
---------------------------------------------------------------------------------
---------------------------------------------------------------------------------
Start Renaming Generated Instances
---------------------------------------------------------------------------------
---------------------------------------------------------------------------------
Finished Renaming Generated Instances : Time (s): cpu = 00:00:26 ; elapsed = 00:00:26 . Memory (MB): peak = 967.871 ; gain = 638.051
---------------------------------------------------------------------------------

Report RTL Partitions: 
+-+--------------+------------+----------+
| |RTL Partition |Replication |Instances |
+-+--------------+------------+----------+
+-+--------------+------------+----------+

Report Check Netlist: 
+------+------------------+-------+---------+-------+------------------+
|      |Item              |Errors |Warnings |Status |Description       |
+------+------------------+-------+---------+-------+------------------+
|1     |multi_driven_nets |      0|        0|Passed |Multi driven nets |
+------+------------------+-------+---------+-------+------------------+
---------------------------------------------------------------------------------
Start Rebuilding User Hierarchy
---------------------------------------------------------------------------------
---------------------------------------------------------------------------------
Finished Rebuilding User Hierarchy : Time (s): cpu = 00:00:26 ; elapsed = 00:00:26 . Memory (MB): peak = 967.871 ; gain = 638.051
---------------------------------------------------------------------------------
---------------------------------------------------------------------------------
Start Renaming Generated Ports
---------------------------------------------------------------------------------
---------------------------------------------------------------------------------
Finished Renaming Generated Ports : Time (s): cpu = 00:00:26 ; elapsed = 00:00:26 . Memory (MB): peak = 967.871 ; gain = 638.051
---------------------------------------------------------------------------------
---------------------------------------------------------------------------------
Start Handling Custom Attributes
---------------------------------------------------------------------------------
---------------------------------------------------------------------------------
Finished Handling Custom Attributes : Time (s): cpu = 00:00:26 ; elapsed = 00:00:26 . Memory (MB): peak = 967.871 ; gain = 638.051
---------------------------------------------------------------------------------
---------------------------------------------------------------------------------
Start Renaming Generated Nets
---------------------------------------------------------------------------------
---------------------------------------------------------------------------------
Finished Renaming Generated Nets : Time (s): cpu = 00:00:26 ; elapsed = 00:00:26 . Memory (MB): peak = 967.871 ; gain = 638.051
---------------------------------------------------------------------------------
---------------------------------------------------------------------------------
Start Writing Synthesis Report
---------------------------------------------------------------------------------

Report BlackBoxes: 
+-+--------------+----------+
| |BlackBox name |Instances |
+-+--------------+----------+
+-+--------------+----------+

Report Cell Usage: 
+------+---------+------+
|      |Cell     |Count |
+------+---------+------+
|1     |BUFG     |     2|
|2     |CARRY4   |    85|
|3     |LUT1     |     7|
|4     |LUT2     |   183|
|5     |LUT3     |   116|
|6     |LUT4     |   242|
|7     |LUT5     |   273|
|8     |LUT6     |   836|
|9     |MUXF7    |   135|
|10    |MUXF8    |    64|
|11    |RAM32M   |    12|
|12    |RAMB36E1 |    16|
|13    |FDCE     |    32|
|14    |FDRE     |   230|
|15    |FDSE     |     4|
|16    |LD       |     2|
|17    |IBUF     |    19|
|18    |OBUF     |    28|
+------+---------+------+

Report Instance Areas: 
+------+-----------------+------------------+------+
|      |Instance         |Module            |Cells |
+------+-----------------+------------------+------+
|1     |top              |                  |  2286|
|2     |  DB             |debounce_one_shot |    33|
|3     |  Otter_MCU      |Otter_MCU         |  1999|
|4     |    ALU_OTTER    |ALU               |    24|
|5     |    BAG_OTTER    |Branch_Adder_Gen  |    34|
|6     |    BCG_OTTER    |Branch_Cond_Gen   |    11|
|7     |    CSR_OTTER    |CSR               |    66|
|8     |    CU_FSM_OTTER |CU_FSM            |    42|
|9     |    MCU_PC_OTTER |PC                |   110|
|10    |    MEMORY_OTTER |Memory            |  1564|
|11    |    RF_OTTER     |RegFile           |   148|
|12    |  SSG_DISP       |SevSegDisp        |    88|
|13    |    CathMod      |CathodeDriver     |    88|
|14    |  clk_div        |CLK_DIV_FS        |    52|
+------+-----------------+------------------+------+
---------------------------------------------------------------------------------
Finished Writing Synthesis Report : Time (s): cpu = 00:00:26 ; elapsed = 00:00:26 . Memory (MB): peak = 967.871 ; gain = 638.051
---------------------------------------------------------------------------------
Synthesis finished with 0 errors, 0 critical warnings and 31 warnings.
Synthesis Optimization Runtime : Time (s): cpu = 00:00:26 ; elapsed = 00:00:26 . Memory (MB): peak = 967.871 ; gain = 638.051
Synthesis Optimization Complete : Time (s): cpu = 00:00:26 ; elapsed = 00:00:26 . Memory (MB): peak = 967.871 ; gain = 638.051
INFO: [Project 1-571] Translating synthesized netlist
Netlist sorting complete. Time (s): cpu = 00:00:00 ; elapsed = 00:00:00.045 . Memory (MB): peak = 967.871 ; gain = 0.000
INFO: [Netlist 29-17] Analyzing 314 Unisim elements for replacement
INFO: [Netlist 29-28] Unisim Transformation completed in 0 CPU seconds
INFO: [Project 1-570] Preparing netlist for logic optimization
INFO: [Opt 31-138] Pushed 0 inverter(s) to 0 load pin(s).
Netlist sorting complete. Time (s): cpu = 00:00:00 ; elapsed = 00:00:00.001 . Memory (MB): peak = 967.871 ; gain = 0.000
INFO: [Project 1-111] Unisim Transformation Summary:
  A total of 14 instances were transformed.
  LD => LDCE: 2 instances
  RAM32M => RAM32M (RAMD32(x6), RAMS32(x2)): 12 instances

INFO: [Common 17-83] Releasing license: Synthesis
162 Infos, 31 Warnings, 0 Critical Warnings and 0 Errors encountered.
synth_design completed successfully
synth_design: Time (s): cpu = 00:00:29 ; elapsed = 00:00:30 . Memory (MB): peak = 967.871 ; gain = 662.887
Netlist sorting complete. Time (s): cpu = 00:00:00 ; elapsed = 00:00:00 . Memory (MB): peak = 967.871 ; gain = 0.000
WARNING: [Constraints 18-5210] No constraints selected for write.
Resolution: This message can indicate that there are no constraints for the design, or it can indicate that the used_in flags are set such that the constraints are ignored. This later case is used when running synth_design to not write synthesis constraints to the resulting checkpoint. Instead, project constraints are read when the synthesized design is opened.
INFO: [Common 17-1381] The checkpoint 'C:/Users/mjrbr/Otter_MCU_with_CSR/Otter_MCU_with_CSR/Otter_MCU_with_CSR.runs/synth_1/OTTER_Wrapper.dcp' has been generated.
INFO: [runtcl-4] Executing : report_utilization -file OTTER_Wrapper_utilization_synth.rpt -pb OTTER_Wrapper_utilization_synth.pb
INFO: [Common 17-206] Exiting Vivado at Tue Mar 10 21:34:49 2020...
