#-----------------------------------------------------------
# Vivado v2019.2 (64-bit)
# SW Build 2708876 on Wed Nov  6 21:40:23 MST 2019
# IP Build 2700528 on Thu Nov  7 00:09:20 MST 2019
# Start of session at: Tue Feb 25 21:42:30 2020
# Process ID: 2000
# Current directory: C:/Users/mjrbr/Otter_MCU
# Command line: vivado.exe -gui_launcher_event rodinguilauncherevent22792 C:\Users\mjrbr\Otter_MCU\Otter_MCU.xpr
# Log file: C:/Users/mjrbr/Otter_MCU/vivado.log
# Journal file: C:/Users/mjrbr/Otter_MCU\vivado.jou
#-----------------------------------------------------------
start_gui
open_project C:/Users/mjrbr/Otter_MCU/Otter_MCU.xpr
CRITICAL WARNING: [Project 1-19] Could not find the file 'C:/Users/mjrbr/Otter_MCU/Otter_MCU.srcs/sources_1/new/CU_Decoder_limited.sv'.
CRITICAL WARNING: [Project 1-19] Could not find the file 'C:/Users/mjrbr/Otter_MCU/Otter_MCU.srcs/sources_1/new/CU_FSM_limited.sv'.
Scanning sources...
Finished scanning sources
INFO: [IP_Flow 19-234] Refreshing IP repositories
INFO: [IP_Flow 19-1704] No user IP repositories specified
INFO: [IP_Flow 19-2313] Loaded Vivado IP repository 'C:/Xilinx/Vivado/2019.2/data/ip'.
update_compile_order -fileset sources_1
add_files -norecurse C:/Users/mjrbr/Otter_MCU/Otter_MCU.srcs/sources_1/new/CU_Decoder_full.sv
update_compile_order -fileset sources_1
add_files -norecurse C:/Users/mjrbr/Otter_MCU/Otter_MCU.srcs/sources_1/new/CU_FSM_full.sv
update_compile_order -fileset sources_1
reset_run synth_1
close [ open C:/Users/mjrbr/Otter_MCU/Otter_MCU.srcs/sources_1/new/Branch_Cond_Gen.v w ]
add_files C:/Users/mjrbr/Otter_MCU/Otter_MCU.srcs/sources_1/new/Branch_Cond_Gen.v
update_compile_order -fileset sources_1
update_compile_order -fileset sources_1
update_compile_order -fileset sources_1
update_files -from_files C:/Users/mjrbr/Otter_MCU/Otter_MCU.srcs/sources_1/new/Otter_MCU.v -to_files C:/Users/mjrbr/Otter_MCU/Otter_MCU.srcs/sources_1/new/Lim_Otter_MCU.v -filesets [get_filesets *]
INFO: [filemgmt 20-762] Replacing file 'C:/Users/mjrbr/Otter_MCU/Otter_MCU.srcs/sources_1/new/Lim_Otter_MCU.v' with file 'C:/Users/mjrbr/Otter_MCU/Otter_MCU.srcs/sources_1/new/Otter_MCU.v'.
INFO: [filemgmt 20-1080] Importing file from 'C:/Users/mjrbr/Otter_MCU/Otter_MCU.srcs/sources_1/new/Otter_MCU.v' to 'C:/Users/mjrbr/Otter_MCU/Otter_MCU.srcs/sources_1/new/Otter_MCU.v'.
close [ open C:/Users/mjrbr/Otter_MCU/Otter_MCU.srcs/sources_1/new/SevSegDisp.sv w ]
add_files C:/Users/mjrbr/Otter_MCU/Otter_MCU.srcs/sources_1/new/SevSegDisp.sv
close [ open C:/Users/mjrbr/Otter_MCU/Otter_MCU.srcs/sources_1/new/debounce_one_shot.sv w ]
add_files C:/Users/mjrbr/Otter_MCU/Otter_MCU.srcs/sources_1/new/debounce_one_shot.sv
update_compile_order -fileset sources_1
exit
INFO: [Common 17-206] Exiting Vivado at Tue Feb 25 23:07:13 2020...
