
*** Running vivado
    with args -log OTTER_Wrapper.vds -m64 -product Vivado -mode batch -messageDb vivado.pb -notrace -source OTTER_Wrapper.tcl


****** Vivado v2019.2 (64-bit)
  **** SW Build 2708876 on Wed Nov  6 21:40:23 MST 2019
  **** IP Build 2700528 on Thu Nov  7 00:09:20 MST 2019
    ** Copyright 1986-2019 Xilinx, Inc. All Rights Reserved.

source OTTER_Wrapper.tcl -notrace
Command: synth_design -top OTTER_Wrapper -part xc7a35tcpg236-1
Starting synth_design
Attempting to get a license for feature 'Synthesis' and/or device 'xc7a35t'
INFO: [Common 17-349] Got license for feature 'Synthesis' and/or device 'xc7a35t'
INFO: [Device 21-403] Loading part xc7a35tcpg236-1
INFO: Launching helper process for spawning children vivado processes
INFO: Helper process launched with PID 39804 
WARNING: [Synth 8-6901] identifier 'n' is used before its declaration [D:/Git/practice/Otter_MCU_FPGA_Firmware_Multiplex/Otter_MCU_FPGA_Firmware_Multiplex.srcs/sources_1/imports/sources_1/imports/new/Branch_Cond_Gen.v:37]
WARNING: [Synth 8-6901] identifier 'n' is used before its declaration [D:/Git/practice/Otter_MCU_FPGA_Firmware_Multiplex/Otter_MCU_FPGA_Firmware_Multiplex.srcs/sources_1/imports/sources_1/imports/new/Branch_Cond_Gen.v:38]
WARNING: [Synth 8-6901] identifier 'n' is used before its declaration [D:/Git/practice/Otter_MCU_FPGA_Firmware_Multiplex/Otter_MCU_FPGA_Firmware_Multiplex.srcs/sources_1/imports/sources_1/imports/new/PC.v:33]
WARNING: [Synth 8-6901] identifier 'n' is used before its declaration [D:/Git/practice/Otter_MCU_FPGA_Firmware_Multiplex/Otter_MCU_FPGA_Firmware_Multiplex.srcs/sources_1/imports/sources_1/imports/new/PC.v:35]
WARNING: [Synth 8-6901] identifier 'n' is used before its declaration [D:/Git/practice/Otter_MCU_FPGA_Firmware_Multiplex/Otter_MCU_FPGA_Firmware_Multiplex.srcs/sources_1/imports/sources_1/imports/new/n-bit 2 to 1 MUX.v:35]
WARNING: [Synth 8-6901] identifier 'n' is used before its declaration [D:/Git/practice/Otter_MCU_FPGA_Firmware_Multiplex/Otter_MCU_FPGA_Firmware_Multiplex.srcs/sources_1/imports/sources_1/imports/new/n-bit 2 to 1 MUX.v:36]
WARNING: [Synth 8-6901] identifier 'n' is used before its declaration [D:/Git/practice/Otter_MCU_FPGA_Firmware_Multiplex/Otter_MCU_FPGA_Firmware_Multiplex.srcs/sources_1/imports/sources_1/imports/new/n-bit 8 to 1 MUX.v:41]
WARNING: [Synth 8-6901] identifier 'n' is used before its declaration [D:/Git/practice/Otter_MCU_FPGA_Firmware_Multiplex/Otter_MCU_FPGA_Firmware_Multiplex.srcs/sources_1/imports/sources_1/imports/new/n-bit 8 to 1 MUX.v:42]
WARNING: [Synth 8-6901] identifier 'n' is used before its declaration [D:/Git/practice/Otter_MCU_FPGA_Firmware_Multiplex/Otter_MCU_FPGA_Firmware_Multiplex.srcs/sources_1/imports/sources_1/imports/new/n_bit_4t1_MUX.v:44]
WARNING: [Synth 8-6901] identifier 'n' is used before its declaration [D:/Git/practice/Otter_MCU_FPGA_Firmware_Multiplex/Otter_MCU_FPGA_Firmware_Multiplex.srcs/sources_1/imports/sources_1/imports/new/n_bit_4t1_MUX.v:45]
---------------------------------------------------------------------------------
Starting RTL Elaboration : Time (s): cpu = 00:00:03 ; elapsed = 00:00:04 . Memory (MB): peak = 954.367 ; gain = 239.504
---------------------------------------------------------------------------------
INFO: [Synth 8-6157] synthesizing module 'OTTER_Wrapper' [D:/Git/practice/Otter_MCU_FPGA_Firmware_Multiplex/Otter_MCU_FPGA_Firmware_Multiplex.srcs/sources_1/imports/sources_1/imports/new/OTTER_Wrapper_v1_04.sv:25]
	Parameter SWITCHES_PORT_ADDR bound to: 285245440 - type: integer 
	Parameter BUTTONS_PORT_ADDR bound to: 285245444 - type: integer 
	Parameter LEDS_PORT_ADDR bound to: 285261824 - type: integer 
	Parameter SEGS_PORT_ADDR bound to: 285261828 - type: integer 
	Parameter ANODES_PORT_ADDR bound to: 285261832 - type: integer 
INFO: [Synth 8-6157] synthesizing module 'Otter_MCU' [D:/Git/practice/Otter_MCU_FPGA_Firmware_Multiplex/Otter_MCU_FPGA_Firmware_Multiplex.srcs/sources_1/imports/sources_1/imports/new/Otter_MCU.v:23]
INFO: [Synth 8-6157] synthesizing module 'CSR' [D:/Git/practice/Otter_MCU_FPGA_Firmware_Multiplex/Otter_MCU_FPGA_Firmware_Multiplex.srcs/sources_1/imports/sources_1/imports/new/CSR_v1_01.sv:39]
INFO: [Synth 8-155] case statement is not full and has no default [D:/Git/practice/Otter_MCU_FPGA_Firmware_Multiplex/Otter_MCU_FPGA_Firmware_Multiplex.srcs/sources_1/imports/sources_1/imports/new/CSR_v1_01.sv:72]
INFO: [Synth 8-6155] done synthesizing module 'CSR' (1#1) [D:/Git/practice/Otter_MCU_FPGA_Firmware_Multiplex/Otter_MCU_FPGA_Firmware_Multiplex.srcs/sources_1/imports/sources_1/imports/new/CSR_v1_01.sv:39]
INFO: [Synth 8-6157] synthesizing module 'mux_8t1_nb' [D:/Git/practice/Otter_MCU_FPGA_Firmware_Multiplex/Otter_MCU_FPGA_Firmware_Multiplex.srcs/sources_1/imports/sources_1/imports/new/n-bit 8 to 1 MUX.v:39]
	Parameter n bound to: 32 - type: integer 
INFO: [Synth 8-226] default block is never used [D:/Git/practice/Otter_MCU_FPGA_Firmware_Multiplex/Otter_MCU_FPGA_Firmware_Multiplex.srcs/sources_1/imports/sources_1/imports/new/n-bit 8 to 1 MUX.v:48]
INFO: [Synth 8-6155] done synthesizing module 'mux_8t1_nb' (2#1) [D:/Git/practice/Otter_MCU_FPGA_Firmware_Multiplex/Otter_MCU_FPGA_Firmware_Multiplex.srcs/sources_1/imports/sources_1/imports/new/n-bit 8 to 1 MUX.v:39]
INFO: [Synth 8-6157] synthesizing module 'PC' [D:/Git/practice/Otter_MCU_FPGA_Firmware_Multiplex/Otter_MCU_FPGA_Firmware_Multiplex.srcs/sources_1/imports/sources_1/imports/new/PC.v:32]
	Parameter n bound to: 32 - type: integer 
INFO: [Synth 8-6155] done synthesizing module 'PC' (3#1) [D:/Git/practice/Otter_MCU_FPGA_Firmware_Multiplex/Otter_MCU_FPGA_Firmware_Multiplex.srcs/sources_1/imports/sources_1/imports/new/PC.v:32]
INFO: [Synth 8-6157] synthesizing module 'n_bit_4t1_MUX' [D:/Git/practice/Otter_MCU_FPGA_Firmware_Multiplex/Otter_MCU_FPGA_Firmware_Multiplex.srcs/sources_1/imports/sources_1/imports/new/n_bit_4t1_MUX.v:42]
	Parameter n bound to: 32 - type: integer 
INFO: [Synth 8-226] default block is never used [D:/Git/practice/Otter_MCU_FPGA_Firmware_Multiplex/Otter_MCU_FPGA_Firmware_Multiplex.srcs/sources_1/imports/sources_1/imports/new/n_bit_4t1_MUX.v:51]
INFO: [Synth 8-6155] done synthesizing module 'n_bit_4t1_MUX' (4#1) [D:/Git/practice/Otter_MCU_FPGA_Firmware_Multiplex/Otter_MCU_FPGA_Firmware_Multiplex.srcs/sources_1/imports/sources_1/imports/new/n_bit_4t1_MUX.v:42]
INFO: [Synth 8-6157] synthesizing module 'Memory' [D:/Git/practice/Otter_MCU_FPGA_Firmware_Multiplex/Otter_MCU_FPGA_Firmware_Multiplex.srcs/sources_1/imports/sources_1/imports/new/otter_memory_v1_05.sv:46]
INFO: [Synth 8-5534] Detected attribute (* rom_style = "{distributed | block}" *) [D:/Git/practice/Otter_MCU_FPGA_Firmware_Multiplex/Otter_MCU_FPGA_Firmware_Multiplex.srcs/sources_1/imports/sources_1/imports/new/otter_memory_v1_05.sv:68]
INFO: [Synth 8-3876] $readmem data file 'otter_memory.mem' is read successfully [D:/Git/practice/Otter_MCU_FPGA_Firmware_Multiplex/Otter_MCU_FPGA_Firmware_Multiplex.srcs/sources_1/imports/sources_1/imports/new/otter_memory_v1_05.sv:71]
INFO: [Synth 8-155] case statement is not full and has no default [D:/Git/practice/Otter_MCU_FPGA_Firmware_Multiplex/Otter_MCU_FPGA_Firmware_Multiplex.srcs/sources_1/imports/sources_1/imports/new/otter_memory_v1_05.sv:93]
INFO: [Synth 8-5772] Detected attribute (* ram_decomp = "power" *) on RAM memory_reg 
INFO: [Synth 8-6155] done synthesizing module 'Memory' (5#1) [D:/Git/practice/Otter_MCU_FPGA_Firmware_Multiplex/Otter_MCU_FPGA_Firmware_Multiplex.srcs/sources_1/imports/sources_1/imports/new/otter_memory_v1_05.sv:46]
INFO: [Synth 8-6157] synthesizing module 'RegFile' [D:/Git/practice/Otter_MCU_FPGA_Firmware_Multiplex/Otter_MCU_FPGA_Firmware_Multiplex.srcs/sources_1/imports/sources_1/imports/new/reg_file_v_1_00.sv:33]
INFO: [Synth 8-6155] done synthesizing module 'RegFile' (6#1) [D:/Git/practice/Otter_MCU_FPGA_Firmware_Multiplex/Otter_MCU_FPGA_Firmware_Multiplex.srcs/sources_1/imports/sources_1/imports/new/reg_file_v_1_00.sv:33]
INFO: [Synth 8-6157] synthesizing module 'Immed_Gen' [D:/Git/practice/Otter_MCU_FPGA_Firmware_Multiplex/Otter_MCU_FPGA_Firmware_Multiplex.srcs/sources_1/imports/sources_1/imports/new/Immed_Gen.v:31]
	Parameter n bound to: 32 - type: integer 
INFO: [Synth 8-6155] done synthesizing module 'Immed_Gen' (7#1) [D:/Git/practice/Otter_MCU_FPGA_Firmware_Multiplex/Otter_MCU_FPGA_Firmware_Multiplex.srcs/sources_1/imports/sources_1/imports/new/Immed_Gen.v:31]
INFO: [Synth 8-6157] synthesizing module 'Branch_Adder_Gen' [D:/Git/practice/Otter_MCU_FPGA_Firmware_Multiplex/Otter_MCU_FPGA_Firmware_Multiplex.srcs/sources_1/imports/sources_1/imports/new/Branch_Adder_Gen.v:35]
	Parameter n bound to: 32 - type: integer 
INFO: [Synth 8-6155] done synthesizing module 'Branch_Adder_Gen' (8#1) [D:/Git/practice/Otter_MCU_FPGA_Firmware_Multiplex/Otter_MCU_FPGA_Firmware_Multiplex.srcs/sources_1/imports/sources_1/imports/new/Branch_Adder_Gen.v:35]
INFO: [Synth 8-6157] synthesizing module 'mux_2t1_nb' [D:/Git/practice/Otter_MCU_FPGA_Firmware_Multiplex/Otter_MCU_FPGA_Firmware_Multiplex.srcs/sources_1/imports/sources_1/imports/new/n-bit 2 to 1 MUX.v:33]
	Parameter n bound to: 32 - type: integer 
INFO: [Synth 8-6155] done synthesizing module 'mux_2t1_nb' (9#1) [D:/Git/practice/Otter_MCU_FPGA_Firmware_Multiplex/Otter_MCU_FPGA_Firmware_Multiplex.srcs/sources_1/imports/sources_1/imports/new/n-bit 2 to 1 MUX.v:33]
INFO: [Synth 8-6157] synthesizing module 'ALU' [D:/Git/practice/Otter_MCU_FPGA_Firmware_Multiplex/Otter_MCU_FPGA_Firmware_Multiplex.srcs/sources_1/imports/sources_1/imports/new/ALU.sv:30]
WARNING: [Synth 8-567] referenced signal 'ALU_OP' should be on the sensitivity list [D:/Git/practice/Otter_MCU_FPGA_Firmware_Multiplex/Otter_MCU_FPGA_Firmware_Multiplex.srcs/sources_1/imports/sources_1/imports/new/ALU.sv:55]
INFO: [Synth 8-6155] done synthesizing module 'ALU' (10#1) [D:/Git/practice/Otter_MCU_FPGA_Firmware_Multiplex/Otter_MCU_FPGA_Firmware_Multiplex.srcs/sources_1/imports/sources_1/imports/new/ALU.sv:30]
INFO: [Synth 8-6157] synthesizing module 'Branch_Cond_Gen' [D:/Git/practice/Otter_MCU_FPGA_Firmware_Multiplex/Otter_MCU_FPGA_Firmware_Multiplex.srcs/sources_1/imports/sources_1/imports/new/Branch_Cond_Gen.v:29]
	Parameter n bound to: 32 - type: integer 
INFO: [Synth 8-6155] done synthesizing module 'Branch_Cond_Gen' (11#1) [D:/Git/practice/Otter_MCU_FPGA_Firmware_Multiplex/Otter_MCU_FPGA_Firmware_Multiplex.srcs/sources_1/imports/sources_1/imports/new/Branch_Cond_Gen.v:29]
INFO: [Synth 8-6157] synthesizing module 'CU_DCDR' [D:/Git/practice/Otter_MCU_FPGA_Firmware_Multiplex/Otter_MCU_FPGA_Firmware_Multiplex.srcs/sources_1/imports/sources_1/imports/new/CU_Decoder_full.sv:40]
INFO: [Synth 8-155] case statement is not full and has no default [D:/Git/practice/Otter_MCU_FPGA_Firmware_Multiplex/Otter_MCU_FPGA_Firmware_Multiplex.srcs/sources_1/imports/sources_1/imports/new/CU_Decoder_full.sv:118]
INFO: [Synth 8-155] case statement is not full and has no default [D:/Git/practice/Otter_MCU_FPGA_Firmware_Multiplex/Otter_MCU_FPGA_Firmware_Multiplex.srcs/sources_1/imports/sources_1/imports/new/CU_Decoder_full.sv:98]
INFO: [Synth 8-6155] done synthesizing module 'CU_DCDR' (12#1) [D:/Git/practice/Otter_MCU_FPGA_Firmware_Multiplex/Otter_MCU_FPGA_Firmware_Multiplex.srcs/sources_1/imports/sources_1/imports/new/CU_Decoder_full.sv:40]
INFO: [Synth 8-6157] synthesizing module 'CU_FSM' [D:/Git/practice/Otter_MCU_FPGA_Firmware_Multiplex/Otter_MCU_FPGA_Firmware_Multiplex.srcs/sources_1/imports/sources_1/imports/new/CU_FSM_full.sv:46]
INFO: [Synth 8-226] default block is never used [D:/Git/practice/Otter_MCU_FPGA_Firmware_Multiplex/Otter_MCU_FPGA_Firmware_Multiplex.srcs/sources_1/imports/sources_1/imports/new/CU_FSM_full.sv:123]
INFO: [Synth 8-6155] done synthesizing module 'CU_FSM' (13#1) [D:/Git/practice/Otter_MCU_FPGA_Firmware_Multiplex/Otter_MCU_FPGA_Firmware_Multiplex.srcs/sources_1/imports/sources_1/imports/new/CU_FSM_full.sv:46]
INFO: [Synth 8-5772] Detected attribute (* ram_decomp = "power" *) on RAM memory_reg 
INFO: [Synth 8-6155] done synthesizing module 'Otter_MCU' (14#1) [D:/Git/practice/Otter_MCU_FPGA_Firmware_Multiplex/Otter_MCU_FPGA_Firmware_Multiplex.srcs/sources_1/imports/sources_1/imports/new/Otter_MCU.v:23]
INFO: [Synth 8-6157] synthesizing module 'DBounce' [D:/Git/practice/Otter_MCU_FPGA_Firmware_Multiplex/Otter_MCU_FPGA_Firmware_Multiplex.srcs/sources_1/imports/sources_1/new/Debouncer.sv:33]
	Parameter n bound to: 16 - type: integer 
INFO: [Synth 8-6155] done synthesizing module 'DBounce' (15#1) [D:/Git/practice/Otter_MCU_FPGA_Firmware_Multiplex/Otter_MCU_FPGA_Firmware_Multiplex.srcs/sources_1/imports/sources_1/new/Debouncer.sv:33]
INFO: [Synth 8-6157] synthesizing module 'one_shot_bdir' [D:/Git/practice/Otter_MCU_FPGA_Firmware_Multiplex/Otter_MCU_FPGA_Firmware_Multiplex.srcs/sources_1/imports/sources_1/new/Mono-Stable_Multivibrator.sv:34]
	Parameter n bound to: 3 - type: integer 
INFO: [Synth 8-6155] done synthesizing module 'one_shot_bdir' (16#1) [D:/Git/practice/Otter_MCU_FPGA_Firmware_Multiplex/Otter_MCU_FPGA_Firmware_Multiplex.srcs/sources_1/imports/sources_1/new/Mono-Stable_Multivibrator.sv:34]
INFO: [Synth 8-5772] Detected attribute (* ram_decomp = "power" *) on RAM memory_reg 
INFO: [Synth 8-6155] done synthesizing module 'OTTER_Wrapper' (17#1) [D:/Git/practice/Otter_MCU_FPGA_Firmware_Multiplex/Otter_MCU_FPGA_Firmware_Multiplex.srcs/sources_1/imports/sources_1/imports/new/OTTER_Wrapper_v1_04.sv:25]
WARNING: [Synth 8-3331] design CU_FSM has unconnected port funct3[2]
WARNING: [Synth 8-3331] design CU_FSM has unconnected port funct3[1]
WARNING: [Synth 8-3331] design CU_FSM has unconnected port funct3[0]
WARNING: [Synth 8-3331] design CU_DCDR has unconnected port func7[6]
WARNING: [Synth 8-3331] design CU_DCDR has unconnected port func7[4]
WARNING: [Synth 8-3331] design CU_DCDR has unconnected port func7[3]
WARNING: [Synth 8-3331] design CU_DCDR has unconnected port func7[2]
WARNING: [Synth 8-3331] design CU_DCDR has unconnected port func7[1]
WARNING: [Synth 8-3331] design CU_DCDR has unconnected port func7[0]
WARNING: [Synth 8-3331] design Immed_Gen has unconnected port ir[6]
WARNING: [Synth 8-3331] design Immed_Gen has unconnected port ir[5]
WARNING: [Synth 8-3331] design Immed_Gen has unconnected port ir[4]
WARNING: [Synth 8-3331] design Immed_Gen has unconnected port ir[3]
WARNING: [Synth 8-3331] design Immed_Gen has unconnected port ir[2]
WARNING: [Synth 8-3331] design Immed_Gen has unconnected port ir[1]
WARNING: [Synth 8-3331] design Immed_Gen has unconnected port ir[0]
---------------------------------------------------------------------------------
Finished RTL Elaboration : Time (s): cpu = 00:00:04 ; elapsed = 00:00:05 . Memory (MB): peak = 1015.926 ; gain = 301.062
---------------------------------------------------------------------------------

Report Check Netlist: 
+------+------------------+-------+---------+-------+------------------+
|      |Item              |Errors |Warnings |Status |Description       |
+------+------------------+-------+---------+-------+------------------+
|1     |multi_driven_nets |      0|        0|Passed |Multi driven nets |
+------+------------------+-------+---------+-------+------------------+
---------------------------------------------------------------------------------
Start Handling Custom Attributes
---------------------------------------------------------------------------------
---------------------------------------------------------------------------------
Finished Handling Custom Attributes : Time (s): cpu = 00:00:05 ; elapsed = 00:00:06 . Memory (MB): peak = 1015.926 ; gain = 301.062
---------------------------------------------------------------------------------
---------------------------------------------------------------------------------
Finished RTL Optimization Phase 1 : Time (s): cpu = 00:00:05 ; elapsed = 00:00:06 . Memory (MB): peak = 1015.926 ; gain = 301.062
---------------------------------------------------------------------------------
Netlist sorting complete. Time (s): cpu = 00:00:00 ; elapsed = 00:00:00.039 . Memory (MB): peak = 1015.926 ; gain = 0.000
INFO: [Project 1-570] Preparing netlist for logic optimization

Processing XDC Constraints
Initializing timing engine
Parsing XDC File [D:/Git/practice/Otter_MCU_FPGA_Firmware_Multiplex/Otter_MCU_FPGA_Firmware_Multiplex.srcs/constrs_1/new/cnst.xdc]
Finished Parsing XDC File [D:/Git/practice/Otter_MCU_FPGA_Firmware_Multiplex/Otter_MCU_FPGA_Firmware_Multiplex.srcs/constrs_1/new/cnst.xdc]
INFO: [Project 1-236] Implementation specific constraints were found while reading constraint file [D:/Git/practice/Otter_MCU_FPGA_Firmware_Multiplex/Otter_MCU_FPGA_Firmware_Multiplex.srcs/constrs_1/new/cnst.xdc]. These constraints will be ignored for synthesis but will be used in implementation. Impacted constraints are listed in the file [.Xil/OTTER_Wrapper_propImpl.xdc].
Resolution: To avoid this warning, move constraints listed in [.Xil/OTTER_Wrapper_propImpl.xdc] to another XDC file and exclude this new file from synthesis with the used_in_synthesis property (File Properties dialog in GUI) and re-run elaboration/synthesis.
Completed Processing XDC Constraints

Netlist sorting complete. Time (s): cpu = 00:00:00 ; elapsed = 00:00:00.001 . Memory (MB): peak = 1140.316 ; gain = 0.000
INFO: [Project 1-111] Unisim Transformation Summary:
No Unisim elements were transformed.

Constraint Validation Runtime : Time (s): cpu = 00:00:00 ; elapsed = 00:00:00.004 . Memory (MB): peak = 1140.316 ; gain = 0.000
---------------------------------------------------------------------------------
Finished Constraint Validation : Time (s): cpu = 00:00:10 ; elapsed = 00:00:12 . Memory (MB): peak = 1140.316 ; gain = 425.453
---------------------------------------------------------------------------------
---------------------------------------------------------------------------------
Start Loading Part and Timing Information
---------------------------------------------------------------------------------
Loading part: xc7a35tcpg236-1
---------------------------------------------------------------------------------
Finished Loading Part and Timing Information : Time (s): cpu = 00:00:10 ; elapsed = 00:00:12 . Memory (MB): peak = 1140.316 ; gain = 425.453
---------------------------------------------------------------------------------
---------------------------------------------------------------------------------
Start Applying 'set_property' XDC Constraints
---------------------------------------------------------------------------------
---------------------------------------------------------------------------------
Finished applying 'set_property' XDC Constraints : Time (s): cpu = 00:00:11 ; elapsed = 00:00:12 . Memory (MB): peak = 1140.316 ; gain = 425.453
---------------------------------------------------------------------------------
INFO: [Synth 8-5546] ROM "alu_srcA" won't be mapped to RAM because it is too sparse
INFO: [Synth 8-5587] ROM size for "alu_srcB" is below threshold of ROM address width. It will be mapped to LUTs
INFO: [Synth 8-5587] ROM size for "rf_wr_sel" is below threshold of ROM address width. It will be mapped to LUTs
INFO: [Synth 8-802] inferred FSM for state register 'PS_reg' in module 'CU_FSM'
INFO: [Synth 8-5546] ROM "pcWrite" won't be mapped to RAM because it is too sparse
INFO: [Synth 8-5587] ROM size for "regWrite" is below threshold of ROM address width. It will be mapped to LUTs
INFO: [Synth 8-5546] ROM "memWE2" won't be mapped to RAM because it is too sparse
INFO: [Synth 8-5546] ROM "memRDEN2" won't be mapped to RAM because it is too sparse
INFO: [Synth 8-5546] ROM "csr_WE" won't be mapped to RAM because it is too sparse
INFO: [Synth 8-7030] Implemented Non-Cascaded Block Ram (cascade_height = 1) of width 32 for RAM "Memory:/memory_reg"
INFO: [Synth 8-7030] Implemented Non-Cascaded Block Ram (cascade_height = 1) of width 32 for RAM "Memory:/memory_reg"
INFO: [Synth 8-7030] Implemented Non-Cascaded Block Ram (cascade_height = 1) of width 32 for RAM "Memory:/memory_reg"
INFO: [Synth 8-7030] Implemented Non-Cascaded Block Ram (cascade_height = 1) of width 32 for RAM "Memory:/memory_reg"
INFO: [Synth 8-7030] Implemented Non-Cascaded Block Ram (cascade_height = 1) of width 32 for RAM "Memory:/memory_reg"
INFO: [Synth 8-7030] Implemented Non-Cascaded Block Ram (cascade_height = 1) of width 32 for RAM "Memory:/memory_reg"
INFO: [Synth 8-7030] Implemented Non-Cascaded Block Ram (cascade_height = 1) of width 32 for RAM "Memory:/memory_reg"
INFO: [Synth 8-7030] Implemented Non-Cascaded Block Ram (cascade_height = 1) of width 32 for RAM "Memory:/memory_reg"
INFO: [Synth 8-7030] Implemented Non-Cascaded Block Ram (cascade_height = 1) of width 32 for RAM "Memory:/memory_reg"
INFO: [Synth 8-7030] Implemented Non-Cascaded Block Ram (cascade_height = 1) of width 32 for RAM "Memory:/memory_reg"
INFO: [Synth 8-7030] Implemented Non-Cascaded Block Ram (cascade_height = 1) of width 32 for RAM "Memory:/memory_reg"
INFO: [Synth 8-7030] Implemented Non-Cascaded Block Ram (cascade_height = 1) of width 32 for RAM "Memory:/memory_reg"
INFO: [Synth 8-7030] Implemented Non-Cascaded Block Ram (cascade_height = 1) of width 32 for RAM "Memory:/memory_reg"
INFO: [Synth 8-7030] Implemented Non-Cascaded Block Ram (cascade_height = 1) of width 32 for RAM "Memory:/memory_reg"
INFO: [Synth 8-7030] Implemented Non-Cascaded Block Ram (cascade_height = 1) of width 32 for RAM "Memory:/memory_reg"
INFO: [Synth 8-7030] Implemented Non-Cascaded Block Ram (cascade_height = 1) of width 32 for RAM "Memory:/memory_reg"
---------------------------------------------------------------------------------------------------
                   State |                     New Encoding |                Previous Encoding 
---------------------------------------------------------------------------------------------------
                  st_FET |                               00 |                               00
                   st_EX |                               01 |                               01
                   st_WB |                               10 |                               10
                 st_INTR |                               11 |                               11
---------------------------------------------------------------------------------------------------
INFO: [Synth 8-3354] encoded FSM with state register 'PS_reg' using encoding 'sequential' in module 'CU_FSM'
---------------------------------------------------------------------------------
Finished RTL Optimization Phase 2 : Time (s): cpu = 00:00:11 ; elapsed = 00:00:13 . Memory (MB): peak = 1140.316 ; gain = 425.453
---------------------------------------------------------------------------------

Report RTL Partitions: 
+-+--------------+------------+----------+
| |RTL Partition |Replication |Instances |
+-+--------------+------------+----------+
+-+--------------+------------+----------+
---------------------------------------------------------------------------------
Start RTL Component Statistics 
---------------------------------------------------------------------------------
Detailed RTL Component Info : 
+---Adders : 
	   2 Input     32 Bit       Adders := 5     
	   3 Input     32 Bit       Adders := 1     
+---XORs : 
	   2 Input     32 Bit         XORs := 1     
	   2 Input      1 Bit         XORs := 2     
+---Registers : 
	               32 Bit    Registers := 6     
	               16 Bit    Registers := 1     
	                8 Bit    Registers := 1     
	                4 Bit    Registers := 1     
	                3 Bit    Registers := 2     
	                1 Bit    Registers := 7     
+---RAMs : 
	             512K Bit         RAMs := 1     
	             1024 Bit         RAMs := 1     
+---Muxes : 
	   4 Input     32 Bit        Muxes := 4     
	   2 Input     32 Bit        Muxes := 8     
	   9 Input     32 Bit        Muxes := 2     
	  16 Input     32 Bit        Muxes := 1     
	   3 Input     32 Bit        Muxes := 2     
	   2 Input     16 Bit        Muxes := 1     
	   4 Input     16 Bit        Muxes := 1     
	   2 Input      4 Bit        Muxes := 1     
	  11 Input      4 Bit        Muxes := 1     
	   2 Input      3 Bit        Muxes := 2     
	  11 Input      3 Bit        Muxes := 1     
	  11 Input      2 Bit        Muxes := 2     
	   4 Input      2 Bit        Muxes := 1     
	   2 Input      2 Bit        Muxes := 3     
	   4 Input      1 Bit        Muxes := 14    
	   2 Input      1 Bit        Muxes := 11    
	   9 Input      1 Bit        Muxes := 1     
	  11 Input      1 Bit        Muxes := 6     
---------------------------------------------------------------------------------
Finished RTL Component Statistics 
---------------------------------------------------------------------------------
---------------------------------------------------------------------------------
Start RTL Hierarchical Component Statistics 
---------------------------------------------------------------------------------
Hierarchical RTL Component report 
Module OTTER_Wrapper 
Detailed RTL Component Info : 
+---Registers : 
	               16 Bit    Registers := 1     
	                8 Bit    Registers := 1     
	                4 Bit    Registers := 1     
	                1 Bit    Registers := 1     
+---Muxes : 
	   2 Input     32 Bit        Muxes := 1     
	   3 Input     32 Bit        Muxes := 1     
	   2 Input     16 Bit        Muxes := 1     
	   4 Input     16 Bit        Muxes := 1     
	   2 Input      1 Bit        Muxes := 3     
	   4 Input      1 Bit        Muxes := 3     
Module CSR 
Detailed RTL Component Info : 
+---Registers : 
	               32 Bit    Registers := 2     
	                1 Bit    Registers := 1     
+---Muxes : 
	   4 Input     32 Bit        Muxes := 2     
	   2 Input     32 Bit        Muxes := 6     
	   4 Input      1 Bit        Muxes := 4     
	   2 Input      1 Bit        Muxes := 8     
Module PC 
Detailed RTL Component Info : 
+---Registers : 
	               32 Bit    Registers := 1     
Module n_bit_4t1_MUX 
Detailed RTL Component Info : 
+---Muxes : 
	   4 Input     32 Bit        Muxes := 1     
Module Memory 
Detailed RTL Component Info : 
+---Registers : 
	               32 Bit    Registers := 3     
+---RAMs : 
	             512K Bit         RAMs := 1     
+---Muxes : 
	   9 Input     32 Bit        Muxes := 2     
	  16 Input     32 Bit        Muxes := 1     
	   2 Input     32 Bit        Muxes := 1     
	   9 Input      1 Bit        Muxes := 1     
Module RegFile 
Detailed RTL Component Info : 
+---RAMs : 
	             1024 Bit         RAMs := 1     
Module Branch_Adder_Gen 
Detailed RTL Component Info : 
+---Adders : 
	   2 Input     32 Bit       Adders := 3     
Module mux_2t1_nb 
Detailed RTL Component Info : 
+---Muxes : 
	   3 Input     32 Bit        Muxes := 1     
Module ALU 
Detailed RTL Component Info : 
+---Adders : 
	   2 Input     32 Bit       Adders := 1     
	   3 Input     32 Bit       Adders := 1     
+---XORs : 
	   2 Input     32 Bit         XORs := 1     
Module CU_DCDR 
Detailed RTL Component Info : 
+---Muxes : 
	   2 Input      4 Bit        Muxes := 1     
	  11 Input      4 Bit        Muxes := 1     
	   2 Input      3 Bit        Muxes := 2     
	  11 Input      3 Bit        Muxes := 1     
	  11 Input      2 Bit        Muxes := 2     
	  11 Input      1 Bit        Muxes := 1     
Module CU_FSM 
Detailed RTL Component Info : 
+---Muxes : 
	   4 Input      2 Bit        Muxes := 1     
	   2 Input      2 Bit        Muxes := 3     
	  11 Input      1 Bit        Muxes := 5     
	   4 Input      1 Bit        Muxes := 7     
Module Otter_MCU 
Detailed RTL Component Info : 
+---Adders : 
	   2 Input     32 Bit       Adders := 1     
Module DBounce 
Detailed RTL Component Info : 
+---XORs : 
	   2 Input      1 Bit         XORs := 1     
+---Registers : 
	                1 Bit    Registers := 3     
Module one_shot_bdir 
Detailed RTL Component Info : 
+---XORs : 
	   2 Input      1 Bit         XORs := 1     
+---Registers : 
	                3 Bit    Registers := 2     
	                1 Bit    Registers := 2     
---------------------------------------------------------------------------------
Finished RTL Hierarchical Component Statistics
---------------------------------------------------------------------------------
---------------------------------------------------------------------------------
Start Part Resource Summary
---------------------------------------------------------------------------------
Part Resources:
DSPs: 90 (col length:60)
BRAMs: 100 (col length: RAMB18 60 RAMB36 30)
---------------------------------------------------------------------------------
Finished Part Resource Summary
---------------------------------------------------------------------------------
---------------------------------------------------------------------------------
Start Cross Boundary and Area Optimization
---------------------------------------------------------------------------------
Warning: Parallel synthesis criteria is not met 
INFO: [Synth 8-5546] ROM "alu_srcA" won't be mapped to RAM because it is too sparse
INFO: [Synth 8-5587] ROM size for "alu_srcB" is below threshold of ROM address width. It will be mapped to LUTs
INFO: [Synth 8-5587] ROM size for "rf_wr_sel" is below threshold of ROM address width. It will be mapped to LUTs
INFO: [Synth 8-5546] ROM "csr_WE" won't be mapped to RAM because it is too sparse
INFO: [Synth 8-5546] ROM "memRDEN2" won't be mapped to RAM because it is too sparse
INFO: [Synth 8-5546] ROM "memWE2" won't be mapped to RAM because it is too sparse
INFO: [Synth 8-5587] ROM size for "regWrite" is below threshold of ROM address width. It will be mapped to LUTs
INFO: [Synth 8-5546] ROM "pcWrite" won't be mapped to RAM because it is too sparse
WARNING: [Synth 8-3936] Found unconnected internal register 'OneShot/neg_pulse_reg_reg' and it is trimmed from '3' to '2' bits. [D:/Git/practice/Otter_MCU_FPGA_Firmware_Multiplex/Otter_MCU_FPGA_Firmware_Multiplex.srcs/sources_1/imports/sources_1/new/Mono-Stable_Multivibrator.sv:72]
WARNING: [Synth 8-3331] design CU_FSM has unconnected port funct3[2]
WARNING: [Synth 8-3331] design CU_FSM has unconnected port funct3[1]
WARNING: [Synth 8-3331] design CU_FSM has unconnected port funct3[0]
WARNING: [Synth 8-3331] design CU_DCDR has unconnected port func7[6]
WARNING: [Synth 8-3331] design CU_DCDR has unconnected port func7[4]
WARNING: [Synth 8-3331] design CU_DCDR has unconnected port func7[3]
WARNING: [Synth 8-3331] design CU_DCDR has unconnected port func7[2]
WARNING: [Synth 8-3331] design CU_DCDR has unconnected port func7[1]
WARNING: [Synth 8-3331] design CU_DCDR has unconnected port func7[0]
INFO: [Synth 8-7030] Implemented Non-Cascaded Block Ram (cascade_height = 1) of width 32 for RAM "OTTER_Wrapper/Otter_MCU/MEMORY_OTTER/memory_reg"
INFO: [Synth 8-7030] Implemented Non-Cascaded Block Ram (cascade_height = 1) of width 32 for RAM "OTTER_Wrapper/Otter_MCU/MEMORY_OTTER/memory_reg"
INFO: [Synth 8-7030] Implemented Non-Cascaded Block Ram (cascade_height = 1) of width 32 for RAM "OTTER_Wrapper/Otter_MCU/MEMORY_OTTER/memory_reg"
INFO: [Synth 8-7030] Implemented Non-Cascaded Block Ram (cascade_height = 1) of width 32 for RAM "OTTER_Wrapper/Otter_MCU/MEMORY_OTTER/memory_reg"
INFO: [Synth 8-7030] Implemented Non-Cascaded Block Ram (cascade_height = 1) of width 32 for RAM "OTTER_Wrapper/Otter_MCU/MEMORY_OTTER/memory_reg"
INFO: [Synth 8-7030] Implemented Non-Cascaded Block Ram (cascade_height = 1) of width 32 for RAM "OTTER_Wrapper/Otter_MCU/MEMORY_OTTER/memory_reg"
INFO: [Synth 8-7030] Implemented Non-Cascaded Block Ram (cascade_height = 1) of width 32 for RAM "OTTER_Wrapper/Otter_MCU/MEMORY_OTTER/memory_reg"
INFO: [Synth 8-7030] Implemented Non-Cascaded Block Ram (cascade_height = 1) of width 32 for RAM "OTTER_Wrapper/Otter_MCU/MEMORY_OTTER/memory_reg"
INFO: [Synth 8-7030] Implemented Non-Cascaded Block Ram (cascade_height = 1) of width 32 for RAM "OTTER_Wrapper/Otter_MCU/MEMORY_OTTER/memory_reg"
INFO: [Synth 8-7030] Implemented Non-Cascaded Block Ram (cascade_height = 1) of width 32 for RAM "OTTER_Wrapper/Otter_MCU/MEMORY_OTTER/memory_reg"
INFO: [Synth 8-7030] Implemented Non-Cascaded Block Ram (cascade_height = 1) of width 32 for RAM "OTTER_Wrapper/Otter_MCU/MEMORY_OTTER/memory_reg"
INFO: [Synth 8-7030] Implemented Non-Cascaded Block Ram (cascade_height = 1) of width 32 for RAM "OTTER_Wrapper/Otter_MCU/MEMORY_OTTER/memory_reg"
INFO: [Synth 8-7030] Implemented Non-Cascaded Block Ram (cascade_height = 1) of width 32 for RAM "OTTER_Wrapper/Otter_MCU/MEMORY_OTTER/memory_reg"
INFO: [Synth 8-7030] Implemented Non-Cascaded Block Ram (cascade_height = 1) of width 32 for RAM "OTTER_Wrapper/Otter_MCU/MEMORY_OTTER/memory_reg"
INFO: [Synth 8-7030] Implemented Non-Cascaded Block Ram (cascade_height = 1) of width 32 for RAM "OTTER_Wrapper/Otter_MCU/MEMORY_OTTER/memory_reg"
INFO: [Synth 8-7030] Implemented Non-Cascaded Block Ram (cascade_height = 1) of width 32 for RAM "OTTER_Wrapper/Otter_MCU/MEMORY_OTTER/memory_reg"
INFO: [Synth 8-3886] merging instance 'Otter_MCU/MEMORY_OTTER/ioBuffer_reg[30]' (FDE) to 'Otter_MCU/MEMORY_OTTER/ioBuffer_reg[16]'
INFO: [Synth 8-3886] merging instance 'Otter_MCU/MEMORY_OTTER/ioBuffer_reg[31]' (FDE) to 'Otter_MCU/MEMORY_OTTER/ioBuffer_reg[16]'
INFO: [Synth 8-3886] merging instance 'Otter_MCU/MEMORY_OTTER/ioBuffer_reg[16]' (FDE) to 'Otter_MCU/MEMORY_OTTER/ioBuffer_reg[17]'
INFO: [Synth 8-3886] merging instance 'Otter_MCU/MEMORY_OTTER/ioBuffer_reg[17]' (FDE) to 'Otter_MCU/MEMORY_OTTER/ioBuffer_reg[18]'
INFO: [Synth 8-3886] merging instance 'Otter_MCU/MEMORY_OTTER/ioBuffer_reg[28]' (FDE) to 'Otter_MCU/MEMORY_OTTER/ioBuffer_reg[18]'
INFO: [Synth 8-3886] merging instance 'Otter_MCU/MEMORY_OTTER/ioBuffer_reg[29]' (FDE) to 'Otter_MCU/MEMORY_OTTER/ioBuffer_reg[18]'
INFO: [Synth 8-3886] merging instance 'Otter_MCU/MEMORY_OTTER/ioBuffer_reg[26]' (FDE) to 'Otter_MCU/MEMORY_OTTER/ioBuffer_reg[18]'
INFO: [Synth 8-3886] merging instance 'Otter_MCU/MEMORY_OTTER/ioBuffer_reg[27]' (FDE) to 'Otter_MCU/MEMORY_OTTER/ioBuffer_reg[18]'
INFO: [Synth 8-3886] merging instance 'Otter_MCU/MEMORY_OTTER/ioBuffer_reg[24]' (FDE) to 'Otter_MCU/MEMORY_OTTER/ioBuffer_reg[18]'
INFO: [Synth 8-3886] merging instance 'Otter_MCU/MEMORY_OTTER/ioBuffer_reg[25]' (FDE) to 'Otter_MCU/MEMORY_OTTER/ioBuffer_reg[18]'
INFO: [Synth 8-3886] merging instance 'Otter_MCU/MEMORY_OTTER/ioBuffer_reg[22]' (FDE) to 'Otter_MCU/MEMORY_OTTER/ioBuffer_reg[18]'
INFO: [Synth 8-3886] merging instance 'Otter_MCU/MEMORY_OTTER/ioBuffer_reg[23]' (FDE) to 'Otter_MCU/MEMORY_OTTER/ioBuffer_reg[18]'
INFO: [Synth 8-3886] merging instance 'Otter_MCU/MEMORY_OTTER/ioBuffer_reg[20]' (FDE) to 'Otter_MCU/MEMORY_OTTER/ioBuffer_reg[18]'
INFO: [Synth 8-3886] merging instance 'Otter_MCU/MEMORY_OTTER/ioBuffer_reg[21]' (FDE) to 'Otter_MCU/MEMORY_OTTER/ioBuffer_reg[18]'
INFO: [Synth 8-3886] merging instance 'Otter_MCU/MEMORY_OTTER/ioBuffer_reg[18]' (FDE) to 'Otter_MCU/MEMORY_OTTER/ioBuffer_reg[19]'
INFO: [Synth 8-3333] propagating constant 0 across sequential element (\Otter_MCU/MEMORY_OTTER/ioBuffer_reg[19] )
---------------------------------------------------------------------------------
Finished Cross Boundary and Area Optimization : Time (s): cpu = 00:00:27 ; elapsed = 00:00:29 . Memory (MB): peak = 1156.125 ; gain = 441.262
---------------------------------------------------------------------------------
---------------------------------------------------------------------------------
Start ROM, RAM, DSP and Shift Register Reporting
---------------------------------------------------------------------------------

Block RAM: Preliminary Mapping	Report (see note below)
+--------------+-----------------------------------+------------------------+---+---+------------------------+---+---+------------------+--------+--------+
|Module Name   | RTL Object                        | PORT A (Depth x Width) | W | R | PORT B (Depth x Width) | W | R | Ports driving FF | RAMB18 | RAMB36 | 
+--------------+-----------------------------------+------------------------+---+---+------------------------+---+---+------------------+--------+--------+
|OTTER_Wrapper | Otter_MCU/MEMORY_OTTER/memory_reg | 16 K x 32(READ_FIRST)  | W | R | 16 K x 32(WRITE_FIRST) |   | R | Port A and B     | 0      | 16     | 
+--------------+-----------------------------------+------------------------+---+---+------------------------+---+---+------------------+--------+--------+

Note: The table above is a preliminary report that shows the Block RAMs at the current stage of the synthesis flow. Some Block RAMs may be reimplemented as non Block RAM primitives later in the synthesis flow. Multiple instantiated Block RAMs are reported only once. 

Distributed RAM: Preliminary Mapping	Report (see note below)
+--------------+---------------------------------+-----------+----------------------+--------------+
|Module Name   | RTL Object                      | Inference | Size (Depth x Width) | Primitives   | 
+--------------+---------------------------------+-----------+----------------------+--------------+
|OTTER_Wrapper | Otter_MCU/RF_OTTER/reg_file_reg | Implied   | 32 x 32              | RAM32M x 12	 | 
+--------------+---------------------------------+-----------+----------------------+--------------+

Note: The table above is a preliminary report that shows the Distributed RAMs at the current stage of the synthesis flow. Some Distributed RAMs may be reimplemented as non Distributed RAM primitives later in the synthesis flow. Multiple instantiated RAMs are reported only once.
---------------------------------------------------------------------------------
Finished ROM, RAM, DSP and Shift Register Reporting
---------------------------------------------------------------------------------

Report RTL Partitions: 
+-+--------------+------------+----------+
| |RTL Partition |Replication |Instances |
+-+--------------+------------+----------+
+-+--------------+------------+----------+
---------------------------------------------------------------------------------
Start Applying XDC Timing Constraints
---------------------------------------------------------------------------------
---------------------------------------------------------------------------------
Finished Applying XDC Timing Constraints : Time (s): cpu = 00:00:34 ; elapsed = 00:00:36 . Memory (MB): peak = 1156.125 ; gain = 441.262
---------------------------------------------------------------------------------
---------------------------------------------------------------------------------
Start Timing Optimization
---------------------------------------------------------------------------------
---------------------------------------------------------------------------------
Finished Timing Optimization : Time (s): cpu = 00:00:34 ; elapsed = 00:00:36 . Memory (MB): peak = 1156.125 ; gain = 441.262
---------------------------------------------------------------------------------
---------------------------------------------------------------------------------
Start ROM, RAM, DSP and Shift Register Reporting
---------------------------------------------------------------------------------

Block RAM: Final Mapping	Report
+--------------+-----------------------------------+------------------------+---+---+------------------------+---+---+------------------+--------+--------+
|Module Name   | RTL Object                        | PORT A (Depth x Width) | W | R | PORT B (Depth x Width) | W | R | Ports driving FF | RAMB18 | RAMB36 | 
+--------------+-----------------------------------+------------------------+---+---+------------------------+---+---+------------------+--------+--------+
|OTTER_Wrapper | Otter_MCU/MEMORY_OTTER/memory_reg | 16 K x 32(READ_FIRST)  | W | R | 16 K x 32(WRITE_FIRST) |   | R | Port A and B     | 0      | 16     | 
+--------------+-----------------------------------+------------------------+---+---+------------------------+---+---+------------------+--------+--------+


Distributed RAM: Final Mapping	Report
+--------------+---------------------------------+-----------+----------------------+--------------+
|Module Name   | RTL Object                      | Inference | Size (Depth x Width) | Primitives   | 
+--------------+---------------------------------+-----------+----------------------+--------------+
|OTTER_Wrapper | Otter_MCU/RF_OTTER/reg_file_reg | Implied   | 32 x 32              | RAM32M x 12	 | 
+--------------+---------------------------------+-----------+----------------------+--------------+

---------------------------------------------------------------------------------
Finished ROM, RAM, DSP and Shift Register Reporting
---------------------------------------------------------------------------------

Report RTL Partitions: 
+-+--------------+------------+----------+
| |RTL Partition |Replication |Instances |
+-+--------------+------------+----------+
+-+--------------+------------+----------+
---------------------------------------------------------------------------------
Start Technology Mapping
---------------------------------------------------------------------------------
INFO: [Synth 8-7053] The timing for the instance Otter_MCU/MEMORY_OTTER/memory_reg_bram_8 (implemented as a Block RAM) might be sub-optimal as no optional output register could be merged into the ram block. Providing additional output register may help in improving timing.
INFO: [Synth 8-7053] The timing for the instance Otter_MCU/MEMORY_OTTER/memory_reg_bram_8 (implemented as a Block RAM) might be sub-optimal as no optional output register could be merged into the ram block. Providing additional output register may help in improving timing.
INFO: [Synth 8-7053] The timing for the instance Otter_MCU/MEMORY_OTTER/memory_reg_bram_9 (implemented as a Block RAM) might be sub-optimal as no optional output register could be merged into the ram block. Providing additional output register may help in improving timing.
INFO: [Synth 8-7053] The timing for the instance Otter_MCU/MEMORY_OTTER/memory_reg_bram_9 (implemented as a Block RAM) might be sub-optimal as no optional output register could be merged into the ram block. Providing additional output register may help in improving timing.
INFO: [Synth 8-7053] The timing for the instance Otter_MCU/MEMORY_OTTER/memory_reg_bram_10 (implemented as a Block RAM) might be sub-optimal as no optional output register could be merged into the ram block. Providing additional output register may help in improving timing.
INFO: [Synth 8-7053] The timing for the instance Otter_MCU/MEMORY_OTTER/memory_reg_bram_10 (implemented as a Block RAM) might be sub-optimal as no optional output register could be merged into the ram block. Providing additional output register may help in improving timing.
INFO: [Synth 8-7053] The timing for the instance Otter_MCU/MEMORY_OTTER/memory_reg_bram_11 (implemented as a Block RAM) might be sub-optimal as no optional output register could be merged into the ram block. Providing additional output register may help in improving timing.
INFO: [Synth 8-7053] The timing for the instance Otter_MCU/MEMORY_OTTER/memory_reg_bram_11 (implemented as a Block RAM) might be sub-optimal as no optional output register could be merged into the ram block. Providing additional output register may help in improving timing.
INFO: [Synth 8-7053] The timing for the instance Otter_MCU/MEMORY_OTTER/memory_reg_bram_12 (implemented as a Block RAM) might be sub-optimal as no optional output register could be merged into the ram block. Providing additional output register may help in improving timing.
INFO: [Synth 8-7053] The timing for the instance Otter_MCU/MEMORY_OTTER/memory_reg_bram_12 (implemented as a Block RAM) might be sub-optimal as no optional output register could be merged into the ram block. Providing additional output register may help in improving timing.
INFO: [Synth 8-7053] The timing for the instance Otter_MCU/MEMORY_OTTER/memory_reg_bram_13 (implemented as a Block RAM) might be sub-optimal as no optional output register could be merged into the ram block. Providing additional output register may help in improving timing.
INFO: [Synth 8-7053] The timing for the instance Otter_MCU/MEMORY_OTTER/memory_reg_bram_13 (implemented as a Block RAM) might be sub-optimal as no optional output register could be merged into the ram block. Providing additional output register may help in improving timing.
INFO: [Synth 8-7053] The timing for the instance Otter_MCU/MEMORY_OTTER/memory_reg_bram_14 (implemented as a Block RAM) might be sub-optimal as no optional output register could be merged into the ram block. Providing additional output register may help in improving timing.
INFO: [Synth 8-7053] The timing for the instance Otter_MCU/MEMORY_OTTER/memory_reg_bram_14 (implemented as a Block RAM) might be sub-optimal as no optional output register could be merged into the ram block. Providing additional output register may help in improving timing.
INFO: [Synth 8-7053] The timing for the instance Otter_MCU/MEMORY_OTTER/memory_reg_bram_15 (implemented as a Block RAM) might be sub-optimal as no optional output register could be merged into the ram block. Providing additional output register may help in improving timing.
INFO: [Synth 8-7053] The timing for the instance Otter_MCU/MEMORY_OTTER/memory_reg_bram_15 (implemented as a Block RAM) might be sub-optimal as no optional output register could be merged into the ram block. Providing additional output register may help in improving timing.
INFO: [Synth 8-7053] The timing for the instance Otter_MCU/MEMORY_OTTER/memory_reg_bram_16 (implemented as a Block RAM) might be sub-optimal as no optional output register could be merged into the ram block. Providing additional output register may help in improving timing.
INFO: [Synth 8-7053] The timing for the instance Otter_MCU/MEMORY_OTTER/memory_reg_bram_16 (implemented as a Block RAM) might be sub-optimal as no optional output register could be merged into the ram block. Providing additional output register may help in improving timing.
INFO: [Synth 8-7053] The timing for the instance Otter_MCU/MEMORY_OTTER/memory_reg_bram_17 (implemented as a Block RAM) might be sub-optimal as no optional output register could be merged into the ram block. Providing additional output register may help in improving timing.
INFO: [Synth 8-7053] The timing for the instance Otter_MCU/MEMORY_OTTER/memory_reg_bram_17 (implemented as a Block RAM) might be sub-optimal as no optional output register could be merged into the ram block. Providing additional output register may help in improving timing.
INFO: [Synth 8-7053] The timing for the instance Otter_MCU/MEMORY_OTTER/memory_reg_bram_18 (implemented as a Block RAM) might be sub-optimal as no optional output register could be merged into the ram block. Providing additional output register may help in improving timing.
INFO: [Synth 8-7053] The timing for the instance Otter_MCU/MEMORY_OTTER/memory_reg_bram_18 (implemented as a Block RAM) might be sub-optimal as no optional output register could be merged into the ram block. Providing additional output register may help in improving timing.
INFO: [Synth 8-7053] The timing for the instance Otter_MCU/MEMORY_OTTER/memory_reg_bram_19 (implemented as a Block RAM) might be sub-optimal as no optional output register could be merged into the ram block. Providing additional output register may help in improving timing.
INFO: [Synth 8-7053] The timing for the instance Otter_MCU/MEMORY_OTTER/memory_reg_bram_19 (implemented as a Block RAM) might be sub-optimal as no optional output register could be merged into the ram block. Providing additional output register may help in improving timing.
INFO: [Synth 8-7053] The timing for the instance Otter_MCU/MEMORY_OTTER/memory_reg_bram_20 (implemented as a Block RAM) might be sub-optimal as no optional output register could be merged into the ram block. Providing additional output register may help in improving timing.
INFO: [Synth 8-7053] The timing for the instance Otter_MCU/MEMORY_OTTER/memory_reg_bram_20 (implemented as a Block RAM) might be sub-optimal as no optional output register could be merged into the ram block. Providing additional output register may help in improving timing.
INFO: [Synth 8-7053] The timing for the instance Otter_MCU/MEMORY_OTTER/memory_reg_bram_21 (implemented as a Block RAM) might be sub-optimal as no optional output register could be merged into the ram block. Providing additional output register may help in improving timing.
INFO: [Synth 8-7053] The timing for the instance Otter_MCU/MEMORY_OTTER/memory_reg_bram_21 (implemented as a Block RAM) might be sub-optimal as no optional output register could be merged into the ram block. Providing additional output register may help in improving timing.
INFO: [Synth 8-7053] The timing for the instance Otter_MCU/MEMORY_OTTER/memory_reg_bram_22 (implemented as a Block RAM) might be sub-optimal as no optional output register could be merged into the ram block. Providing additional output register may help in improving timing.
INFO: [Synth 8-7053] The timing for the instance Otter_MCU/MEMORY_OTTER/memory_reg_bram_22 (implemented as a Block RAM) might be sub-optimal as no optional output register could be merged into the ram block. Providing additional output register may help in improving timing.
INFO: [Synth 8-7053] The timing for the instance Otter_MCU/MEMORY_OTTER/memory_reg_bram_23 (implemented as a Block RAM) might be sub-optimal as no optional output register could be merged into the ram block. Providing additional output register may help in improving timing.
INFO: [Synth 8-7053] The timing for the instance Otter_MCU/MEMORY_OTTER/memory_reg_bram_23 (implemented as a Block RAM) might be sub-optimal as no optional output register could be merged into the ram block. Providing additional output register may help in improving timing.
---------------------------------------------------------------------------------
Finished Technology Mapping : Time (s): cpu = 00:00:35 ; elapsed = 00:00:37 . Memory (MB): peak = 1188.113 ; gain = 473.250
---------------------------------------------------------------------------------

Report RTL Partitions: 
+-+--------------+------------+----------+
| |RTL Partition |Replication |Instances |
+-+--------------+------------+----------+
+-+--------------+------------+----------+
---------------------------------------------------------------------------------
Start IO Insertion
---------------------------------------------------------------------------------
---------------------------------------------------------------------------------
Start Flattening Before IO Insertion
---------------------------------------------------------------------------------
---------------------------------------------------------------------------------
Finished Flattening Before IO Insertion
---------------------------------------------------------------------------------
---------------------------------------------------------------------------------
Start Final Netlist Cleanup
---------------------------------------------------------------------------------
---------------------------------------------------------------------------------
Finished Final Netlist Cleanup
---------------------------------------------------------------------------------
---------------------------------------------------------------------------------
Finished IO Insertion : Time (s): cpu = 00:00:39 ; elapsed = 00:00:41 . Memory (MB): peak = 1194.480 ; gain = 479.617
---------------------------------------------------------------------------------
---------------------------------------------------------------------------------
Start Renaming Generated Instances
---------------------------------------------------------------------------------
---------------------------------------------------------------------------------
Finished Renaming Generated Instances : Time (s): cpu = 00:00:39 ; elapsed = 00:00:41 . Memory (MB): peak = 1194.480 ; gain = 479.617
---------------------------------------------------------------------------------

Report RTL Partitions: 
+-+--------------+------------+----------+
| |RTL Partition |Replication |Instances |
+-+--------------+------------+----------+
+-+--------------+------------+----------+

Report Check Netlist: 
+------+------------------+-------+---------+-------+------------------+
|      |Item              |Errors |Warnings |Status |Description       |
+------+------------------+-------+---------+-------+------------------+
|1     |multi_driven_nets |      0|        0|Passed |Multi driven nets |
+------+------------------+-------+---------+-------+------------------+
---------------------------------------------------------------------------------
Start Rebuilding User Hierarchy
---------------------------------------------------------------------------------
---------------------------------------------------------------------------------
Finished Rebuilding User Hierarchy : Time (s): cpu = 00:00:39 ; elapsed = 00:00:41 . Memory (MB): peak = 1194.480 ; gain = 479.617
---------------------------------------------------------------------------------
---------------------------------------------------------------------------------
Start Renaming Generated Ports
---------------------------------------------------------------------------------
---------------------------------------------------------------------------------
Finished Renaming Generated Ports : Time (s): cpu = 00:00:39 ; elapsed = 00:00:41 . Memory (MB): peak = 1194.480 ; gain = 479.617
---------------------------------------------------------------------------------
---------------------------------------------------------------------------------
Start Handling Custom Attributes
---------------------------------------------------------------------------------
---------------------------------------------------------------------------------
Finished Handling Custom Attributes : Time (s): cpu = 00:00:39 ; elapsed = 00:00:41 . Memory (MB): peak = 1194.645 ; gain = 479.781
---------------------------------------------------------------------------------
---------------------------------------------------------------------------------
Start Renaming Generated Nets
---------------------------------------------------------------------------------
---------------------------------------------------------------------------------
Finished Renaming Generated Nets : Time (s): cpu = 00:00:39 ; elapsed = 00:00:41 . Memory (MB): peak = 1194.645 ; gain = 479.781
---------------------------------------------------------------------------------
---------------------------------------------------------------------------------
Start Writing Synthesis Report
---------------------------------------------------------------------------------

Report BlackBoxes: 
+-+--------------+----------+
| |BlackBox name |Instances |
+-+--------------+----------+
+-+--------------+----------+

Report Cell Usage: 
+------+-----------+------+
|      |Cell       |Count |
+------+-----------+------+
|1     |BUFG       |     2|
|2     |CARRY4     |    71|
|3     |LUT1       |    29|
|4     |LUT2       |   171|
|5     |LUT3       |   126|
|6     |LUT4       |   192|
|7     |LUT5       |   201|
|8     |LUT6       |   959|
|9     |MUXF7      |   128|
|10    |MUXF8      |    62|
|11    |RAM32M     |    12|
|12    |RAMB36E1   |     1|
|13    |RAMB36E1_1 |    15|
|14    |FDCE       |    32|
|15    |FDRE       |   177|
|16    |IBUF       |    22|
|17    |OBUF       |    28|
+------+-----------+------+

Report Instance Areas: 
+------+-----------------+-----------------+------+
|      |Instance         |Module           |Cells |
+------+-----------------+-----------------+------+
|1     |top              |                 |  2228|
|2     |  DB             |DBounce          |    27|
|3     |  OneShot        |one_shot_bdir    |     7|
|4     |  Otter_MCU      |Otter_MCU        |  2079|
|5     |    ALU_OTTER    |ALU              |    16|
|6     |    BAG_OTTER    |Branch_Adder_Gen |    36|
|7     |    BCG_OTTER    |Branch_Cond_Gen  |    11|
|8     |    CSR_OTTER    |CSR              |    66|
|9     |    CU_FSM_OTTER |CU_FSM           |    72|
|10    |    MCU_PC_OTTER |PC               |   133|
|11    |    MEMORY_OTTER |Memory           |  1586|
|12    |    RF_OTTER     |RegFile          |   151|
+------+-----------------+-----------------+------+
---------------------------------------------------------------------------------
Finished Writing Synthesis Report : Time (s): cpu = 00:00:39 ; elapsed = 00:00:41 . Memory (MB): peak = 1194.645 ; gain = 479.781
---------------------------------------------------------------------------------
Synthesis finished with 0 errors, 0 critical warnings and 10 warnings.
Synthesis Optimization Runtime : Time (s): cpu = 00:00:32 ; elapsed = 00:00:38 . Memory (MB): peak = 1194.645 ; gain = 355.391
Synthesis Optimization Complete : Time (s): cpu = 00:00:39 ; elapsed = 00:00:41 . Memory (MB): peak = 1194.645 ; gain = 479.781
INFO: [Project 1-571] Translating synthesized netlist
Netlist sorting complete. Time (s): cpu = 00:00:00 ; elapsed = 00:00:00.041 . Memory (MB): peak = 1206.910 ; gain = 0.000
INFO: [Netlist 29-17] Analyzing 289 Unisim elements for replacement
INFO: [Netlist 29-28] Unisim Transformation completed in 0 CPU seconds
INFO: [Project 1-570] Preparing netlist for logic optimization
INFO: [Opt 31-138] Pushed 0 inverter(s) to 0 load pin(s).
Netlist sorting complete. Time (s): cpu = 00:00:00 ; elapsed = 00:00:00 . Memory (MB): peak = 1206.910 ; gain = 0.000
INFO: [Project 1-111] Unisim Transformation Summary:
  A total of 12 instances were transformed.
  RAM32M => RAM32M (RAMD32(x6), RAMS32(x2)): 12 instances

INFO: [Common 17-83] Releasing license: Synthesis
156 Infos, 37 Warnings, 0 Critical Warnings and 0 Errors encountered.
synth_design completed successfully
synth_design: Time (s): cpu = 00:00:44 ; elapsed = 00:00:47 . Memory (MB): peak = 1206.910 ; gain = 780.223
Netlist sorting complete. Time (s): cpu = 00:00:00 ; elapsed = 00:00:00.001 . Memory (MB): peak = 1206.910 ; gain = 0.000
WARNING: [Constraints 18-5210] No constraints selected for write.
Resolution: This message can indicate that there are no constraints for the design, or it can indicate that the used_in flags are set such that the constraints are ignored. This later case is used when running synth_design to not write synthesis constraints to the resulting checkpoint. Instead, project constraints are read when the synthesized design is opened.
INFO: [Common 17-1381] The checkpoint 'D:/Git/practice/Otter_MCU_FPGA_Firmware_Multiplex/Otter_MCU_FPGA_Firmware_Multiplex.runs/synth_1/OTTER_Wrapper.dcp' has been generated.
INFO: [runtcl-4] Executing : report_utilization -file OTTER_Wrapper_utilization_synth.rpt -pb OTTER_Wrapper_utilization_synth.pb
INFO: [Common 17-206] Exiting Vivado at Mon Oct 14 22:47:21 2024...
