#-----------------------------------------------------------
# Vivado v2019.2 (64-bit)
# SW Build 2708876 on Wed Nov  6 21:40:23 MST 2019
# IP Build 2700528 on Thu Nov  7 00:09:20 MST 2019
# Start of session at: Wed Jan 15 23:23:22 2020
# Process ID: 22944
# Current directory: D:/Vivado Projects/Lab_02
# Command line: vivado.exe -gui_launcher_event rodinguilauncherevent17676 D:\Vivado Projects\Lab_02\Lab_02.xpr
# Log file: D:/Vivado Projects/Lab_02/vivado.log
# Journal file: D:/Vivado Projects/Lab_02\vivado.jou
#-----------------------------------------------------------
start_gui
open_project {D:/Vivado Projects/Lab_02/Lab_02.xpr}
Scanning sources...
Finished scanning sources
INFO: [IP_Flow 19-234] Refreshing IP repositories
INFO: [IP_Flow 19-1704] No user IP repositories specified
INFO: [IP_Flow 19-2313] Loaded Vivado IP repository 'C:/Xilinx/Vivado/2019.2/data/ip'.
open_project: Time (s): cpu = 00:00:10 ; elapsed = 00:00:05 . Memory (MB): peak = 759.496 ; gain = 101.691
update_compile_order -fileset sources_1
exit
INFO: [Common 17-206] Exiting Vivado at Wed Jan 15 23:24:06 2020...
