#-----------------------------------------------------------
# Vivado v2019.2 (64-bit)
# SW Build 2708876 on Wed Nov  6 21:40:23 MST 2019
# IP Build 2700528 on Thu Nov  7 00:09:20 MST 2019
# Start of session at: Sat Mar 14 17:49:34 2020
# Process ID: 9012
# Current directory: C:/Users/mjrbr/OneDrive/Cal Poly/Winter 2020/CPE 233/Group Folder/Shared With Mealy/Otter_MCU_FPGA_Firmware_Multiplex
# Command line: vivado.exe -gui_launcher_event rodinguilauncherevent7996 C:\Users\mjrbr\OneDrive\Cal Poly\Winter 2020\CPE 233\Group Folder\Shared With Mealy\Otter_MCU_FPGA_Firmware_Multiplex\Otter_MCU_FPGA_Firmware_Multiplex.xpr
# Log file: C:/Users/mjrbr/OneDrive/Cal Poly/Winter 2020/CPE 233/Group Folder/Shared With Mealy/Otter_MCU_FPGA_Firmware_Multiplex/vivado.log
# Journal file: C:/Users/mjrbr/OneDrive/Cal Poly/Winter 2020/CPE 233/Group Folder/Shared With Mealy/Otter_MCU_FPGA_Firmware_Multiplex\vivado.jou
#-----------------------------------------------------------
start_gui
open_project {C:/Users/mjrbr/OneDrive/Cal Poly/Winter 2020/CPE 233/Group Folder/Shared With Mealy/Otter_MCU_FPGA_Firmware_Multiplex/Otter_MCU_FPGA_Firmware_Multiplex.xpr}
INFO: [ProjectBase 1-489] The host OS only allows 260 characters in a normal path. The project is stored in a path with more than 80 characters. If you experience issues with IP, Block Designs, or files not being found, please consider moving the project to a location with a shorter path. Alternately consider using the OS subst command to map part of the path to a drive letter.
Current project path is 'C:/Users/mjrbr/OneDrive/Cal Poly/Winter 2020/CPE 233/Group Folder/Shared With Mealy/Otter_MCU_FPGA_Firmware_Multiplex'
INFO: [Project 1-313] Project file moved from 'C:/Users/mjrbr/OneDrive/Cal Poly/Winter 2020/CPE 233/Group Folder/Lab 8/Modules/Micah Branch/Otter_MCU_FPGA_Firmware_Multiplex' since last save.
Scanning sources...
Finished scanning sources
INFO: [IP_Flow 19-234] Refreshing IP repositories
INFO: [IP_Flow 19-1704] No user IP repositories specified
INFO: [IP_Flow 19-2313] Loaded Vivado IP repository 'C:/Xilinx/Vivado/2019.2/data/ip'.
open_project: Time (s): cpu = 00:00:15 ; elapsed = 00:00:08 . Memory (MB): peak = 768.434 ; gain = 128.262
update_compile_order -fileset sources_1
reset_run synth_1
launch_runs impl_1 -to_step write_bitstream -jobs 12
[Sat Mar 14 18:02:58 2020] Launched synth_1...
Run output will be captured here: C:/Users/mjrbr/OneDrive/Cal Poly/Winter 2020/CPE 233/Group Folder/Shared With Mealy/Otter_MCU_FPGA_Firmware_Multiplex/Otter_MCU_FPGA_Firmware_Multiplex.runs/synth_1/runme.log
[Sat Mar 14 18:02:58 2020] Launched impl_1...
Run output will be captured here: C:/Users/mjrbr/OneDrive/Cal Poly/Winter 2020/CPE 233/Group Folder/Shared With Mealy/Otter_MCU_FPGA_Firmware_Multiplex/Otter_MCU_FPGA_Firmware_Multiplex.runs/impl_1/runme.log
open_hw_manager
connect_hw_server -allow_non_jtag
INFO: [Labtools 27-2285] Connecting to hw_server url TCP:localhost:3121
INFO: [Labtools 27-2222] Launching hw_server...
INFO: [Labtools 27-2221] Launch Output:

****** Xilinx hw_server v2019.2
  **** Build date : Nov  6 2019 at 22:12:23
    ** Copyright 1986-2019 Xilinx, Inc. All Rights Reserved.


INFO: [Labtools 27-3415] Connecting to cs_server url TCP:localhost:3042
INFO: [Labtools 27-3417] Launching cs_server...
INFO: [Labtools 27-2221] Launch Output:


****** Xilinx cs_server v2019.2.0
  **** Build date : Nov 06 2019-21:28:22
    ** Copyright 2017-2019 Xilinx, Inc. All Rights Reserved.



connect_hw_server: Time (s): cpu = 00:00:01 ; elapsed = 00:00:09 . Memory (MB): peak = 856.023 ; gain = 16.652
open_hw_target
INFO: [Labtoolstcl 44-466] Opening hw_target localhost:3121/xilinx_tcf/Digilent/210183AB505AA
set_property PROGRAM.FILE {C:/Users/mjrbr/OneDrive/Cal Poly/Winter 2020/CPE 233/Group Folder/Shared With Mealy/Otter_MCU_FPGA_Firmware_Multiplex/Otter_MCU_FPGA_Firmware_Multiplex.runs/impl_1/OTTER_Wrapper.bit} [get_hw_devices xc7a35t_0]
current_hw_device [get_hw_devices xc7a35t_0]
refresh_hw_device -update_hw_probes false [lindex [get_hw_devices xc7a35t_0] 0]
INFO: [Labtools 27-1434] Device xc7a35t (JTAG device index = 0) is programmed with a design that has no supported debug core(s) in it.
set_property PROBES.FILE {} [get_hw_devices xc7a35t_0]
set_property FULL_PROBES.FILE {} [get_hw_devices xc7a35t_0]
set_property PROGRAM.FILE {C:/Users/mjrbr/OneDrive/Cal Poly/Winter 2020/CPE 233/Group Folder/Shared With Mealy/Otter_MCU_FPGA_Firmware_Multiplex/Otter_MCU_FPGA_Firmware_Multiplex.runs/impl_1/OTTER_Wrapper.bit} [get_hw_devices xc7a35t_0]
program_hw_devices [get_hw_devices xc7a35t_0]
INFO: [Labtools 27-3164] End of startup status: HIGH
refresh_hw_device [lindex [get_hw_devices xc7a35t_0] 0]
INFO: [Labtools 27-1434] Device xc7a35t (JTAG device index = 0) is programmed with a design that has no supported debug core(s) in it.
reset_run synth_1
launch_runs impl_1 -to_step write_bitstream -jobs 12
[Sat Mar 14 18:14:31 2020] Launched synth_1...
Run output will be captured here: C:/Users/mjrbr/OneDrive/Cal Poly/Winter 2020/CPE 233/Group Folder/Shared With Mealy/Otter_MCU_FPGA_Firmware_Multiplex/Otter_MCU_FPGA_Firmware_Multiplex.runs/synth_1/runme.log
[Sat Mar 14 18:14:31 2020] Launched impl_1...
Run output will be captured here: C:/Users/mjrbr/OneDrive/Cal Poly/Winter 2020/CPE 233/Group Folder/Shared With Mealy/Otter_MCU_FPGA_Firmware_Multiplex/Otter_MCU_FPGA_Firmware_Multiplex.runs/impl_1/runme.log
set_property PROBES.FILE {} [get_hw_devices xc7a35t_0]
set_property FULL_PROBES.FILE {} [get_hw_devices xc7a35t_0]
set_property PROGRAM.FILE {C:/Users/mjrbr/OneDrive/Cal Poly/Winter 2020/CPE 233/Group Folder/Shared With Mealy/Otter_MCU_FPGA_Firmware_Multiplex/Otter_MCU_FPGA_Firmware_Multiplex.runs/impl_1/OTTER_Wrapper.bit} [get_hw_devices xc7a35t_0]
program_hw_devices [get_hw_devices xc7a35t_0]
INFO: [Labtools 27-3164] End of startup status: HIGH
refresh_hw_device [lindex [get_hw_devices xc7a35t_0] 0]
INFO: [Labtools 27-1434] Device xc7a35t (JTAG device index = 0) is programmed with a design that has no supported debug core(s) in it.
reset_run synth_1
launch_runs impl_1 -to_step write_bitstream -jobs 12
[Sat Mar 14 18:39:04 2020] Launched synth_1...
Run output will be captured here: C:/Users/mjrbr/OneDrive/Cal Poly/Winter 2020/CPE 233/Group Folder/Shared With Mealy/Otter_MCU_FPGA_Firmware_Multiplex/Otter_MCU_FPGA_Firmware_Multiplex.runs/synth_1/runme.log
[Sat Mar 14 18:39:04 2020] Launched impl_1...
Run output will be captured here: C:/Users/mjrbr/OneDrive/Cal Poly/Winter 2020/CPE 233/Group Folder/Shared With Mealy/Otter_MCU_FPGA_Firmware_Multiplex/Otter_MCU_FPGA_Firmware_Multiplex.runs/impl_1/runme.log
set_property PROBES.FILE {} [get_hw_devices xc7a35t_0]
set_property FULL_PROBES.FILE {} [get_hw_devices xc7a35t_0]
set_property PROGRAM.FILE {C:/Users/mjrbr/OneDrive/Cal Poly/Winter 2020/CPE 233/Group Folder/Shared With Mealy/Otter_MCU_FPGA_Firmware_Multiplex/Otter_MCU_FPGA_Firmware_Multiplex.runs/impl_1/OTTER_Wrapper.bit} [get_hw_devices xc7a35t_0]
program_hw_devices [get_hw_devices xc7a35t_0]
INFO: [Labtools 27-3164] End of startup status: HIGH
refresh_hw_device [lindex [get_hw_devices xc7a35t_0] 0]
INFO: [Labtools 27-1434] Device xc7a35t (JTAG device index = 0) is programmed with a design that has no supported debug core(s) in it.
export_ip_user_files -of_objects  [get_files {{C:/Users/mjrbr/OneDrive/Cal Poly/Winter 2020/CPE 233/Group Folder/Shared With Mealy/Otter_MCU_FPGA_Firmware_Multiplex/Otter_MCU_FPGA_Firmware_Multiplex.srcs/sources_1/imports/Assembly/led_test.mem}}] -no_script -reset -force -quiet
remove_files  {{C:/Users/mjrbr/OneDrive/Cal Poly/Winter 2020/CPE 233/Group Folder/Shared With Mealy/Otter_MCU_FPGA_Firmware_Multiplex/Otter_MCU_FPGA_Firmware_Multiplex.srcs/sources_1/imports/Assembly/led_test.mem}}
file delete -force {C:/Users/mjrbr/OneDrive/Cal Poly/Winter 2020/CPE 233/Group Folder/Shared With Mealy/Otter_MCU_FPGA_Firmware_Multiplex/Otter_MCU_FPGA_Firmware_Multiplex.srcs/sources_1/imports/Assembly/led_test.mem}
import_files -norecurse {{C:/Users/mjrbr/OneDrive/Cal Poly/Winter 2020/CPE 233/Group Folder/Lab 8/Modules/Micah New Branch/Otter_MCU_FPGA_Ready/Otter_MCU_FPGA_Ready.srcs/sources_1/imports/new/otter_memory.mem}}
reset_run synth_1
launch_runs impl_1 -to_step write_bitstream -jobs 12
[Sat Mar 14 18:43:47 2020] Launched synth_1...
Run output will be captured here: C:/Users/mjrbr/OneDrive/Cal Poly/Winter 2020/CPE 233/Group Folder/Shared With Mealy/Otter_MCU_FPGA_Firmware_Multiplex/Otter_MCU_FPGA_Firmware_Multiplex.runs/synth_1/runme.log
[Sat Mar 14 18:43:47 2020] Launched impl_1...
Run output will be captured here: C:/Users/mjrbr/OneDrive/Cal Poly/Winter 2020/CPE 233/Group Folder/Shared With Mealy/Otter_MCU_FPGA_Firmware_Multiplex/Otter_MCU_FPGA_Firmware_Multiplex.runs/impl_1/runme.log
set_property PROBES.FILE {} [get_hw_devices xc7a35t_0]
set_property FULL_PROBES.FILE {} [get_hw_devices xc7a35t_0]
set_property PROGRAM.FILE {C:/Users/mjrbr/OneDrive/Cal Poly/Winter 2020/CPE 233/Group Folder/Shared With Mealy/Otter_MCU_FPGA_Firmware_Multiplex/Otter_MCU_FPGA_Firmware_Multiplex.runs/impl_1/OTTER_Wrapper.bit} [get_hw_devices xc7a35t_0]
program_hw_devices [get_hw_devices xc7a35t_0]
INFO: [Labtools 27-3164] End of startup status: HIGH
refresh_hw_device [lindex [get_hw_devices xc7a35t_0] 0]
INFO: [Labtools 27-1434] Device xc7a35t (JTAG device index = 0) is programmed with a design that has no supported debug core(s) in it.
