
*** Running vivado
    with args -log OTTER_Wrapper.vds -m64 -product Vivado -mode batch -messageDb vivado.pb -notrace -source OTTER_Wrapper.tcl


****** Vivado v2019.2 (64-bit)
  **** SW Build 2708876 on Wed Nov  6 21:40:23 MST 2019
  **** IP Build 2700528 on Thu Nov  7 00:09:20 MST 2019
    ** Copyright 1986-2019 Xilinx, Inc. All Rights Reserved.

source OTTER_Wrapper.tcl -notrace
Command: synth_design -top OTTER_Wrapper -part xc7a35tcpg236-1
Starting synth_design
Attempting to get a license for feature 'Synthesis' and/or device 'xc7a35t'
INFO: [Common 17-349] Got license for feature 'Synthesis' and/or device 'xc7a35t'
INFO: [Device 21-403] Loading part xc7a35tcpg236-1
INFO: Launching helper process for spawning children vivado processes
INFO: Helper process launched with PID 23924 
WARNING: [Synth 8-6901] identifier 'n' is used before its declaration [C:/Users/mjrbr/OneDrive/Cal Poly/Winter 2020/CPE 233/Group Folder/Lab 5/Modules/Limited_Otter_MCU/Limited_Otter_MCU.srcs/sources_1/new/PC.v:33]
WARNING: [Synth 8-6901] identifier 'n' is used before its declaration [C:/Users/mjrbr/OneDrive/Cal Poly/Winter 2020/CPE 233/Group Folder/Lab 5/Modules/Limited_Otter_MCU/Limited_Otter_MCU.srcs/sources_1/new/PC.v:35]
WARNING: [Synth 8-6901] identifier 'n' is used before its declaration [C:/Users/mjrbr/OneDrive/Cal Poly/Winter 2020/CPE 233/Group Folder/Lab 5/Modules/Limited_Otter_MCU/Limited_Otter_MCU.srcs/sources_1/new/n-bit 2 to 1 MUX.v:35]
WARNING: [Synth 8-6901] identifier 'n' is used before its declaration [C:/Users/mjrbr/OneDrive/Cal Poly/Winter 2020/CPE 233/Group Folder/Lab 5/Modules/Limited_Otter_MCU/Limited_Otter_MCU.srcs/sources_1/new/n-bit 2 to 1 MUX.v:36]
WARNING: [Synth 8-6901] identifier 'n' is used before its declaration [C:/Users/mjrbr/OneDrive/Cal Poly/Winter 2020/CPE 233/Group Folder/Lab 5/Modules/Limited_Otter_MCU/Limited_Otter_MCU.srcs/sources_1/new/n_bit_4t1_MUX.v:41]
WARNING: [Synth 8-6901] identifier 'n' is used before its declaration [C:/Users/mjrbr/OneDrive/Cal Poly/Winter 2020/CPE 233/Group Folder/Lab 5/Modules/Limited_Otter_MCU/Limited_Otter_MCU.srcs/sources_1/new/n_bit_4t1_MUX.v:42]
---------------------------------------------------------------------------------
Starting RTL Elaboration : Time (s): cpu = 00:00:04 ; elapsed = 00:00:04 . Memory (MB): peak = 839.137 ; gain = 238.617
---------------------------------------------------------------------------------
INFO: [Synth 8-6157] synthesizing module 'OTTER_Wrapper' [C:/Users/mjrbr/OneDrive/Cal Poly/Winter 2020/CPE 233/Group Folder/Lab 5/Modules/Limited_Otter_MCU/Limited_Otter_MCU.srcs/sources_1/new/OTTER_Wrapper_v1_04.sv:25]
	Parameter SWITCHES_PORT_ADDR bound to: 285245440 - type: integer 
	Parameter BUTTONS_PORT_ADDR bound to: 285245444 - type: integer 
	Parameter LEDS_PORT_ADDR bound to: 285261824 - type: integer 
	Parameter SEGS_PORT_ADDR bound to: 285261828 - type: integer 
	Parameter ANODES_PORT_ADDR bound to: 285261832 - type: integer 
INFO: [Synth 8-6157] synthesizing module 'Lim_Otter_MCU' [C:/Users/mjrbr/OneDrive/Cal Poly/Winter 2020/CPE 233/Group Folder/Lab 5/Modules/Limited_Otter_MCU/Limited_Otter_MCU.srcs/sources_1/new/Lim_Otter_MCU.v:23]
INFO: [Synth 8-6157] synthesizing module 'n_bit_4t1_MUX' [C:/Users/mjrbr/OneDrive/Cal Poly/Winter 2020/CPE 233/Group Folder/Lab 5/Modules/Limited_Otter_MCU/Limited_Otter_MCU.srcs/sources_1/new/n_bit_4t1_MUX.v:39]
	Parameter n bound to: 32 - type: integer 
INFO: [Synth 8-226] default block is never used [C:/Users/mjrbr/OneDrive/Cal Poly/Winter 2020/CPE 233/Group Folder/Lab 5/Modules/Limited_Otter_MCU/Limited_Otter_MCU.srcs/sources_1/new/n_bit_4t1_MUX.v:48]
INFO: [Synth 8-6155] done synthesizing module 'n_bit_4t1_MUX' (1#1) [C:/Users/mjrbr/OneDrive/Cal Poly/Winter 2020/CPE 233/Group Folder/Lab 5/Modules/Limited_Otter_MCU/Limited_Otter_MCU.srcs/sources_1/new/n_bit_4t1_MUX.v:39]
INFO: [Synth 8-6157] synthesizing module 'PC' [C:/Users/mjrbr/OneDrive/Cal Poly/Winter 2020/CPE 233/Group Folder/Lab 5/Modules/Limited_Otter_MCU/Limited_Otter_MCU.srcs/sources_1/new/PC.v:32]
	Parameter n bound to: 32 - type: integer 
INFO: [Synth 8-6155] done synthesizing module 'PC' (2#1) [C:/Users/mjrbr/OneDrive/Cal Poly/Winter 2020/CPE 233/Group Folder/Lab 5/Modules/Limited_Otter_MCU/Limited_Otter_MCU.srcs/sources_1/new/PC.v:32]
WARNING: [Synth 8-7023] instance 'RF_MUX' of module 'n_bit_4t1_MUX' has 6 connections declared, but only 5 given [C:/Users/mjrbr/OneDrive/Cal Poly/Winter 2020/CPE 233/Group Folder/Lab 5/Modules/Limited_Otter_MCU/Limited_Otter_MCU.srcs/sources_1/new/Lim_Otter_MCU.v:86]
INFO: [Synth 8-6157] synthesizing module 'Memory' [C:/Users/mjrbr/OneDrive/Cal Poly/Winter 2020/CPE 233/Group Folder/Lab 5/Modules/Limited_Otter_MCU/Limited_Otter_MCU.srcs/sources_1/new/otter_memory_v1_05.sv:46]
INFO: [Synth 8-5534] Detected attribute (* rom_style = "{distributed | block}" *) [C:/Users/mjrbr/OneDrive/Cal Poly/Winter 2020/CPE 233/Group Folder/Lab 5/Modules/Limited_Otter_MCU/Limited_Otter_MCU.srcs/sources_1/new/otter_memory_v1_05.sv:68]
INFO: [Synth 8-3876] $readmem data file 'otter_memory.mem' is read successfully [C:/Users/mjrbr/OneDrive/Cal Poly/Winter 2020/CPE 233/Group Folder/Lab 5/Modules/Limited_Otter_MCU/Limited_Otter_MCU.srcs/sources_1/new/otter_memory_v1_05.sv:71]
INFO: [Synth 8-155] case statement is not full and has no default [C:/Users/mjrbr/OneDrive/Cal Poly/Winter 2020/CPE 233/Group Folder/Lab 5/Modules/Limited_Otter_MCU/Limited_Otter_MCU.srcs/sources_1/new/otter_memory_v1_05.sv:93]
INFO: [Synth 8-5772] Detected attribute (* ram_decomp = "power" *) on RAM memory_reg 
INFO: [Synth 8-6155] done synthesizing module 'Memory' (3#1) [C:/Users/mjrbr/OneDrive/Cal Poly/Winter 2020/CPE 233/Group Folder/Lab 5/Modules/Limited_Otter_MCU/Limited_Otter_MCU.srcs/sources_1/new/otter_memory_v1_05.sv:46]
INFO: [Synth 8-6157] synthesizing module 'RegFile' [C:/Users/mjrbr/OneDrive/Cal Poly/Winter 2020/CPE 233/Group Folder/Lab 5/Modules/Limited_Otter_MCU/Limited_Otter_MCU.srcs/sources_1/new/reg_file_v_1_00.sv:33]
INFO: [Synth 8-6155] done synthesizing module 'RegFile' (4#1) [C:/Users/mjrbr/OneDrive/Cal Poly/Winter 2020/CPE 233/Group Folder/Lab 5/Modules/Limited_Otter_MCU/Limited_Otter_MCU.srcs/sources_1/new/reg_file_v_1_00.sv:33]
INFO: [Synth 8-6157] synthesizing module 'Immed_Gen' [C:/Users/mjrbr/OneDrive/Cal Poly/Winter 2020/CPE 233/Group Folder/Lab 5/Modules/Limited_Otter_MCU/Limited_Otter_MCU.srcs/sources_1/new/Immed_Gen.v:31]
	Parameter n bound to: 32 - type: integer 
INFO: [Synth 8-6155] done synthesizing module 'Immed_Gen' (5#1) [C:/Users/mjrbr/OneDrive/Cal Poly/Winter 2020/CPE 233/Group Folder/Lab 5/Modules/Limited_Otter_MCU/Limited_Otter_MCU.srcs/sources_1/new/Immed_Gen.v:31]
INFO: [Synth 8-6157] synthesizing module 'Branch_Adder_Gen' [C:/Users/mjrbr/OneDrive/Cal Poly/Winter 2020/CPE 233/Group Folder/Lab 5/Modules/Limited_Otter_MCU/Limited_Otter_MCU.srcs/sources_1/new/Branch_Adder_Gen.v:35]
	Parameter n bound to: 32 - type: integer 
INFO: [Synth 8-6155] done synthesizing module 'Branch_Adder_Gen' (6#1) [C:/Users/mjrbr/OneDrive/Cal Poly/Winter 2020/CPE 233/Group Folder/Lab 5/Modules/Limited_Otter_MCU/Limited_Otter_MCU.srcs/sources_1/new/Branch_Adder_Gen.v:35]
INFO: [Synth 8-6157] synthesizing module 'mux_2t1_nb' [C:/Users/mjrbr/OneDrive/Cal Poly/Winter 2020/CPE 233/Group Folder/Lab 5/Modules/Limited_Otter_MCU/Limited_Otter_MCU.srcs/sources_1/new/n-bit 2 to 1 MUX.v:33]
	Parameter n bound to: 32 - type: integer 
INFO: [Synth 8-6155] done synthesizing module 'mux_2t1_nb' (7#1) [C:/Users/mjrbr/OneDrive/Cal Poly/Winter 2020/CPE 233/Group Folder/Lab 5/Modules/Limited_Otter_MCU/Limited_Otter_MCU.srcs/sources_1/new/n-bit 2 to 1 MUX.v:33]
INFO: [Synth 8-6157] synthesizing module 'ALU' [C:/Users/mjrbr/OneDrive/Cal Poly/Winter 2020/CPE 233/Group Folder/Lab 5/Modules/Limited_Otter_MCU/Limited_Otter_MCU.srcs/sources_1/new/ALU.v:30]
INFO: [Synth 8-6155] done synthesizing module 'ALU' (8#1) [C:/Users/mjrbr/OneDrive/Cal Poly/Winter 2020/CPE 233/Group Folder/Lab 5/Modules/Limited_Otter_MCU/Limited_Otter_MCU.srcs/sources_1/new/ALU.v:30]
WARNING: [Synth 8-689] width (32) of port connection 'result' does not match port width (33) of module 'ALU' [C:/Users/mjrbr/OneDrive/Cal Poly/Winter 2020/CPE 233/Group Folder/Lab 5/Modules/Limited_Otter_MCU/Limited_Otter_MCU.srcs/sources_1/new/Lim_Otter_MCU.v:162]
INFO: [Synth 8-6157] synthesizing module 'CU_DCDR' [C:/Users/mjrbr/OneDrive/Cal Poly/Winter 2020/CPE 233/Group Folder/Lab 5/Modules/Limited_Otter_MCU/Limited_Otter_MCU.srcs/sources_1/new/CU_Decoder_limited.sv:37]
INFO: [Synth 8-6155] done synthesizing module 'CU_DCDR' (9#1) [C:/Users/mjrbr/OneDrive/Cal Poly/Winter 2020/CPE 233/Group Folder/Lab 5/Modules/Limited_Otter_MCU/Limited_Otter_MCU.srcs/sources_1/new/CU_Decoder_limited.sv:37]
INFO: [Synth 8-6157] synthesizing module 'CU_FSM' [C:/Users/mjrbr/OneDrive/Cal Poly/Winter 2020/CPE 233/Group Folder/Lab 5/Modules/Limited_Otter_MCU/Limited_Otter_MCU.srcs/sources_1/new/CU_FSM_limited.sv:36]
INFO: [Synth 8-6155] done synthesizing module 'CU_FSM' (10#1) [C:/Users/mjrbr/OneDrive/Cal Poly/Winter 2020/CPE 233/Group Folder/Lab 5/Modules/Limited_Otter_MCU/Limited_Otter_MCU.srcs/sources_1/new/CU_FSM_limited.sv:36]
INFO: [Synth 8-5772] Detected attribute (* ram_decomp = "power" *) on RAM memory_reg 
INFO: [Synth 8-6155] done synthesizing module 'Lim_Otter_MCU' (11#1) [C:/Users/mjrbr/OneDrive/Cal Poly/Winter 2020/CPE 233/Group Folder/Lab 5/Modules/Limited_Otter_MCU/Limited_Otter_MCU.srcs/sources_1/new/Lim_Otter_MCU.v:23]
INFO: [Synth 8-5772] Detected attribute (* ram_decomp = "power" *) on RAM memory_reg 
INFO: [Synth 8-6155] done synthesizing module 'OTTER_Wrapper' (12#1) [C:/Users/mjrbr/OneDrive/Cal Poly/Winter 2020/CPE 233/Group Folder/Lab 5/Modules/Limited_Otter_MCU/Limited_Otter_MCU.srcs/sources_1/new/OTTER_Wrapper_v1_04.sv:25]
WARNING: [Synth 8-3331] design CU_FSM has unconnected port intr
WARNING: [Synth 8-3331] design CU_DCDR has unconnected port br_eq
WARNING: [Synth 8-3331] design CU_DCDR has unconnected port br_lt
WARNING: [Synth 8-3331] design CU_DCDR has unconnected port br_ltu
WARNING: [Synth 8-3331] design CU_DCDR has unconnected port func7[6]
WARNING: [Synth 8-3331] design CU_DCDR has unconnected port func7[5]
WARNING: [Synth 8-3331] design CU_DCDR has unconnected port func7[4]
WARNING: [Synth 8-3331] design CU_DCDR has unconnected port func7[3]
WARNING: [Synth 8-3331] design CU_DCDR has unconnected port func7[2]
WARNING: [Synth 8-3331] design CU_DCDR has unconnected port func7[1]
WARNING: [Synth 8-3331] design CU_DCDR has unconnected port func7[0]
WARNING: [Synth 8-3331] design Immed_Gen has unconnected port ir[6]
WARNING: [Synth 8-3331] design Immed_Gen has unconnected port ir[5]
WARNING: [Synth 8-3331] design Immed_Gen has unconnected port ir[4]
WARNING: [Synth 8-3331] design Immed_Gen has unconnected port ir[3]
WARNING: [Synth 8-3331] design Immed_Gen has unconnected port ir[2]
WARNING: [Synth 8-3331] design Immed_Gen has unconnected port ir[1]
WARNING: [Synth 8-3331] design Immed_Gen has unconnected port ir[0]
---------------------------------------------------------------------------------
Finished RTL Elaboration : Time (s): cpu = 00:00:05 ; elapsed = 00:00:05 . Memory (MB): peak = 900.789 ; gain = 300.270
---------------------------------------------------------------------------------

Report Check Netlist: 
+------+------------------+-------+---------+-------+------------------+
|      |Item              |Errors |Warnings |Status |Description       |
+------+------------------+-------+---------+-------+------------------+
|1     |multi_driven_nets |      0|        0|Passed |Multi driven nets |
+------+------------------+-------+---------+-------+------------------+
---------------------------------------------------------------------------------
Start Handling Custom Attributes
---------------------------------------------------------------------------------
---------------------------------------------------------------------------------
Finished Handling Custom Attributes : Time (s): cpu = 00:00:05 ; elapsed = 00:00:05 . Memory (MB): peak = 900.789 ; gain = 300.270
---------------------------------------------------------------------------------
---------------------------------------------------------------------------------
Finished RTL Optimization Phase 1 : Time (s): cpu = 00:00:05 ; elapsed = 00:00:05 . Memory (MB): peak = 900.789 ; gain = 300.270
---------------------------------------------------------------------------------
Netlist sorting complete. Time (s): cpu = 00:00:00 ; elapsed = 00:00:00.030 . Memory (MB): peak = 900.789 ; gain = 0.000
INFO: [Project 1-570] Preparing netlist for logic optimization

Processing XDC Constraints
Initializing timing engine
Parsing XDC File [C:/Users/mjrbr/OneDrive/Cal Poly/Winter 2020/CPE 233/Group Folder/Lab 5/Modules/Limited_Otter_MCU/Limited_Otter_MCU.srcs/constrs_1/new/cnst.xdc]
Finished Parsing XDC File [C:/Users/mjrbr/OneDrive/Cal Poly/Winter 2020/CPE 233/Group Folder/Lab 5/Modules/Limited_Otter_MCU/Limited_Otter_MCU.srcs/constrs_1/new/cnst.xdc]
INFO: [Project 1-236] Implementation specific constraints were found while reading constraint file [C:/Users/mjrbr/OneDrive/Cal Poly/Winter 2020/CPE 233/Group Folder/Lab 5/Modules/Limited_Otter_MCU/Limited_Otter_MCU.srcs/constrs_1/new/cnst.xdc]. These constraints will be ignored for synthesis but will be used in implementation. Impacted constraints are listed in the file [.Xil/OTTER_Wrapper_propImpl.xdc].
Resolution: To avoid this warning, move constraints listed in [.Xil/OTTER_Wrapper_propImpl.xdc] to another XDC file and exclude this new file from synthesis with the used_in_synthesis property (File Properties dialog in GUI) and re-run elaboration/synthesis.
Completed Processing XDC Constraints

Netlist sorting complete. Time (s): cpu = 00:00:00 ; elapsed = 00:00:00 . Memory (MB): peak = 997.512 ; gain = 0.000
INFO: [Project 1-111] Unisim Transformation Summary:
No Unisim elements were transformed.

Constraint Validation Runtime : Time (s): cpu = 00:00:00 ; elapsed = 00:00:00.006 . Memory (MB): peak = 997.512 ; gain = 0.000
---------------------------------------------------------------------------------
Finished Constraint Validation : Time (s): cpu = 00:00:11 ; elapsed = 00:00:11 . Memory (MB): peak = 997.512 ; gain = 396.992
---------------------------------------------------------------------------------
---------------------------------------------------------------------------------
Start Loading Part and Timing Information
---------------------------------------------------------------------------------
Loading part: xc7a35tcpg236-1
---------------------------------------------------------------------------------
Finished Loading Part and Timing Information : Time (s): cpu = 00:00:11 ; elapsed = 00:00:11 . Memory (MB): peak = 997.512 ; gain = 396.992
---------------------------------------------------------------------------------
---------------------------------------------------------------------------------
Start Applying 'set_property' XDC Constraints
---------------------------------------------------------------------------------
---------------------------------------------------------------------------------
Finished applying 'set_property' XDC Constraints : Time (s): cpu = 00:00:11 ; elapsed = 00:00:11 . Memory (MB): peak = 997.512 ; gain = 396.992
---------------------------------------------------------------------------------
INFO: [Synth 8-5546] ROM "pcSource" won't be mapped to RAM because it is too sparse
INFO: [Synth 8-5546] ROM "alu_srcB" won't be mapped to RAM because it is too sparse
INFO: [Synth 8-5546] ROM "rf_wr_sel" won't be mapped to RAM because it is too sparse
INFO: [Synth 8-802] inferred FSM for state register 'PS_reg' in module 'CU_FSM'
INFO: [Synth 8-5546] ROM "NS" won't be mapped to RAM because it is too sparse
INFO: [Synth 8-7030] Implemented Non-Cascaded Block Ram (cascade_height = 1) of width 32 for RAM "Memory:/memory_reg"
INFO: [Synth 8-7030] Implemented Non-Cascaded Block Ram (cascade_height = 1) of width 32 for RAM "Memory:/memory_reg"
INFO: [Synth 8-7030] Implemented Non-Cascaded Block Ram (cascade_height = 1) of width 32 for RAM "Memory:/memory_reg"
INFO: [Synth 8-7030] Implemented Non-Cascaded Block Ram (cascade_height = 1) of width 32 for RAM "Memory:/memory_reg"
INFO: [Synth 8-7030] Implemented Non-Cascaded Block Ram (cascade_height = 1) of width 32 for RAM "Memory:/memory_reg"
INFO: [Synth 8-7030] Implemented Non-Cascaded Block Ram (cascade_height = 1) of width 32 for RAM "Memory:/memory_reg"
INFO: [Synth 8-7030] Implemented Non-Cascaded Block Ram (cascade_height = 1) of width 32 for RAM "Memory:/memory_reg"
INFO: [Synth 8-7030] Implemented Non-Cascaded Block Ram (cascade_height = 1) of width 32 for RAM "Memory:/memory_reg"
INFO: [Synth 8-7030] Implemented Non-Cascaded Block Ram (cascade_height = 1) of width 32 for RAM "Memory:/memory_reg"
INFO: [Synth 8-7030] Implemented Non-Cascaded Block Ram (cascade_height = 1) of width 32 for RAM "Memory:/memory_reg"
INFO: [Synth 8-7030] Implemented Non-Cascaded Block Ram (cascade_height = 1) of width 32 for RAM "Memory:/memory_reg"
INFO: [Synth 8-7030] Implemented Non-Cascaded Block Ram (cascade_height = 1) of width 32 for RAM "Memory:/memory_reg"
INFO: [Synth 8-7030] Implemented Non-Cascaded Block Ram (cascade_height = 1) of width 32 for RAM "Memory:/memory_reg"
INFO: [Synth 8-7030] Implemented Non-Cascaded Block Ram (cascade_height = 1) of width 32 for RAM "Memory:/memory_reg"
INFO: [Synth 8-7030] Implemented Non-Cascaded Block Ram (cascade_height = 1) of width 32 for RAM "Memory:/memory_reg"
INFO: [Synth 8-7030] Implemented Non-Cascaded Block Ram (cascade_height = 1) of width 32 for RAM "Memory:/memory_reg"
---------------------------------------------------------------------------------------------------
                   State |                     New Encoding |                Previous Encoding 
---------------------------------------------------------------------------------------------------
                  st_FET |                               00 |                               00
                   st_EX |                               01 |                               01
                   st_WB |                               10 |                               10
---------------------------------------------------------------------------------------------------
INFO: [Synth 8-3354] encoded FSM with state register 'PS_reg' using encoding 'sequential' in module 'CU_FSM'
---------------------------------------------------------------------------------
Finished RTL Optimization Phase 2 : Time (s): cpu = 00:00:11 ; elapsed = 00:00:12 . Memory (MB): peak = 997.512 ; gain = 396.992
---------------------------------------------------------------------------------

Report RTL Partitions: 
+-+--------------+------------+----------+
| |RTL Partition |Replication |Instances |
+-+--------------+------------+----------+
+-+--------------+------------+----------+
---------------------------------------------------------------------------------
Start RTL Component Statistics 
---------------------------------------------------------------------------------
Detailed RTL Component Info : 
+---Adders : 
	   2 Input     33 Bit       Adders := 1     
	   3 Input     33 Bit       Adders := 1     
	   2 Input     32 Bit       Adders := 4     
+---XORs : 
	   2 Input     33 Bit         XORs := 1     
+---Registers : 
	               32 Bit    Registers := 4     
	               16 Bit    Registers := 1     
	                8 Bit    Registers := 1     
	                4 Bit    Registers := 1     
	                1 Bit    Registers := 2     
+---RAMs : 
	             512K Bit         RAMs := 1     
	             1024 Bit         RAMs := 1     
+---Muxes : 
	   4 Input     32 Bit        Muxes := 3     
	   9 Input     32 Bit        Muxes := 2     
	  16 Input     32 Bit        Muxes := 1     
	   2 Input     32 Bit        Muxes := 2     
	   3 Input     32 Bit        Muxes := 2     
	   2 Input     16 Bit        Muxes := 1     
	   4 Input     16 Bit        Muxes := 1     
	   6 Input      4 Bit        Muxes := 1     
	   6 Input      2 Bit        Muxes := 4     
	   3 Input      2 Bit        Muxes := 1     
	   9 Input      1 Bit        Muxes := 1     
	   6 Input      1 Bit        Muxes := 5     
	   3 Input      1 Bit        Muxes := 5     
	   2 Input      1 Bit        Muxes := 3     
	   4 Input      1 Bit        Muxes := 3     
---------------------------------------------------------------------------------
Finished RTL Component Statistics 
---------------------------------------------------------------------------------
---------------------------------------------------------------------------------
Start RTL Hierarchical Component Statistics 
---------------------------------------------------------------------------------
Hierarchical RTL Component report 
Module OTTER_Wrapper 
Detailed RTL Component Info : 
+---Registers : 
	               16 Bit    Registers := 1     
	                8 Bit    Registers := 1     
	                4 Bit    Registers := 1     
	                1 Bit    Registers := 1     
+---Muxes : 
	   2 Input     32 Bit        Muxes := 1     
	   3 Input     32 Bit        Muxes := 1     
	   2 Input     16 Bit        Muxes := 1     
	   4 Input     16 Bit        Muxes := 1     
	   2 Input      1 Bit        Muxes := 3     
	   4 Input      1 Bit        Muxes := 3     
Module n_bit_4t1_MUX 
Detailed RTL Component Info : 
+---Muxes : 
	   4 Input     32 Bit        Muxes := 1     
Module PC 
Detailed RTL Component Info : 
+---Registers : 
	               32 Bit    Registers := 1     
Module Memory 
Detailed RTL Component Info : 
+---Registers : 
	               32 Bit    Registers := 3     
+---RAMs : 
	             512K Bit         RAMs := 1     
+---Muxes : 
	   9 Input     32 Bit        Muxes := 2     
	  16 Input     32 Bit        Muxes := 1     
	   2 Input     32 Bit        Muxes := 1     
	   9 Input      1 Bit        Muxes := 1     
Module RegFile 
Detailed RTL Component Info : 
+---RAMs : 
	             1024 Bit         RAMs := 1     
Module Branch_Adder_Gen 
Detailed RTL Component Info : 
+---Adders : 
	   2 Input     32 Bit       Adders := 3     
Module mux_2t1_nb 
Detailed RTL Component Info : 
+---Muxes : 
	   3 Input     32 Bit        Muxes := 1     
Module ALU 
Detailed RTL Component Info : 
+---Adders : 
	   2 Input     33 Bit       Adders := 1     
	   3 Input     33 Bit       Adders := 1     
+---XORs : 
	   2 Input     33 Bit         XORs := 1     
Module CU_DCDR 
Detailed RTL Component Info : 
+---Muxes : 
	   6 Input      4 Bit        Muxes := 1     
	   6 Input      2 Bit        Muxes := 3     
	   6 Input      1 Bit        Muxes := 1     
Module CU_FSM 
Detailed RTL Component Info : 
+---Registers : 
	                1 Bit    Registers := 1     
+---Muxes : 
	   3 Input      2 Bit        Muxes := 1     
	   6 Input      2 Bit        Muxes := 1     
	   6 Input      1 Bit        Muxes := 4     
	   3 Input      1 Bit        Muxes := 5     
Module Lim_Otter_MCU 
Detailed RTL Component Info : 
+---Adders : 
	   2 Input     32 Bit       Adders := 1     
---------------------------------------------------------------------------------
Finished RTL Hierarchical Component Statistics
---------------------------------------------------------------------------------
---------------------------------------------------------------------------------
Start Part Resource Summary
---------------------------------------------------------------------------------
Part Resources:
DSPs: 90 (col length:60)
BRAMs: 100 (col length: RAMB18 60 RAMB36 30)
---------------------------------------------------------------------------------
Finished Part Resource Summary
---------------------------------------------------------------------------------
---------------------------------------------------------------------------------
Start Cross Boundary and Area Optimization
---------------------------------------------------------------------------------
Warning: Parallel synthesis criteria is not met 
INFO: [Synth 8-5546] ROM "OTTER_CU_DCDR/pcSource" won't be mapped to RAM because it is too sparse
INFO: [Synth 8-5546] ROM "OTTER_CU_DCDR/alu_srcB" won't be mapped to RAM because it is too sparse
INFO: [Synth 8-5546] ROM "OTTER_CU_DCDR/rf_wr_sel" won't be mapped to RAM because it is too sparse
WARNING: [Synth 8-3331] design Lim_Otter_MCU has unconnected port INTR
INFO: [Synth 8-7030] Implemented Non-Cascaded Block Ram (cascade_height = 1) of width 32 for RAM "OTTER_Wrapper/Otter_MCU/OTTER_MEMORY/memory_reg"
INFO: [Synth 8-7030] Implemented Non-Cascaded Block Ram (cascade_height = 1) of width 32 for RAM "OTTER_Wrapper/Otter_MCU/OTTER_MEMORY/memory_reg"
INFO: [Synth 8-7030] Implemented Non-Cascaded Block Ram (cascade_height = 1) of width 32 for RAM "OTTER_Wrapper/Otter_MCU/OTTER_MEMORY/memory_reg"
INFO: [Synth 8-7030] Implemented Non-Cascaded Block Ram (cascade_height = 1) of width 32 for RAM "OTTER_Wrapper/Otter_MCU/OTTER_MEMORY/memory_reg"
INFO: [Synth 8-7030] Implemented Non-Cascaded Block Ram (cascade_height = 1) of width 32 for RAM "OTTER_Wrapper/Otter_MCU/OTTER_MEMORY/memory_reg"
INFO: [Synth 8-7030] Implemented Non-Cascaded Block Ram (cascade_height = 1) of width 32 for RAM "OTTER_Wrapper/Otter_MCU/OTTER_MEMORY/memory_reg"
INFO: [Synth 8-7030] Implemented Non-Cascaded Block Ram (cascade_height = 1) of width 32 for RAM "OTTER_Wrapper/Otter_MCU/OTTER_MEMORY/memory_reg"
INFO: [Synth 8-7030] Implemented Non-Cascaded Block Ram (cascade_height = 1) of width 32 for RAM "OTTER_Wrapper/Otter_MCU/OTTER_MEMORY/memory_reg"
INFO: [Synth 8-7030] Implemented Non-Cascaded Block Ram (cascade_height = 1) of width 32 for RAM "OTTER_Wrapper/Otter_MCU/OTTER_MEMORY/memory_reg"
INFO: [Synth 8-7030] Implemented Non-Cascaded Block Ram (cascade_height = 1) of width 32 for RAM "OTTER_Wrapper/Otter_MCU/OTTER_MEMORY/memory_reg"
INFO: [Synth 8-7030] Implemented Non-Cascaded Block Ram (cascade_height = 1) of width 32 for RAM "OTTER_Wrapper/Otter_MCU/OTTER_MEMORY/memory_reg"
INFO: [Synth 8-7030] Implemented Non-Cascaded Block Ram (cascade_height = 1) of width 32 for RAM "OTTER_Wrapper/Otter_MCU/OTTER_MEMORY/memory_reg"
INFO: [Synth 8-7030] Implemented Non-Cascaded Block Ram (cascade_height = 1) of width 32 for RAM "OTTER_Wrapper/Otter_MCU/OTTER_MEMORY/memory_reg"
INFO: [Synth 8-7030] Implemented Non-Cascaded Block Ram (cascade_height = 1) of width 32 for RAM "OTTER_Wrapper/Otter_MCU/OTTER_MEMORY/memory_reg"
INFO: [Synth 8-7030] Implemented Non-Cascaded Block Ram (cascade_height = 1) of width 32 for RAM "OTTER_Wrapper/Otter_MCU/OTTER_MEMORY/memory_reg"
INFO: [Synth 8-7030] Implemented Non-Cascaded Block Ram (cascade_height = 1) of width 32 for RAM "OTTER_Wrapper/Otter_MCU/OTTER_MEMORY/memory_reg"
INFO: [Synth 8-3886] merging instance 'Otter_MCU/OTTER_MEMORY/ioBuffer_reg[16]' (FDE) to 'Otter_MCU/OTTER_MEMORY/ioBuffer_reg[17]'
INFO: [Synth 8-3886] merging instance 'Otter_MCU/OTTER_MEMORY/ioBuffer_reg[17]' (FDE) to 'Otter_MCU/OTTER_MEMORY/ioBuffer_reg[18]'
INFO: [Synth 8-3886] merging instance 'Otter_MCU/OTTER_MEMORY/ioBuffer_reg[22]' (FDE) to 'Otter_MCU/OTTER_MEMORY/ioBuffer_reg[18]'
INFO: [Synth 8-3886] merging instance 'Otter_MCU/OTTER_MEMORY/ioBuffer_reg[23]' (FDE) to 'Otter_MCU/OTTER_MEMORY/ioBuffer_reg[18]'
INFO: [Synth 8-3886] merging instance 'Otter_MCU/OTTER_MEMORY/ioBuffer_reg[20]' (FDE) to 'Otter_MCU/OTTER_MEMORY/ioBuffer_reg[18]'
INFO: [Synth 8-3886] merging instance 'Otter_MCU/OTTER_MEMORY/ioBuffer_reg[21]' (FDE) to 'Otter_MCU/OTTER_MEMORY/ioBuffer_reg[18]'
INFO: [Synth 8-3886] merging instance 'Otter_MCU/OTTER_MEMORY/ioBuffer_reg[18]' (FDE) to 'Otter_MCU/OTTER_MEMORY/ioBuffer_reg[19]'
INFO: [Synth 8-3886] merging instance 'Otter_MCU/OTTER_MEMORY/ioBuffer_reg[19]' (FDE) to 'Otter_MCU/OTTER_MEMORY/ioBuffer_reg[24]'
INFO: [Synth 8-3886] merging instance 'Otter_MCU/OTTER_MEMORY/ioBuffer_reg[28]' (FDE) to 'Otter_MCU/OTTER_MEMORY/ioBuffer_reg[24]'
INFO: [Synth 8-3886] merging instance 'Otter_MCU/OTTER_MEMORY/ioBuffer_reg[29]' (FDE) to 'Otter_MCU/OTTER_MEMORY/ioBuffer_reg[24]'
INFO: [Synth 8-3886] merging instance 'Otter_MCU/OTTER_MEMORY/ioBuffer_reg[26]' (FDE) to 'Otter_MCU/OTTER_MEMORY/ioBuffer_reg[24]'
INFO: [Synth 8-3886] merging instance 'Otter_MCU/OTTER_MEMORY/ioBuffer_reg[27]' (FDE) to 'Otter_MCU/OTTER_MEMORY/ioBuffer_reg[24]'
INFO: [Synth 8-3886] merging instance 'Otter_MCU/OTTER_MEMORY/ioBuffer_reg[24]' (FDE) to 'Otter_MCU/OTTER_MEMORY/ioBuffer_reg[25]'
INFO: [Synth 8-3886] merging instance 'Otter_MCU/OTTER_MEMORY/ioBuffer_reg[25]' (FDE) to 'Otter_MCU/OTTER_MEMORY/ioBuffer_reg[30]'
INFO: [Synth 8-3886] merging instance 'Otter_MCU/OTTER_MEMORY/ioBuffer_reg[30]' (FDE) to 'Otter_MCU/OTTER_MEMORY/ioBuffer_reg[31]'
INFO: [Synth 8-3333] propagating constant 0 across sequential element (\Otter_MCU/OTTER_MEMORY/ioBuffer_reg[31] )
---------------------------------------------------------------------------------
Finished Cross Boundary and Area Optimization : Time (s): cpu = 00:00:24 ; elapsed = 00:00:25 . Memory (MB): peak = 1026.703 ; gain = 426.184
---------------------------------------------------------------------------------
---------------------------------------------------------------------------------
Start ROM, RAM, DSP and Shift Register Reporting
---------------------------------------------------------------------------------

Block RAM: Preliminary Mapping	Report (see note below)
+--------------+-----------------------------------+------------------------+---+---+------------------------+---+---+------------------+--------+--------+
|Module Name   | RTL Object                        | PORT A (Depth x Width) | W | R | PORT B (Depth x Width) | W | R | Ports driving FF | RAMB18 | RAMB36 | 
+--------------+-----------------------------------+------------------------+---+---+------------------------+---+---+------------------+--------+--------+
|OTTER_Wrapper | Otter_MCU/OTTER_MEMORY/memory_reg | 16 K x 32(READ_FIRST)  | W | R | 16 K x 32(WRITE_FIRST) |   | R | Port A and B     | 0      | 16     | 
+--------------+-----------------------------------+------------------------+---+---+------------------------+---+---+------------------+--------+--------+

Note: The table above is a preliminary report that shows the Block RAMs at the current stage of the synthesis flow. Some Block RAMs may be reimplemented as non Block RAM primitives later in the synthesis flow. Multiple instantiated Block RAMs are reported only once. 

Distributed RAM: Preliminary Mapping	Report (see note below)
+--------------+---------------------------------+-----------+----------------------+--------------+
|Module Name   | RTL Object                      | Inference | Size (Depth x Width) | Primitives   | 
+--------------+---------------------------------+-----------+----------------------+--------------+
|OTTER_Wrapper | Otter_MCU/OTTER_RF/reg_file_reg | Implied   | 32 x 32              | RAM32M x 12	 | 
+--------------+---------------------------------+-----------+----------------------+--------------+

Note: The table above is a preliminary report that shows the Distributed RAMs at the current stage of the synthesis flow. Some Distributed RAMs may be reimplemented as non Distributed RAM primitives later in the synthesis flow. Multiple instantiated RAMs are reported only once.
---------------------------------------------------------------------------------
Finished ROM, RAM, DSP and Shift Register Reporting
---------------------------------------------------------------------------------

Report RTL Partitions: 
+-+--------------+------------+----------+
| |RTL Partition |Replication |Instances |
+-+--------------+------------+----------+
+-+--------------+------------+----------+
---------------------------------------------------------------------------------
Start Applying XDC Timing Constraints
---------------------------------------------------------------------------------
---------------------------------------------------------------------------------
Finished Applying XDC Timing Constraints : Time (s): cpu = 00:00:31 ; elapsed = 00:00:31 . Memory (MB): peak = 1026.703 ; gain = 426.184
---------------------------------------------------------------------------------
---------------------------------------------------------------------------------
Start Timing Optimization
---------------------------------------------------------------------------------
---------------------------------------------------------------------------------
Finished Timing Optimization : Time (s): cpu = 00:00:31 ; elapsed = 00:00:31 . Memory (MB): peak = 1026.703 ; gain = 426.184
---------------------------------------------------------------------------------
---------------------------------------------------------------------------------
Start ROM, RAM, DSP and Shift Register Reporting
---------------------------------------------------------------------------------

Block RAM: Final Mapping	Report
+--------------+-----------------------------------+------------------------+---+---+------------------------+---+---+------------------+--------+--------+
|Module Name   | RTL Object                        | PORT A (Depth x Width) | W | R | PORT B (Depth x Width) | W | R | Ports driving FF | RAMB18 | RAMB36 | 
+--------------+-----------------------------------+------------------------+---+---+------------------------+---+---+------------------+--------+--------+
|OTTER_Wrapper | Otter_MCU/OTTER_MEMORY/memory_reg | 16 K x 32(READ_FIRST)  | W | R | 16 K x 32(WRITE_FIRST) |   | R | Port A and B     | 0      | 16     | 
+--------------+-----------------------------------+------------------------+---+---+------------------------+---+---+------------------+--------+--------+


Distributed RAM: Final Mapping	Report
+--------------+---------------------------------+-----------+----------------------+--------------+
|Module Name   | RTL Object                      | Inference | Size (Depth x Width) | Primitives   | 
+--------------+---------------------------------+-----------+----------------------+--------------+
|OTTER_Wrapper | Otter_MCU/OTTER_RF/reg_file_reg | Implied   | 32 x 32              | RAM32M x 12	 | 
+--------------+---------------------------------+-----------+----------------------+--------------+

---------------------------------------------------------------------------------
Finished ROM, RAM, DSP and Shift Register Reporting
---------------------------------------------------------------------------------

Report RTL Partitions: 
+-+--------------+------------+----------+
| |RTL Partition |Replication |Instances |
+-+--------------+------------+----------+
+-+--------------+------------+----------+
---------------------------------------------------------------------------------
Start Technology Mapping
---------------------------------------------------------------------------------
INFO: [Synth 8-7053] The timing for the instance Otter_MCU/OTTER_MEMORY/memory_reg_bram_8 (implemented as a Block RAM) might be sub-optimal as no optional output register could be merged into the ram block. Providing additional output register may help in improving timing.
INFO: [Synth 8-7053] The timing for the instance Otter_MCU/OTTER_MEMORY/memory_reg_bram_8 (implemented as a Block RAM) might be sub-optimal as no optional output register could be merged into the ram block. Providing additional output register may help in improving timing.
INFO: [Synth 8-7053] The timing for the instance Otter_MCU/OTTER_MEMORY/memory_reg_bram_9 (implemented as a Block RAM) might be sub-optimal as no optional output register could be merged into the ram block. Providing additional output register may help in improving timing.
INFO: [Synth 8-7053] The timing for the instance Otter_MCU/OTTER_MEMORY/memory_reg_bram_9 (implemented as a Block RAM) might be sub-optimal as no optional output register could be merged into the ram block. Providing additional output register may help in improving timing.
INFO: [Synth 8-7053] The timing for the instance Otter_MCU/OTTER_MEMORY/memory_reg_bram_10 (implemented as a Block RAM) might be sub-optimal as no optional output register could be merged into the ram block. Providing additional output register may help in improving timing.
INFO: [Synth 8-7053] The timing for the instance Otter_MCU/OTTER_MEMORY/memory_reg_bram_10 (implemented as a Block RAM) might be sub-optimal as no optional output register could be merged into the ram block. Providing additional output register may help in improving timing.
INFO: [Synth 8-7053] The timing for the instance Otter_MCU/OTTER_MEMORY/memory_reg_bram_11 (implemented as a Block RAM) might be sub-optimal as no optional output register could be merged into the ram block. Providing additional output register may help in improving timing.
INFO: [Synth 8-7053] The timing for the instance Otter_MCU/OTTER_MEMORY/memory_reg_bram_11 (implemented as a Block RAM) might be sub-optimal as no optional output register could be merged into the ram block. Providing additional output register may help in improving timing.
INFO: [Synth 8-7053] The timing for the instance Otter_MCU/OTTER_MEMORY/memory_reg_bram_12 (implemented as a Block RAM) might be sub-optimal as no optional output register could be merged into the ram block. Providing additional output register may help in improving timing.
INFO: [Synth 8-7053] The timing for the instance Otter_MCU/OTTER_MEMORY/memory_reg_bram_12 (implemented as a Block RAM) might be sub-optimal as no optional output register could be merged into the ram block. Providing additional output register may help in improving timing.
INFO: [Synth 8-7053] The timing for the instance Otter_MCU/OTTER_MEMORY/memory_reg_bram_13 (implemented as a Block RAM) might be sub-optimal as no optional output register could be merged into the ram block. Providing additional output register may help in improving timing.
INFO: [Synth 8-7053] The timing for the instance Otter_MCU/OTTER_MEMORY/memory_reg_bram_13 (implemented as a Block RAM) might be sub-optimal as no optional output register could be merged into the ram block. Providing additional output register may help in improving timing.
INFO: [Synth 8-7053] The timing for the instance Otter_MCU/OTTER_MEMORY/memory_reg_bram_14 (implemented as a Block RAM) might be sub-optimal as no optional output register could be merged into the ram block. Providing additional output register may help in improving timing.
INFO: [Synth 8-7053] The timing for the instance Otter_MCU/OTTER_MEMORY/memory_reg_bram_14 (implemented as a Block RAM) might be sub-optimal as no optional output register could be merged into the ram block. Providing additional output register may help in improving timing.
INFO: [Synth 8-7053] The timing for the instance Otter_MCU/OTTER_MEMORY/memory_reg_bram_15 (implemented as a Block RAM) might be sub-optimal as no optional output register could be merged into the ram block. Providing additional output register may help in improving timing.
INFO: [Synth 8-7053] The timing for the instance Otter_MCU/OTTER_MEMORY/memory_reg_bram_15 (implemented as a Block RAM) might be sub-optimal as no optional output register could be merged into the ram block. Providing additional output register may help in improving timing.
INFO: [Synth 8-7053] The timing for the instance Otter_MCU/OTTER_MEMORY/memory_reg_bram_16 (implemented as a Block RAM) might be sub-optimal as no optional output register could be merged into the ram block. Providing additional output register may help in improving timing.
INFO: [Synth 8-7053] The timing for the instance Otter_MCU/OTTER_MEMORY/memory_reg_bram_16 (implemented as a Block RAM) might be sub-optimal as no optional output register could be merged into the ram block. Providing additional output register may help in improving timing.
INFO: [Synth 8-7053] The timing for the instance Otter_MCU/OTTER_MEMORY/memory_reg_bram_17 (implemented as a Block RAM) might be sub-optimal as no optional output register could be merged into the ram block. Providing additional output register may help in improving timing.
INFO: [Synth 8-7053] The timing for the instance Otter_MCU/OTTER_MEMORY/memory_reg_bram_17 (implemented as a Block RAM) might be sub-optimal as no optional output register could be merged into the ram block. Providing additional output register may help in improving timing.
INFO: [Synth 8-7053] The timing for the instance Otter_MCU/OTTER_MEMORY/memory_reg_bram_18 (implemented as a Block RAM) might be sub-optimal as no optional output register could be merged into the ram block. Providing additional output register may help in improving timing.
INFO: [Synth 8-7053] The timing for the instance Otter_MCU/OTTER_MEMORY/memory_reg_bram_18 (implemented as a Block RAM) might be sub-optimal as no optional output register could be merged into the ram block. Providing additional output register may help in improving timing.
INFO: [Synth 8-7053] The timing for the instance Otter_MCU/OTTER_MEMORY/memory_reg_bram_19 (implemented as a Block RAM) might be sub-optimal as no optional output register could be merged into the ram block. Providing additional output register may help in improving timing.
INFO: [Synth 8-7053] The timing for the instance Otter_MCU/OTTER_MEMORY/memory_reg_bram_19 (implemented as a Block RAM) might be sub-optimal as no optional output register could be merged into the ram block. Providing additional output register may help in improving timing.
INFO: [Synth 8-7053] The timing for the instance Otter_MCU/OTTER_MEMORY/memory_reg_bram_20 (implemented as a Block RAM) might be sub-optimal as no optional output register could be merged into the ram block. Providing additional output register may help in improving timing.
INFO: [Synth 8-7053] The timing for the instance Otter_MCU/OTTER_MEMORY/memory_reg_bram_20 (implemented as a Block RAM) might be sub-optimal as no optional output register could be merged into the ram block. Providing additional output register may help in improving timing.
INFO: [Synth 8-7053] The timing for the instance Otter_MCU/OTTER_MEMORY/memory_reg_bram_21 (implemented as a Block RAM) might be sub-optimal as no optional output register could be merged into the ram block. Providing additional output register may help in improving timing.
INFO: [Synth 8-7053] The timing for the instance Otter_MCU/OTTER_MEMORY/memory_reg_bram_21 (implemented as a Block RAM) might be sub-optimal as no optional output register could be merged into the ram block. Providing additional output register may help in improving timing.
INFO: [Synth 8-7053] The timing for the instance Otter_MCU/OTTER_MEMORY/memory_reg_bram_22 (implemented as a Block RAM) might be sub-optimal as no optional output register could be merged into the ram block. Providing additional output register may help in improving timing.
INFO: [Synth 8-7053] The timing for the instance Otter_MCU/OTTER_MEMORY/memory_reg_bram_22 (implemented as a Block RAM) might be sub-optimal as no optional output register could be merged into the ram block. Providing additional output register may help in improving timing.
INFO: [Synth 8-7053] The timing for the instance Otter_MCU/OTTER_MEMORY/memory_reg_bram_23 (implemented as a Block RAM) might be sub-optimal as no optional output register could be merged into the ram block. Providing additional output register may help in improving timing.
INFO: [Synth 8-7053] The timing for the instance Otter_MCU/OTTER_MEMORY/memory_reg_bram_23 (implemented as a Block RAM) might be sub-optimal as no optional output register could be merged into the ram block. Providing additional output register may help in improving timing.
---------------------------------------------------------------------------------
Finished Technology Mapping : Time (s): cpu = 00:00:32 ; elapsed = 00:00:32 . Memory (MB): peak = 1067.176 ; gain = 466.656
---------------------------------------------------------------------------------

Report RTL Partitions: 
+-+--------------+------------+----------+
| |RTL Partition |Replication |Instances |
+-+--------------+------------+----------+
+-+--------------+------------+----------+
---------------------------------------------------------------------------------
Start IO Insertion
---------------------------------------------------------------------------------
---------------------------------------------------------------------------------
Start Flattening Before IO Insertion
---------------------------------------------------------------------------------
---------------------------------------------------------------------------------
Finished Flattening Before IO Insertion
---------------------------------------------------------------------------------
---------------------------------------------------------------------------------
Start Final Netlist Cleanup
---------------------------------------------------------------------------------
---------------------------------------------------------------------------------
Finished Final Netlist Cleanup
---------------------------------------------------------------------------------
---------------------------------------------------------------------------------
Finished IO Insertion : Time (s): cpu = 00:00:35 ; elapsed = 00:00:36 . Memory (MB): peak = 1074.172 ; gain = 473.652
---------------------------------------------------------------------------------
---------------------------------------------------------------------------------
Start Renaming Generated Instances
---------------------------------------------------------------------------------
---------------------------------------------------------------------------------
Finished Renaming Generated Instances : Time (s): cpu = 00:00:35 ; elapsed = 00:00:36 . Memory (MB): peak = 1074.172 ; gain = 473.652
---------------------------------------------------------------------------------

Report RTL Partitions: 
+-+--------------+------------+----------+
| |RTL Partition |Replication |Instances |
+-+--------------+------------+----------+
+-+--------------+------------+----------+

Report Check Netlist: 
+------+------------------+-------+---------+-------+------------------+
|      |Item              |Errors |Warnings |Status |Description       |
+------+------------------+-------+---------+-------+------------------+
|1     |multi_driven_nets |      0|        0|Passed |Multi driven nets |
+------+------------------+-------+---------+-------+------------------+
---------------------------------------------------------------------------------
Start Rebuilding User Hierarchy
---------------------------------------------------------------------------------
---------------------------------------------------------------------------------
Finished Rebuilding User Hierarchy : Time (s): cpu = 00:00:35 ; elapsed = 00:00:36 . Memory (MB): peak = 1074.172 ; gain = 473.652
---------------------------------------------------------------------------------
---------------------------------------------------------------------------------
Start Renaming Generated Ports
---------------------------------------------------------------------------------
---------------------------------------------------------------------------------
Finished Renaming Generated Ports : Time (s): cpu = 00:00:35 ; elapsed = 00:00:36 . Memory (MB): peak = 1074.172 ; gain = 473.652
---------------------------------------------------------------------------------
---------------------------------------------------------------------------------
Start Handling Custom Attributes
---------------------------------------------------------------------------------
---------------------------------------------------------------------------------
Finished Handling Custom Attributes : Time (s): cpu = 00:00:35 ; elapsed = 00:00:36 . Memory (MB): peak = 1074.172 ; gain = 473.652
---------------------------------------------------------------------------------
---------------------------------------------------------------------------------
Start Renaming Generated Nets
---------------------------------------------------------------------------------
---------------------------------------------------------------------------------
Finished Renaming Generated Nets : Time (s): cpu = 00:00:35 ; elapsed = 00:00:36 . Memory (MB): peak = 1074.172 ; gain = 473.652
---------------------------------------------------------------------------------
---------------------------------------------------------------------------------
Start Writing Synthesis Report
---------------------------------------------------------------------------------

Report BlackBoxes: 
+-+--------------+----------+
| |BlackBox name |Instances |
+-+--------------+----------+
+-+--------------+----------+

Report Cell Usage: 
+------+-----------+------+
|      |Cell       |Count |
+------+-----------+------+
|1     |BUFG       |     2|
|2     |CARRY4     |    32|
|3     |LUT1       |     6|
|4     |LUT2       |   100|
|5     |LUT3       |   161|
|6     |LUT4       |   164|
|7     |LUT5       |   166|
|8     |LUT6       |   726|
|9     |MUXF7      |   130|
|10    |MUXF8      |    64|
|11    |RAM32M     |    12|
|12    |RAMB36E1   |     1|
|13    |RAMB36E1_1 |    15|
|14    |FDCE       |    31|
|15    |FDRE       |    89|
|16    |IBUF       |    22|
|17    |OBUF       |    28|
+------+-----------+------+

Report Instance Areas: 
+------+-----------------+-----------------+------+
|      |Instance         |Module           |Cells |
+------+-----------------+-----------------+------+
|1     |top              |                 |  1749|
|2     |  Otter_MCU      |Lim_Otter_MCU    |  1634|
|3     |    MCU_PC       |PC               |    81|
|4     |    OTTER_ALU    |ALU              |    17|
|5     |    OTTER_BAG    |Branch_Adder_Gen |     8|
|6     |    OTTER_CU_FSM |CU_FSM           |     9|
|7     |    OTTER_MEMORY |Memory           |  1396|
|8     |    OTTER_RF     |RegFile          |   115|
+------+-----------------+-----------------+------+
---------------------------------------------------------------------------------
Finished Writing Synthesis Report : Time (s): cpu = 00:00:35 ; elapsed = 00:00:36 . Memory (MB): peak = 1074.172 ; gain = 473.652
---------------------------------------------------------------------------------
Synthesis finished with 0 errors, 0 critical warnings and 1 warnings.
Synthesis Optimization Runtime : Time (s): cpu = 00:00:28 ; elapsed = 00:00:34 . Memory (MB): peak = 1074.172 ; gain = 376.930
Synthesis Optimization Complete : Time (s): cpu = 00:00:35 ; elapsed = 00:00:36 . Memory (MB): peak = 1074.172 ; gain = 473.652
INFO: [Project 1-571] Translating synthesized netlist
Netlist sorting complete. Time (s): cpu = 00:00:00 ; elapsed = 00:00:00.030 . Memory (MB): peak = 1086.223 ; gain = 0.000
INFO: [Netlist 29-17] Analyzing 254 Unisim elements for replacement
INFO: [Netlist 29-28] Unisim Transformation completed in 0 CPU seconds
INFO: [Project 1-570] Preparing netlist for logic optimization
INFO: [Opt 31-138] Pushed 0 inverter(s) to 0 load pin(s).
Netlist sorting complete. Time (s): cpu = 00:00:00 ; elapsed = 00:00:00 . Memory (MB): peak = 1086.223 ; gain = 0.000
INFO: [Project 1-111] Unisim Transformation Summary:
  A total of 12 instances were transformed.
  RAM32M => RAM32M (RAMD32(x6), RAMS32(x2)): 12 instances

INFO: [Common 17-83] Releasing license: Synthesis
132 Infos, 27 Warnings, 0 Critical Warnings and 0 Errors encountered.
synth_design completed successfully
synth_design: Time (s): cpu = 00:00:40 ; elapsed = 00:00:41 . Memory (MB): peak = 1086.223 ; gain = 780.793
Netlist sorting complete. Time (s): cpu = 00:00:00 ; elapsed = 00:00:00 . Memory (MB): peak = 1086.223 ; gain = 0.000
WARNING: [Constraints 18-5210] No constraints selected for write.
Resolution: This message can indicate that there are no constraints for the design, or it can indicate that the used_in flags are set such that the constraints are ignored. This later case is used when running synth_design to not write synthesis constraints to the resulting checkpoint. Instead, project constraints are read when the synthesized design is opened.
INFO: [Common 17-1381] The checkpoint 'C:/Users/mjrbr/OneDrive/Cal Poly/Winter 2020/CPE 233/Group Folder/Lab 5/Modules/Limited_Otter_MCU/Limited_Otter_MCU.runs/synth_1/OTTER_Wrapper.dcp' has been generated.
INFO: [runtcl-4] Executing : report_utilization -file OTTER_Wrapper_utilization_synth.rpt -pb OTTER_Wrapper_utilization_synth.pb
INFO: [Common 17-206] Exiting Vivado at Tue Feb 25 22:11:19 2020...
