#-----------------------------------------------------------
# Vivado v2019.2 (64-bit)
# SW Build 2708876 on Wed Nov  6 21:40:23 MST 2019
# IP Build 2700528 on Thu Nov  7 00:09:20 MST 2019
# Start of session at: Wed Feb 26 15:07:20 2020
# Process ID: 26212
# Current directory: C:/Users/mjrbr/OneDrive/Cal Poly/Winter 2020/CPE 233/Group Folder/Lab 5/Modules/Limited_Otter_MCU
# Command line: vivado.exe -gui_launcher_event rodinguilauncherevent19232 C:\Users\mjrbr\OneDrive\Cal Poly\Winter 2020\CPE 233\Group Folder\Lab 5\Modules\Limited_Otter_MCU\Limited_Otter_MCU.xpr
# Log file: C:/Users/mjrbr/OneDrive/Cal Poly/Winter 2020/CPE 233/Group Folder/Lab 5/Modules/Limited_Otter_MCU/vivado.log
# Journal file: C:/Users/mjrbr/OneDrive/Cal Poly/Winter 2020/CPE 233/Group Folder/Lab 5/Modules/Limited_Otter_MCU\vivado.jou
#-----------------------------------------------------------
start_gui
open_project {C:/Users/mjrbr/OneDrive/Cal Poly/Winter 2020/CPE 233/Group Folder/Lab 5/Modules/Limited_Otter_MCU/Limited_Otter_MCU.xpr}
INFO: [ProjectBase 1-489] The host OS only allows 260 characters in a normal path. The project is stored in a path with more than 80 characters. If you experience issues with IP, Block Designs, or files not being found, please consider moving the project to a location with a shorter path. Alternately consider using the OS subst command to map part of the path to a drive letter.
Current project path is 'C:/Users/mjrbr/OneDrive/Cal Poly/Winter 2020/CPE 233/Group Folder/Lab 5/Modules/Limited_Otter_MCU'
Scanning sources...
Finished scanning sources
INFO: [IP_Flow 19-234] Refreshing IP repositories
INFO: [IP_Flow 19-1704] No user IP repositories specified
INFO: [IP_Flow 19-2313] Loaded Vivado IP repository 'C:/Xilinx/Vivado/2019.2/data/ip'.
open_project: Time (s): cpu = 00:00:14 ; elapsed = 00:00:07 . Memory (MB): peak = 788.090 ; gain = 132.391
update_compile_order -fileset sources_1
launch_simulation
Command: launch_simulation 
INFO: [Vivado 12-5682] Launching behavioral simulation in 'C:/Users/mjrbr/OneDrive/Cal Poly/Winter 2020/CPE 233/Group Folder/Lab 5/Modules/Limited_Otter_MCU/Limited_Otter_MCU.sim/sim_1/behav/xsim'
INFO: [SIM-utils-51] Simulation object is 'sim_1'
INFO: [SIM-utils-54] Inspecting design source files for 'otter_tb' in fileset 'sim_1'...
INFO: [SIM-utils-43] Exported 'C:/Users/mjrbr/OneDrive/Cal Poly/Winter 2020/CPE 233/Group Folder/Lab 5/Modules/Limited_Otter_MCU/Limited_Otter_MCU.sim/sim_1/behav/xsim/otter_memory.mem'
INFO: [USF-XSim-97] Finding global include files...
INFO: [USF-XSim-98] Fetching design files from 'sim_1'...
INFO: [USF-XSim-2] XSim::Compile design
INFO: [USF-XSim-61] Executing 'COMPILE and ANALYZE' step in 'C:/Users/mjrbr/OneDrive/Cal Poly/Winter 2020/CPE 233/Group Folder/Lab 5/Modules/Limited_Otter_MCU/Limited_Otter_MCU.sim/sim_1/behav/xsim'
"xvlog --incr --relax -prj otter_tb_vlog.prj"
INFO: [USF-XSim-69] 'compile' step finished in '1' seconds
INFO: [USF-XSim-3] XSim::Elaborate design
INFO: [USF-XSim-61] Executing 'ELABORATE' step in 'C:/Users/mjrbr/OneDrive/Cal Poly/Winter 2020/CPE 233/Group Folder/Lab 5/Modules/Limited_Otter_MCU/Limited_Otter_MCU.sim/sim_1/behav/xsim'
"xelab -wto 52d502c6b5b54374a8107ae27423ed94 --incr --debug typical --relax --mt 2 -L xil_defaultlib -L unisims_ver -L unimacro_ver -L secureip --snapshot otter_tb_behav xil_defaultlib.otter_tb xil_defaultlib.glbl -log elaborate.log"
Vivado Simulator 2019.2
Copyright 1986-1999, 2001-2019 Xilinx, Inc. All Rights Reserved.
Running: C:/Xilinx/Vivado/2019.2/bin/unwrapped/win64.o/xelab.exe -wto 52d502c6b5b54374a8107ae27423ed94 --incr --debug typical --relax --mt 2 -L xil_defaultlib -L unisims_ver -L unimacro_ver -L secureip --snapshot otter_tb_behav xil_defaultlib.otter_tb xil_defaultlib.glbl -log elaborate.log 
Using 2 slave threads.
Starting static elaboration
Pass Through NonSizing Optimizer
WARNING: [VRFC 10-3091] actual bit length 32 differs from formal bit length 33 for port 'result' [C:/Users/mjrbr/OneDrive/Cal Poly/Winter 2020/CPE 233/Group Folder/Lab 5/Modules/Limited_Otter_MCU/Limited_Otter_MCU.srcs/sources_1/new/Lim_Otter_MCU.v:162]
Completed static elaboration
INFO: [XSIM 43-4323] No Change in HDL. Linking previously generated obj files to create kernel
INFO: [USF-XSim-69] 'elaborate' step finished in '3' seconds
INFO: [USF-XSim-4] XSim::Simulate design
INFO: [USF-XSim-61] Executing 'SIMULATE' step in 'C:/Users/mjrbr/OneDrive/Cal Poly/Winter 2020/CPE 233/Group Folder/Lab 5/Modules/Limited_Otter_MCU/Limited_Otter_MCU.sim/sim_1/behav/xsim'
INFO: [USF-XSim-98] *** Running xsim
   with args "otter_tb_behav -key {Behavioral:sim_1:Functional:otter_tb} -tclbatch {otter_tb.tcl} -view {{C:/Users/mjrbr/OneDrive/Cal Poly/Winter 2020/CPE 233/Group Folder/Lab 5/Modules/Limited_Otter_MCU/otter_tb_behav.wcfg}} -log {simulate.log}"
INFO: [USF-XSim-8] Loading simulator feature
Vivado Simulator 2019.2
Time resolution is 1 ps
open_wave_config {C:/Users/mjrbr/OneDrive/Cal Poly/Winter 2020/CPE 233/Group Folder/Lab 5/Modules/Limited_Otter_MCU/otter_tb_behav.wcfg}
source otter_tb.tcl
# set curr_wave [current_wave_config]
# if { [string length $curr_wave] == 0 } {
#   if { [llength [get_objects]] > 0} {
#     add_wave /
#     set_property needs_save false [current_wave_config]
#   } else {
#      send_msg_id Add_Wave-1 WARNING "No top level signals found. Simulator will start without a wave window. If you want to open a wave window go to 'File->New Waveform Configuration' or type 'create_wave_config' in the TCL console."
#   }
# }
# run 1000ns
xsim: Time (s): cpu = 00:00:12 ; elapsed = 00:00:07 . Memory (MB): peak = 841.035 ; gain = 46.465
INFO: [USF-XSim-96] XSim completed. Design snapshot 'otter_tb_behav' loaded.
INFO: [USF-XSim-97] XSim simulation ran for 1000ns
launch_simulation: Time (s): cpu = 00:00:14 ; elapsed = 00:00:13 . Memory (MB): peak = 841.035 ; gain = 46.465
save_wave_config {C:/Users/mjrbr/OneDrive/Cal Poly/Winter 2020/CPE 233/Group Folder/Lab 5/Modules/Limited_Otter_MCU/otter_tb_behav.wcfg}
close_sim
INFO: [Simtcl 6-16] Simulation closed
exit
INFO: [Common 17-206] Exiting Vivado at Wed Feb 26 15:17:48 2020...
