#-----------------------------------------------------------
# Vivado v2019.2 (64-bit)
# SW Build 2708876 on Wed Nov  6 21:40:23 MST 2019
# IP Build 2700528 on Thu Nov  7 00:09:20 MST 2019
# Start of session at: Tue Feb 25 21:50:35 2020
# Process ID: 19020
# Current directory: C:/Users/mjrbr/OneDrive/Cal Poly/Winter 2020/CPE 233/Group Folder/Lab 5/Modules/Limited_Otter_MCU
# Command line: vivado.exe -gui_launcher_event rodinguilauncherevent12236 C:\Users\mjrbr\OneDrive\Cal Poly\Winter 2020\CPE 233\Group Folder\Lab 5\Modules\Limited_Otter_MCU\Limited_Otter_MCU.xpr
# Log file: C:/Users/mjrbr/OneDrive/Cal Poly/Winter 2020/CPE 233/Group Folder/Lab 5/Modules/Limited_Otter_MCU/vivado.log
# Journal file: C:/Users/mjrbr/OneDrive/Cal Poly/Winter 2020/CPE 233/Group Folder/Lab 5/Modules/Limited_Otter_MCU\vivado.jou
#-----------------------------------------------------------
start_gui
open_project {C:/Users/mjrbr/OneDrive/Cal Poly/Winter 2020/CPE 233/Group Folder/Lab 5/Modules/Limited_Otter_MCU/Limited_Otter_MCU.xpr}
INFO: [ProjectBase 1-489] The host OS only allows 260 characters in a normal path. The project is stored in a path with more than 80 characters. If you experience issues with IP, Block Designs, or files not being found, please consider moving the project to a location with a shorter path. Alternately consider using the OS subst command to map part of the path to a drive letter.
Current project path is 'C:/Users/mjrbr/OneDrive/Cal Poly/Winter 2020/CPE 233/Group Folder/Lab 5/Modules/Limited_Otter_MCU'
INFO: [Project 1-313] Project file moved from 'C:/Users/mjrbr/Limited_Otter_MCU' since last save.
Scanning sources...
Finished scanning sources
INFO: [IP_Flow 19-234] Refreshing IP repositories
INFO: [IP_Flow 19-1704] No user IP repositories specified
INFO: [IP_Flow 19-2313] Loaded Vivado IP repository 'C:/Xilinx/Vivado/2019.2/data/ip'.
update_compile_order -fileset sources_1
reset_run synth_1
launch_runs synth_1 -jobs 6
[Tue Feb 25 21:54:30 2020] Launched synth_1...
Run output will be captured here: C:/Users/mjrbr/OneDrive/Cal Poly/Winter 2020/CPE 233/Group Folder/Lab 5/Modules/Limited_Otter_MCU/Limited_Otter_MCU.runs/synth_1/runme.log
launch_simulation
Command: launch_simulation 
INFO: [Vivado 12-5682] Launching behavioral simulation in 'C:/Users/mjrbr/OneDrive/Cal Poly/Winter 2020/CPE 233/Group Folder/Lab 5/Modules/Limited_Otter_MCU/Limited_Otter_MCU.sim/sim_1/behav/xsim'
INFO: [SIM-utils-51] Simulation object is 'sim_1'
INFO: [SIM-utils-54] Inspecting design source files for 'otter_tb' in fileset 'sim_1'...
INFO: [SIM-utils-43] Exported 'C:/Users/mjrbr/OneDrive/Cal Poly/Winter 2020/CPE 233/Group Folder/Lab 5/Modules/Limited_Otter_MCU/Limited_Otter_MCU.sim/sim_1/behav/xsim/otter_memory.mem'
INFO: [USF-XSim-97] Finding global include files...
INFO: [USF-XSim-98] Fetching design files from 'sim_1'...
INFO: [USF-XSim-2] XSim::Compile design
INFO: [USF-XSim-61] Executing 'COMPILE and ANALYZE' step in 'C:/Users/mjrbr/OneDrive/Cal Poly/Winter 2020/CPE 233/Group Folder/Lab 5/Modules/Limited_Otter_MCU/Limited_Otter_MCU.sim/sim_1/behav/xsim'
"xvlog --incr --relax -prj otter_tb_vlog.prj"
INFO: [VRFC 10-2263] Analyzing Verilog file "C:/Users/mjrbr/OneDrive/Cal Poly/Winter 2020/CPE 233/Group Folder/Lab 5/Modules/Limited_Otter_MCU/Limited_Otter_MCU.srcs/sources_1/new/ALU.v" into library xil_defaultlib
INFO: [VRFC 10-311] analyzing module ALU
INFO: [VRFC 10-2263] Analyzing Verilog file "C:/Users/mjrbr/OneDrive/Cal Poly/Winter 2020/CPE 233/Group Folder/Lab 5/Modules/Limited_Otter_MCU/Limited_Otter_MCU.srcs/sources_1/new/Branch_Adder_Gen.v" into library xil_defaultlib
INFO: [VRFC 10-311] analyzing module Branch_Adder_Gen
INFO: [VRFC 10-2263] Analyzing Verilog file "C:/Users/mjrbr/OneDrive/Cal Poly/Winter 2020/CPE 233/Group Folder/Lab 5/Modules/Limited_Otter_MCU/Limited_Otter_MCU.srcs/sources_1/new/Immed_Gen.v" into library xil_defaultlib
INFO: [VRFC 10-311] analyzing module Immed_Gen
INFO: [VRFC 10-2263] Analyzing Verilog file "C:/Users/mjrbr/OneDrive/Cal Poly/Winter 2020/CPE 233/Group Folder/Lab 5/Modules/Limited_Otter_MCU/Limited_Otter_MCU.srcs/sources_1/new/Lim_Otter_MCU.v" into library xil_defaultlib
INFO: [VRFC 10-311] analyzing module Lim_Otter_MCU
INFO: [VRFC 10-2263] Analyzing Verilog file "C:/Users/mjrbr/OneDrive/Cal Poly/Winter 2020/CPE 233/Group Folder/Lab 5/Modules/Limited_Otter_MCU/Limited_Otter_MCU.srcs/sources_1/new/PC.v" into library xil_defaultlib
INFO: [VRFC 10-311] analyzing module PC
WARNING: [VRFC 10-3380] identifier 'n' is used before its declaration [C:/Users/mjrbr/OneDrive/Cal Poly/Winter 2020/CPE 233/Group Folder/Lab 5/Modules/Limited_Otter_MCU/Limited_Otter_MCU.srcs/sources_1/new/PC.v:33]
WARNING: [VRFC 10-3380] identifier 'n' is used before its declaration [C:/Users/mjrbr/OneDrive/Cal Poly/Winter 2020/CPE 233/Group Folder/Lab 5/Modules/Limited_Otter_MCU/Limited_Otter_MCU.srcs/sources_1/new/PC.v:35]
INFO: [VRFC 10-2263] Analyzing Verilog file "C:/Users/mjrbr/OneDrive/Cal Poly/Winter 2020/CPE 233/Group Folder/Lab 5/Modules/Limited_Otter_MCU/Limited_Otter_MCU.srcs/sources_1/new/n-bit 2 to 1 MUX.v" into library xil_defaultlib
INFO: [VRFC 10-311] analyzing module mux_2t1_nb
WARNING: [VRFC 10-3380] identifier 'n' is used before its declaration [C:/Users/mjrbr/OneDrive/Cal Poly/Winter 2020/CPE 233/Group Folder/Lab 5/Modules/Limited_Otter_MCU/Limited_Otter_MCU.srcs/sources_1/new/n-bit 2 to 1 MUX.v:35]
WARNING: [VRFC 10-3380] identifier 'n' is used before its declaration [C:/Users/mjrbr/OneDrive/Cal Poly/Winter 2020/CPE 233/Group Folder/Lab 5/Modules/Limited_Otter_MCU/Limited_Otter_MCU.srcs/sources_1/new/n-bit 2 to 1 MUX.v:36]
INFO: [VRFC 10-2263] Analyzing Verilog file "C:/Users/mjrbr/OneDrive/Cal Poly/Winter 2020/CPE 233/Group Folder/Lab 5/Modules/Limited_Otter_MCU/Limited_Otter_MCU.srcs/sources_1/new/n_bit_4t1_MUX.v" into library xil_defaultlib
INFO: [VRFC 10-311] analyzing module n_bit_4t1_MUX
WARNING: [VRFC 10-3380] identifier 'n' is used before its declaration [C:/Users/mjrbr/OneDrive/Cal Poly/Winter 2020/CPE 233/Group Folder/Lab 5/Modules/Limited_Otter_MCU/Limited_Otter_MCU.srcs/sources_1/new/n_bit_4t1_MUX.v:41]
WARNING: [VRFC 10-3380] identifier 'n' is used before its declaration [C:/Users/mjrbr/OneDrive/Cal Poly/Winter 2020/CPE 233/Group Folder/Lab 5/Modules/Limited_Otter_MCU/Limited_Otter_MCU.srcs/sources_1/new/n_bit_4t1_MUX.v:42]
INFO: [VRFC 10-2263] Analyzing SystemVerilog file "C:/Users/mjrbr/OneDrive/Cal Poly/Winter 2020/CPE 233/Group Folder/Lab 5/Modules/Limited_Otter_MCU/Limited_Otter_MCU.srcs/sources_1/new/CU_Decoder_limited.sv" into library xil_defaultlib
INFO: [VRFC 10-311] analyzing module CU_DCDR
INFO: [VRFC 10-2263] Analyzing SystemVerilog file "C:/Users/mjrbr/OneDrive/Cal Poly/Winter 2020/CPE 233/Group Folder/Lab 5/Modules/Limited_Otter_MCU/Limited_Otter_MCU.srcs/sources_1/new/CU_FSM_limited.sv" into library xil_defaultlib
INFO: [VRFC 10-311] analyzing module CU_FSM
INFO: [VRFC 10-2263] Analyzing SystemVerilog file "C:/Users/mjrbr/OneDrive/Cal Poly/Winter 2020/CPE 233/Group Folder/Lab 5/Modules/Limited_Otter_MCU/Limited_Otter_MCU.srcs/sources_1/new/otter_memory_v1_05.sv" into library xil_defaultlib
INFO: [VRFC 10-311] analyzing module Memory
INFO: [VRFC 10-2263] Analyzing SystemVerilog file "C:/Users/mjrbr/OneDrive/Cal Poly/Winter 2020/CPE 233/Group Folder/Lab 5/Modules/Limited_Otter_MCU/Limited_Otter_MCU.srcs/sources_1/new/reg_file_v_1_00.sv" into library xil_defaultlib
INFO: [VRFC 10-311] analyzing module RegFile
INFO: [VRFC 10-2263] Analyzing Verilog file "C:/Users/mjrbr/OneDrive/Cal Poly/Winter 2020/CPE 233/Group Folder/Lab 5/Modules/Limited_Otter_MCU/Limited_Otter_MCU.srcs/sources_1/new/otter_tb.v" into library xil_defaultlib
INFO: [VRFC 10-311] analyzing module otter_tb
INFO: [VRFC 10-2263] Analyzing Verilog file "C:/Users/mjrbr/OneDrive/Cal Poly/Winter 2020/CPE 233/Group Folder/Lab 5/Modules/Limited_Otter_MCU/Limited_Otter_MCU.sim/sim_1/behav/xsim/glbl.v" into library xil_defaultlib
INFO: [VRFC 10-311] analyzing module glbl
INFO: [USF-XSim-69] 'compile' step finished in '3' seconds
INFO: [USF-XSim-3] XSim::Elaborate design
INFO: [USF-XSim-61] Executing 'ELABORATE' step in 'C:/Users/mjrbr/OneDrive/Cal Poly/Winter 2020/CPE 233/Group Folder/Lab 5/Modules/Limited_Otter_MCU/Limited_Otter_MCU.sim/sim_1/behav/xsim'
"xelab -wto 52d502c6b5b54374a8107ae27423ed94 --incr --debug typical --relax --mt 2 -L xil_defaultlib -L unisims_ver -L unimacro_ver -L secureip --snapshot otter_tb_behav xil_defaultlib.otter_tb xil_defaultlib.glbl -log elaborate.log"
Vivado Simulator 2019.2
Copyright 1986-1999, 2001-2019 Xilinx, Inc. All Rights Reserved.
Running: C:/Xilinx/Vivado/2019.2/bin/unwrapped/win64.o/xelab.exe -wto 52d502c6b5b54374a8107ae27423ed94 --incr --debug typical --relax --mt 2 -L xil_defaultlib -L unisims_ver -L unimacro_ver -L secureip --snapshot otter_tb_behav xil_defaultlib.otter_tb xil_defaultlib.glbl -log elaborate.log 
Using 2 slave threads.
Starting static elaboration
Pass Through NonSizing Optimizer
WARNING: [VRFC 10-3091] actual bit length 32 differs from formal bit length 33 for port 'result' [C:/Users/mjrbr/OneDrive/Cal Poly/Winter 2020/CPE 233/Group Folder/Lab 5/Modules/Limited_Otter_MCU/Limited_Otter_MCU.srcs/sources_1/new/Lim_Otter_MCU.v:162]
Completed static elaboration
Starting simulation data flow analysis
Completed simulation data flow analysis
Time Resolution for simulation is 1ps
Compiling module xil_defaultlib.n_bit_4t1_MUX(n=32)
Compiling module xil_defaultlib.PC(n=32)
Compiling module xil_defaultlib.Memory
Compiling module xil_defaultlib.RegFile
Compiling module xil_defaultlib.Immed_Gen
Compiling module xil_defaultlib.Branch_Adder_Gen
Compiling module xil_defaultlib.mux_2t1_nb(n=32)
Compiling module xil_defaultlib.ALU
Compiling module xil_defaultlib.CU_DCDR
Compiling module xil_defaultlib.CU_FSM
Compiling module xil_defaultlib.Lim_Otter_MCU
Compiling module xil_defaultlib.otter_tb
Compiling module xil_defaultlib.glbl
Built simulation snapshot otter_tb_behav

****** Webtalk v2019.2 (64-bit)
  **** SW Build 2708876 on Wed Nov  6 21:40:23 MST 2019
  **** IP Build 2700528 on Thu Nov  7 00:09:20 MST 2019
    ** Copyright 1986-2019 Xilinx, Inc. All Rights Reserved.

source C:/Users/mjrbr/OneDrive/Cal -notrace
couldn't read file "C:/Users/mjrbr/OneDrive/Cal": no such file or directory
INFO: [Common 17-206] Exiting Webtalk at Tue Feb 25 21:57:55 2020...
INFO: [USF-XSim-69] 'elaborate' step finished in '3' seconds
INFO: [USF-XSim-4] XSim::Simulate design
INFO: [USF-XSim-61] Executing 'SIMULATE' step in 'C:/Users/mjrbr/OneDrive/Cal Poly/Winter 2020/CPE 233/Group Folder/Lab 5/Modules/Limited_Otter_MCU/Limited_Otter_MCU.sim/sim_1/behav/xsim'
INFO: [USF-XSim-98] *** Running xsim
   with args "otter_tb_behav -key {Behavioral:sim_1:Functional:otter_tb} -tclbatch {otter_tb.tcl} -view {{C:/Users/mjrbr/OneDrive/Cal Poly/Winter 2020/CPE 233/Group Folder/Lab 5/Modules/Limited_Otter_MCU/otter_tb_behav.wcfg}} -log {simulate.log}"
INFO: [USF-XSim-8] Loading simulator feature
Vivado Simulator 2019.2
Time resolution is 1 ps
open_wave_config {C:/Users/mjrbr/OneDrive/Cal Poly/Winter 2020/CPE 233/Group Folder/Lab 5/Modules/Limited_Otter_MCU/otter_tb_behav.wcfg}
source otter_tb.tcl
# set curr_wave [current_wave_config]
# if { [string length $curr_wave] == 0 } {
#   if { [llength [get_objects]] > 0} {
#     add_wave /
#     set_property needs_save false [current_wave_config]
#   } else {
#      send_msg_id Add_Wave-1 WARNING "No top level signals found. Simulator will start without a wave window. If you want to open a wave window go to 'File->New Waveform Configuration' or type 'create_wave_config' in the TCL console."
#   }
# }
# run 1000ns
INFO: [USF-XSim-96] XSim completed. Design snapshot 'otter_tb_behav' loaded.
INFO: [USF-XSim-97] XSim simulation ran for 1000ns
launch_simulation: Time (s): cpu = 00:00:07 ; elapsed = 00:00:12 . Memory (MB): peak = 894.445 ; gain = 27.504
close_sim
INFO: [Simtcl 6-16] Simulation closed
exit
INFO: [Common 17-206] Exiting Vivado at Tue Feb 25 22:00:17 2020...
