INFO: [VRFC 10-2263] Analyzing SystemVerilog file "D:/Vivado Projects/Lab_02/Lab_02.srcs/sources_1/new/Lab_02_Full_Adder.sv" into library xil_defaultlib
INFO: [VRFC 10-311] analyzing module Lab_02_Full_Adder
INFO: [VRFC 10-2263] Analyzing SystemVerilog file "D:/Vivado Projects/Lab_02/Lab_02.srcs/sources_1/new/Ripple_Carry_Adder.sv" into library xil_defaultlib
INFO: [VRFC 10-311] analyzing module Ripple_Carry_Adder
INFO: [VRFC 10-2263] Analyzing SystemVerilog file "D:/Vivado Projects/Lab_05/Lab_05.srcs/sources_1/new/dff.sv" into library xil_defaultlib
INFO: [VRFC 10-311] analyzing module dff
INFO: [VRFC 10-2263] Analyzing SystemVerilog file "D:/Vivado Projects/Lab_05/Lab_05.srcs/sources_1/new/eight_seg.sv" into library xil_defaultlib
INFO: [VRFC 10-311] analyzing module eight_seg
INFO: [VRFC 10-2458] undeclared symbol sclk, assumed default net type wire [D:/Vivado Projects/Lab_05/Lab_05.srcs/sources_1/new/eight_seg.sv:94]
INFO: [VRFC 10-311] analyzing module clk_divder
INFO: [VRFC 10-311] analyzing module cnt_convert_14b
INFO: [VRFC 10-311] analyzing module cnt_convert_7b
INFO: [VRFC 10-2263] Analyzing SystemVerilog file "D:/Vivado Projects/Lab_03/Lab_03.srcs/sources_1/new/mux2.sv" into library xil_defaultlib
INFO: [VRFC 10-311] analyzing module mux2
INFO: [VRFC 10-2263] Analyzing SystemVerilog file "D:/Vivado Projects/Lab_04/Lab_04.srcs/sources_1/new/v_chk.sv" into library xil_defaultlib
INFO: [VRFC 10-311] analyzing module v_chk
INFO: [VRFC 10-2263] Analyzing SystemVerilog file "D:/Vivado Projects/Lab_05/Lab_05.srcs/sources_1/new/Lab_05.sv" into library xil_defaultlib
INFO: [VRFC 10-311] analyzing module Lab_05
INFO: [VRFC 10-2263] Analyzing SystemVerilog file "D:/Vivado Projects/Lab_04/Lab_04.srcs/sources_1/new/Lab_04.sv" into library xil_defaultlib
INFO: [VRFC 10-311] analyzing module Lab_04
INFO: [VRFC 10-2263] Analyzing SystemVerilog file "C:/Users/mjrbr/Downloads/RegisterSim.sv" into library xil_defaultlib
INFO: [VRFC 10-311] analyzing module RegisterSim
INFO: [VRFC 10-2263] Analyzing SystemVerilog file "D:/Vivado Projects/Lab_05/Lab_05.srcs/sim_1/new/Lab_05_Sim.sv" into library xil_defaultlib
INFO: [VRFC 10-311] analyzing module Lab_05_Sim
