Vivado Simulator 2019.2
Copyright 1986-1999, 2001-2019 Xilinx, Inc. All Rights Reserved.
Running: C:/Xilinx/Vivado/2019.2/bin/unwrapped/win64.o/xelab.exe -wto 61d2465215314cf9bb94785062341432 --incr --debug typical --relax --mt 2 -L xil_defaultlib -L unisims_ver -L unimacro_ver -L secureip --snapshot Wrapper_tb_behav xil_defaultlib.Wrapper_tb xil_defaultlib.glbl -log elaborate.log 
Using 2 slave threads.
Starting static elaboration
Pass Through NonSizing Optimizer
Completed static elaboration
Starting simulation data flow analysis
Completed simulation data flow analysis
Time Resolution for simulation is 1ps
Compiling module xil_defaultlib.CSR
Compiling module xil_defaultlib.mux_8t1_nb(n=32)
Compiling module xil_defaultlib.PC(n=32)
Compiling module xil_defaultlib.n_bit_4t1_MUX(n=32)
Compiling module xil_defaultlib.Memory
Compiling module xil_defaultlib.RegFile
Compiling module xil_defaultlib.Immed_Gen
Compiling module xil_defaultlib.Branch_Adder_Gen
Compiling module xil_defaultlib.mux_2t1_nb(n=32)
Compiling module xil_defaultlib.ALU
Compiling module xil_defaultlib.Branch_Cond_Gen
Compiling module xil_defaultlib.CU_DCDR
Compiling module xil_defaultlib.CU_FSM
Compiling module xil_defaultlib.Otter_MCU
Compiling module xil_defaultlib.BCD
Compiling module xil_defaultlib.CathodeDriver
Compiling module xil_defaultlib.SevSegDisp
Compiling module xil_defaultlib.debounce_one_shot
Compiling module xil_defaultlib.CLK_DIV_FS
Compiling module xil_defaultlib.OTTER_Wrapper
Compiling module xil_defaultlib.Wrapper_tb
Compiling module xil_defaultlib.glbl
Built simulation snapshot Wrapper_tb_behav
