
*** Running vivado
    with args -log Top_Level.vds -m64 -product Vivado -mode batch -messageDb vivado.pb -notrace -source Top_Level.tcl


****** Vivado v2019.2 (64-bit)
  **** SW Build 2708876 on Wed Nov  6 21:40:23 MST 2019
  **** IP Build 2700528 on Thu Nov  7 00:09:20 MST 2019
    ** Copyright 1986-2019 Xilinx, Inc. All Rights Reserved.

source Top_Level.tcl -notrace
Command: synth_design -top Top_Level -part xc7a35tcpg236-1
Starting synth_design
Attempting to get a license for feature 'Synthesis' and/or device 'xc7a35t'
INFO: [Common 17-349] Got license for feature 'Synthesis' and/or device 'xc7a35t'
INFO: Launching helper process for spawning children vivado processes
INFO: Helper process launched with PID 19172 
WARNING: [Synth 8-6901] identifier 'm' is used before its declaration [D:/Cal Poly OneDrive Dump/Cal Poly/Quarter/Winter 2020/CPE 233/Group Folder/Lab 2/Modules/Program_Counter_Briney/Program_Counter.srcs/sources_1/new/PC_Mod.v:36]
WARNING: [Synth 8-6901] identifier 'n' is used before its declaration [D:/Cal Poly OneDrive Dump/Cal Poly/Quarter/Winter 2020/CPE 233/Group Folder/Lab 2/Modules/Program_Counter_Briney/Program_Counter.srcs/sources_1/new/n-bit 4 to 1 MUX.v:41]
WARNING: [Synth 8-6901] identifier 'n' is used before its declaration [D:/Cal Poly OneDrive Dump/Cal Poly/Quarter/Winter 2020/CPE 233/Group Folder/Lab 2/Modules/Program_Counter_Briney/Program_Counter.srcs/sources_1/new/n-bit 4 to 1 MUX.v:42]
WARNING: [Synth 8-6901] identifier 'n' is used before its declaration [D:/Cal Poly OneDrive Dump/Cal Poly/Quarter/Winter 2020/CPE 233/Group Folder/Lab 2/Modules/Program_Counter_Briney/Program_Counter.srcs/sources_1/new/n-bit Register.v:33]
WARNING: [Synth 8-6901] identifier 'n' is used before its declaration [D:/Cal Poly OneDrive Dump/Cal Poly/Quarter/Winter 2020/CPE 233/Group Folder/Lab 2/Modules/Program_Counter_Briney/Program_Counter.srcs/sources_1/new/n-bit Register.v:35]
---------------------------------------------------------------------------------
Starting Synthesize : Time (s): cpu = 00:00:04 ; elapsed = 00:00:04 . Memory (MB): peak = 692.750 ; gain = 243.559
---------------------------------------------------------------------------------
INFO: [Synth 8-6157] synthesizing module 'Top_Level' [D:/Cal Poly OneDrive Dump/Cal Poly/Quarter/Winter 2020/CPE 233/Group Folder/Lab 2/Modules/Program_Counter_Briney/Program_Counter.srcs/sources_1/new/Top_Level.v:23]
INFO: [Synth 8-6157] synthesizing module 'pc_module' [D:/Cal Poly OneDrive Dump/Cal Poly/Quarter/Winter 2020/CPE 233/Group Folder/Lab 2/Modules/Program_Counter_Briney/Program_Counter.srcs/sources_1/new/PC_Mod.v:31]
	Parameter m bound to: 32 - type: integer 
INFO: [Synth 8-6157] synthesizing module 'mux_4t1_nb' [D:/Cal Poly OneDrive Dump/Cal Poly/Quarter/Winter 2020/CPE 233/Group Folder/Lab 2/Modules/Program_Counter_Briney/Program_Counter.srcs/sources_1/new/n-bit 4 to 1 MUX.v:39]
	Parameter n bound to: 32 - type: integer 
INFO: [Synth 8-226] default block is never used [D:/Cal Poly OneDrive Dump/Cal Poly/Quarter/Winter 2020/CPE 233/Group Folder/Lab 2/Modules/Program_Counter_Briney/Program_Counter.srcs/sources_1/new/n-bit 4 to 1 MUX.v:48]
INFO: [Synth 8-6155] done synthesizing module 'mux_4t1_nb' (1#1) [D:/Cal Poly OneDrive Dump/Cal Poly/Quarter/Winter 2020/CPE 233/Group Folder/Lab 2/Modules/Program_Counter_Briney/Program_Counter.srcs/sources_1/new/n-bit 4 to 1 MUX.v:39]
INFO: [Synth 8-6157] synthesizing module 'program_counter' [D:/Cal Poly OneDrive Dump/Cal Poly/Quarter/Winter 2020/CPE 233/Group Folder/Lab 2/Modules/Program_Counter_Briney/Program_Counter.srcs/sources_1/new/n-bit Register.v:32]
	Parameter n bound to: 32 - type: integer 
INFO: [Synth 8-6155] done synthesizing module 'program_counter' (2#1) [D:/Cal Poly OneDrive Dump/Cal Poly/Quarter/Winter 2020/CPE 233/Group Folder/Lab 2/Modules/Program_Counter_Briney/Program_Counter.srcs/sources_1/new/n-bit Register.v:32]
INFO: [Synth 8-6155] done synthesizing module 'pc_module' (3#1) [D:/Cal Poly OneDrive Dump/Cal Poly/Quarter/Winter 2020/CPE 233/Group Folder/Lab 2/Modules/Program_Counter_Briney/Program_Counter.srcs/sources_1/new/PC_Mod.v:31]
INFO: [Synth 8-6157] synthesizing module 'OTTER_mem_byte' [D:/Cal Poly OneDrive Dump/Cal Poly/Quarter/Winter 2020/CPE 233/Group Folder/Lab 2/Modules/Program_Counter_Briney/Program_Counter.srcs/sources_1/new/Otter_Memory.v:43]
	Parameter ACTUAL_WIDTH bound to: 14 - type: integer 
	Parameter NUM_COL bound to: 4 - type: integer 
	Parameter COL_WIDTH bound to: 8 - type: integer 
INFO: [Synth 8-5534] Detected attribute (* rom_style = "{distributed | block}" *) [D:/Cal Poly OneDrive Dump/Cal Poly/Quarter/Winter 2020/CPE 233/Group Folder/Lab 2/Modules/Program_Counter_Briney/Program_Counter.srcs/sources_1/new/Otter_Memory.v:73]
CRITICAL WARNING: [Synth 8-4445] could not open $readmem data file 'otter_memory.mem'; please make sure the file is added to project and has read permission, ignoring [D:/Cal Poly OneDrive Dump/Cal Poly/Quarter/Winter 2020/CPE 233/Group Folder/Lab 2/Modules/Program_Counter_Briney/Program_Counter.srcs/sources_1/new/Otter_Memory.v:76]
INFO: [Synth 8-155] case statement is not full and has no default [D:/Cal Poly OneDrive Dump/Cal Poly/Quarter/Winter 2020/CPE 233/Group Folder/Lab 2/Modules/Program_Counter_Briney/Program_Counter.srcs/sources_1/new/Otter_Memory.v:145]
INFO: [Synth 8-155] case statement is not full and has no default [D:/Cal Poly OneDrive Dump/Cal Poly/Quarter/Winter 2020/CPE 233/Group Folder/Lab 2/Modules/Program_Counter_Briney/Program_Counter.srcs/sources_1/new/Otter_Memory.v:131]
WARNING: [Synth 8-6014] Unused sequential element j_reg was removed.  [D:/Cal Poly OneDrive Dump/Cal Poly/Quarter/Winter 2020/CPE 233/Group Folder/Lab 2/Modules/Program_Counter_Briney/Program_Counter.srcs/sources_1/new/Otter_Memory.v:94]
INFO: [Synth 8-5772] Detected attribute (* ram_decomp = "power" *) on RAM memory_reg 
INFO: [Synth 8-6155] done synthesizing module 'OTTER_mem_byte' (4#1) [D:/Cal Poly OneDrive Dump/Cal Poly/Quarter/Winter 2020/CPE 233/Group Folder/Lab 2/Modules/Program_Counter_Briney/Program_Counter.srcs/sources_1/new/Otter_Memory.v:43]
INFO: [Synth 8-5772] Detected attribute (* ram_decomp = "power" *) on RAM memory_reg 
INFO: [Synth 8-6155] done synthesizing module 'Top_Level' (5#1) [D:/Cal Poly OneDrive Dump/Cal Poly/Quarter/Winter 2020/CPE 233/Group Folder/Lab 2/Modules/Program_Counter_Briney/Program_Counter.srcs/sources_1/new/Top_Level.v:23]
---------------------------------------------------------------------------------
Finished Synthesize : Time (s): cpu = 00:00:05 ; elapsed = 00:00:05 . Memory (MB): peak = 750.586 ; gain = 301.395
---------------------------------------------------------------------------------
---------------------------------------------------------------------------------
Finished Constraint Validation : Time (s): cpu = 00:00:05 ; elapsed = 00:00:05 . Memory (MB): peak = 750.586 ; gain = 301.395
---------------------------------------------------------------------------------
---------------------------------------------------------------------------------
Start Loading Part and Timing Information
---------------------------------------------------------------------------------
Loading part: xc7a35tcpg236-1
---------------------------------------------------------------------------------
Finished Loading Part and Timing Information : Time (s): cpu = 00:00:05 ; elapsed = 00:00:05 . Memory (MB): peak = 750.586 ; gain = 301.395
---------------------------------------------------------------------------------
INFO: [Device 21-403] Loading part xc7a35tcpg236-1
INFO: [Synth 8-7030] Implemented Non-Cascaded Block Ram (cascade_height = 1) of width 32 for RAM "OTTER_mem_byte:/memory_reg"
INFO: [Synth 8-7030] Implemented Non-Cascaded Block Ram (cascade_height = 1) of width 32 for RAM "OTTER_mem_byte:/memory_reg"
INFO: [Synth 8-7030] Implemented Non-Cascaded Block Ram (cascade_height = 1) of width 32 for RAM "OTTER_mem_byte:/memory_reg"
INFO: [Synth 8-7030] Implemented Non-Cascaded Block Ram (cascade_height = 1) of width 32 for RAM "OTTER_mem_byte:/memory_reg"
INFO: [Synth 8-7030] Implemented Non-Cascaded Block Ram (cascade_height = 1) of width 32 for RAM "OTTER_mem_byte:/memory_reg"
INFO: [Synth 8-7030] Implemented Non-Cascaded Block Ram (cascade_height = 1) of width 32 for RAM "OTTER_mem_byte:/memory_reg"
INFO: [Synth 8-7030] Implemented Non-Cascaded Block Ram (cascade_height = 1) of width 32 for RAM "OTTER_mem_byte:/memory_reg"
INFO: [Synth 8-7030] Implemented Non-Cascaded Block Ram (cascade_height = 1) of width 32 for RAM "OTTER_mem_byte:/memory_reg"
INFO: [Synth 8-7030] Implemented Non-Cascaded Block Ram (cascade_height = 1) of width 32 for RAM "OTTER_mem_byte:/memory_reg"
INFO: [Synth 8-7030] Implemented Non-Cascaded Block Ram (cascade_height = 1) of width 32 for RAM "OTTER_mem_byte:/memory_reg"
INFO: [Synth 8-7030] Implemented Non-Cascaded Block Ram (cascade_height = 1) of width 32 for RAM "OTTER_mem_byte:/memory_reg"
INFO: [Synth 8-7030] Implemented Non-Cascaded Block Ram (cascade_height = 1) of width 32 for RAM "OTTER_mem_byte:/memory_reg"
INFO: [Synth 8-7030] Implemented Non-Cascaded Block Ram (cascade_height = 1) of width 32 for RAM "OTTER_mem_byte:/memory_reg"
INFO: [Synth 8-7030] Implemented Non-Cascaded Block Ram (cascade_height = 1) of width 32 for RAM "OTTER_mem_byte:/memory_reg"
INFO: [Synth 8-7030] Implemented Non-Cascaded Block Ram (cascade_height = 1) of width 32 for RAM "OTTER_mem_byte:/memory_reg"
INFO: [Synth 8-7030] Implemented Non-Cascaded Block Ram (cascade_height = 1) of width 32 for RAM "OTTER_mem_byte:/memory_reg"
---------------------------------------------------------------------------------
Finished RTL Optimization Phase 2 : Time (s): cpu = 00:00:05 ; elapsed = 00:00:05 . Memory (MB): peak = 750.586 ; gain = 301.395
---------------------------------------------------------------------------------

Report RTL Partitions: 
+-+--------------+------------+----------+
| |RTL Partition |Replication |Instances |
+-+--------------+------------+----------+
+-+--------------+------------+----------+
No constraint files found.
---------------------------------------------------------------------------------
Start RTL Component Statistics 
---------------------------------------------------------------------------------
Detailed RTL Component Info : 
+---Adders : 
	   2 Input     32 Bit       Adders := 1     
	   2 Input      5 Bit       Adders := 1     
	   2 Input      4 Bit       Adders := 1     
+---Registers : 
	               32 Bit    Registers := 4     
+---RAMs : 
	             512K Bit         RAMs := 1     
+---Muxes : 
	   4 Input     32 Bit        Muxes := 7     
	   2 Input     32 Bit        Muxes := 5     
	   9 Input     32 Bit        Muxes := 2     
	   7 Input     32 Bit        Muxes := 2     
	   6 Input     32 Bit        Muxes := 2     
	   4 Input      8 Bit        Muxes := 1     
	   2 Input      5 Bit        Muxes := 1     
	   4 Input      5 Bit        Muxes := 1     
	   5 Input      5 Bit        Muxes := 1     
	   4 Input      4 Bit        Muxes := 1     
	   4 Input      2 Bit        Muxes := 1     
	   9 Input      1 Bit        Muxes := 1     
---------------------------------------------------------------------------------
Finished RTL Component Statistics 
---------------------------------------------------------------------------------
---------------------------------------------------------------------------------
Start RTL Hierarchical Component Statistics 
---------------------------------------------------------------------------------
Hierarchical RTL Component report 
Module mux_4t1_nb 
Detailed RTL Component Info : 
+---Muxes : 
	   4 Input     32 Bit        Muxes := 1     
Module program_counter 
Detailed RTL Component Info : 
+---Registers : 
	               32 Bit    Registers := 1     
Module pc_module 
Detailed RTL Component Info : 
+---Adders : 
	   2 Input     32 Bit       Adders := 1     
Module OTTER_mem_byte 
Detailed RTL Component Info : 
+---Adders : 
	   2 Input      5 Bit       Adders := 1     
	   2 Input      4 Bit       Adders := 1     
+---Registers : 
	               32 Bit    Registers := 3     
+---RAMs : 
	             512K Bit         RAMs := 1     
+---Muxes : 
	   4 Input     32 Bit        Muxes := 6     
	   2 Input     32 Bit        Muxes := 5     
	   9 Input     32 Bit        Muxes := 2     
	   7 Input     32 Bit        Muxes := 2     
	   6 Input     32 Bit        Muxes := 2     
	   4 Input      8 Bit        Muxes := 1     
	   2 Input      5 Bit        Muxes := 1     
	   4 Input      5 Bit        Muxes := 1     
	   5 Input      5 Bit        Muxes := 1     
	   4 Input      4 Bit        Muxes := 1     
	   4 Input      2 Bit        Muxes := 1     
	   9 Input      1 Bit        Muxes := 1     
---------------------------------------------------------------------------------
Finished RTL Hierarchical Component Statistics
---------------------------------------------------------------------------------
---------------------------------------------------------------------------------
Start Part Resource Summary
---------------------------------------------------------------------------------
Part Resources:
DSPs: 90 (col length:60)
BRAMs: 100 (col length: RAMB18 60 RAMB36 30)
---------------------------------------------------------------------------------
Finished Part Resource Summary
---------------------------------------------------------------------------------
No constraint files found.
---------------------------------------------------------------------------------
Start Cross Boundary and Area Optimization
---------------------------------------------------------------------------------
Warning: Parallel synthesis criteria is not met 
INFO: [Synth 8-3333] propagating constant 0 across sequential element (Mem_1i_0/\Mem_1/memory_reg_mux_sel_reg_4 )
INFO: [Synth 8-3333] propagating constant 0 across sequential element (Mem_1i_0/\Mem_1/memory_reg_mux_sel_reg_5 )
INFO: [Synth 8-3333] propagating constant 0 across sequential element (Mem_1i_0/\Mem_1/memory_reg_mux_sel_reg_6 )
INFO: [Synth 8-3333] propagating constant 0 across sequential element (Mem_1i_0/\Mem_1/memory_reg_mux_sel_reg_7 )
WARNING: [Synth 8-3332] Sequential element (i_0) is unused and will be removed from module Top_Level.
WARNING: [Synth 8-3332] Sequential element (i_2) is unused and will be removed from module Top_Level.
WARNING: [Synth 8-3332] Sequential element (i_4) is unused and will be removed from module Top_Level.
WARNING: [Synth 8-3332] Sequential element (i_6) is unused and will be removed from module Top_Level.
WARNING: [Synth 8-3332] Sequential element (i_8) is unused and will be removed from module Top_Level.
WARNING: [Synth 8-3332] Sequential element (i_10) is unused and will be removed from module Top_Level.
WARNING: [Synth 8-3332] Sequential element (i_12) is unused and will be removed from module Top_Level.
WARNING: [Synth 8-3332] Sequential element (i_14) is unused and will be removed from module Top_Level.
WARNING: [Synth 8-3332] Sequential element (i_16) is unused and will be removed from module Top_Level.
WARNING: [Synth 8-3332] Sequential element (i_18) is unused and will be removed from module Top_Level.
WARNING: [Synth 8-3332] Sequential element (i_20) is unused and will be removed from module Top_Level.
WARNING: [Synth 8-3332] Sequential element (i_22) is unused and will be removed from module Top_Level.
WARNING: [Synth 8-3332] Sequential element (i_24) is unused and will be removed from module Top_Level.
WARNING: [Synth 8-3332] Sequential element (i_26) is unused and will be removed from module Top_Level.
WARNING: [Synth 8-3332] Sequential element (i_28) is unused and will be removed from module Top_Level.
WARNING: [Synth 8-3332] Sequential element (i_30) is unused and will be removed from module Top_Level.
WARNING: [Synth 8-3332] Sequential element (i_32) is unused and will be removed from module Top_Level.
WARNING: [Synth 8-3332] Sequential element (i_34) is unused and will be removed from module Top_Level.
WARNING: [Synth 8-3332] Sequential element (i_36) is unused and will be removed from module Top_Level.
WARNING: [Synth 8-3332] Sequential element (i_38) is unused and will be removed from module Top_Level.
WARNING: [Synth 8-3332] Sequential element (i_40) is unused and will be removed from module Top_Level.
WARNING: [Synth 8-3332] Sequential element (i_42) is unused and will be removed from module Top_Level.
WARNING: [Synth 8-3332] Sequential element (i_44) is unused and will be removed from module Top_Level.
WARNING: [Synth 8-3332] Sequential element (i_46) is unused and will be removed from module Top_Level.
WARNING: [Synth 8-3332] Sequential element (i_48) is unused and will be removed from module Top_Level.
WARNING: [Synth 8-3332] Sequential element (i_50) is unused and will be removed from module Top_Level.
WARNING: [Synth 8-3332] Sequential element (i_52) is unused and will be removed from module Top_Level.
WARNING: [Synth 8-3332] Sequential element (i_54) is unused and will be removed from module Top_Level.
WARNING: [Synth 8-3332] Sequential element (i_56) is unused and will be removed from module Top_Level.
WARNING: [Synth 8-3332] Sequential element (i_58) is unused and will be removed from module Top_Level.
WARNING: [Synth 8-3332] Sequential element (i_60) is unused and will be removed from module Top_Level.
WARNING: [Synth 8-3332] Sequential element (i_62) is unused and will be removed from module Top_Level.
WARNING: [Synth 8-3332] Sequential element (i_64) is unused and will be removed from module Top_Level.
WARNING: [Synth 8-3332] Sequential element (Mem_1/memory_reg_mux_sel_reg_0) is unused and will be removed from module Top_Level.
WARNING: [Synth 8-3332] Sequential element (Mem_1/memory_reg_mux_sel_reg_1) is unused and will be removed from module Top_Level.
WARNING: [Synth 8-3332] Sequential element (Mem_1/memory_reg_mux_sel_reg_2) is unused and will be removed from module Top_Level.
WARNING: [Synth 8-3332] Sequential element (Mem_1/memory_reg_mux_sel_reg_3) is unused and will be removed from module Top_Level.
WARNING: [Synth 8-3332] Sequential element (Mem_1/memory_reg_mux_sel_reg_4) is unused and will be removed from module Top_Level.
WARNING: [Synth 8-3332] Sequential element (Mem_1/memory_reg_mux_sel_reg_5) is unused and will be removed from module Top_Level.
WARNING: [Synth 8-3332] Sequential element (Mem_1/memory_reg_mux_sel_reg_6) is unused and will be removed from module Top_Level.
WARNING: [Synth 8-3332] Sequential element (Mem_1/memory_reg_mux_sel_reg_7) is unused and will be removed from module Top_Level.
---------------------------------------------------------------------------------
Finished Cross Boundary and Area Optimization : Time (s): cpu = 00:00:09 ; elapsed = 00:00:09 . Memory (MB): peak = 908.598 ; gain = 459.406
---------------------------------------------------------------------------------
---------------------------------------------------------------------------------
Start ROM, RAM, DSP and Shift Register Reporting
---------------------------------------------------------------------------------

Block RAM: Preliminary Mapping	Report (see note below)
+----------------+------------+------------------------+---+---+------------------------+---+---+------------------+--------+--------+
|Module Name     | RTL Object | PORT A (Depth x Width) | W | R | PORT B (Depth x Width) | W | R | Ports driving FF | RAMB18 | RAMB36 | 
+----------------+------------+------------------------+---+---+------------------------+---+---+------------------+--------+--------+
|OTTER_mem_byte: | memory_reg | 16 K x 32(READ_FIRST)  | W | R | 16 K x 32(WRITE_FIRST) |   | R | Port A and B     | 0      | 16     | 
+----------------+------------+------------------------+---+---+------------------------+---+---+------------------+--------+--------+

Note: The table above is a preliminary report that shows the Block RAMs at the current stage of the synthesis flow. Some Block RAMs may be reimplemented as non Block RAM primitives later in the synthesis flow. Multiple instantiated Block RAMs are reported only once. 
---------------------------------------------------------------------------------
Finished ROM, RAM, DSP and Shift Register Reporting
---------------------------------------------------------------------------------

Report RTL Partitions: 
+-+--------------+------------+----------+
| |RTL Partition |Replication |Instances |
+-+--------------+------------+----------+
+-+--------------+------------+----------+
No constraint files found.
---------------------------------------------------------------------------------
Start Timing Optimization
---------------------------------------------------------------------------------
---------------------------------------------------------------------------------
Finished Timing Optimization : Time (s): cpu = 00:00:09 ; elapsed = 00:00:09 . Memory (MB): peak = 922.008 ; gain = 472.816
---------------------------------------------------------------------------------
---------------------------------------------------------------------------------
Start ROM, RAM, DSP and Shift Register Reporting
---------------------------------------------------------------------------------

Block RAM: Final Mapping	Report
+----------------+------------+------------------------+---+---+------------------------+---+---+------------------+--------+--------+
|Module Name     | RTL Object | PORT A (Depth x Width) | W | R | PORT B (Depth x Width) | W | R | Ports driving FF | RAMB18 | RAMB36 | 
+----------------+------------+------------------------+---+---+------------------------+---+---+------------------+--------+--------+
|OTTER_mem_byte: | memory_reg | 16 K x 32(READ_FIRST)  | W | R | 16 K x 32(WRITE_FIRST) |   | R | Port A and B     | 0      | 16     | 
+----------------+------------+------------------------+---+---+------------------------+---+---+------------------+--------+--------+

---------------------------------------------------------------------------------
Finished ROM, RAM, DSP and Shift Register Reporting
---------------------------------------------------------------------------------

Report RTL Partitions: 
+-+--------------+------------+----------+
| |RTL Partition |Replication |Instances |
+-+--------------+------------+----------+
+-+--------------+------------+----------+
---------------------------------------------------------------------------------
Start Technology Mapping
---------------------------------------------------------------------------------
INFO: [Synth 8-7053] The timing for the instance Mem_1/memory_reg_bram_8 (implemented as a Block RAM) might be sub-optimal as no optional output register could be merged into the ram block. Providing additional output register may help in improving timing.
---------------------------------------------------------------------------------
Finished Technology Mapping : Time (s): cpu = 00:00:09 ; elapsed = 00:00:09 . Memory (MB): peak = 922.008 ; gain = 472.816
---------------------------------------------------------------------------------

Report RTL Partitions: 
+-+--------------+------------+----------+
| |RTL Partition |Replication |Instances |
+-+--------------+------------+----------+
+-+--------------+------------+----------+
---------------------------------------------------------------------------------
Start IO Insertion
---------------------------------------------------------------------------------
---------------------------------------------------------------------------------
Start Flattening Before IO Insertion
---------------------------------------------------------------------------------
---------------------------------------------------------------------------------
Finished Flattening Before IO Insertion
---------------------------------------------------------------------------------
---------------------------------------------------------------------------------
Start Final Netlist Cleanup
---------------------------------------------------------------------------------
---------------------------------------------------------------------------------
Finished Final Netlist Cleanup
---------------------------------------------------------------------------------
---------------------------------------------------------------------------------
Finished IO Insertion : Time (s): cpu = 00:00:13 ; elapsed = 00:00:13 . Memory (MB): peak = 922.008 ; gain = 472.816
---------------------------------------------------------------------------------
---------------------------------------------------------------------------------
Start Renaming Generated Instances
---------------------------------------------------------------------------------
---------------------------------------------------------------------------------
Finished Renaming Generated Instances : Time (s): cpu = 00:00:13 ; elapsed = 00:00:13 . Memory (MB): peak = 922.008 ; gain = 472.816
---------------------------------------------------------------------------------

Report RTL Partitions: 
+-+--------------+------------+----------+
| |RTL Partition |Replication |Instances |
+-+--------------+------------+----------+
+-+--------------+------------+----------+

Report Check Netlist: 
+------+------------------+-------+---------+-------+------------------+
|      |Item              |Errors |Warnings |Status |Description       |
+------+------------------+-------+---------+-------+------------------+
|1     |multi_driven_nets |      0|        0|Passed |Multi driven nets |
+------+------------------+-------+---------+-------+------------------+
---------------------------------------------------------------------------------
Start Rebuilding User Hierarchy
---------------------------------------------------------------------------------
---------------------------------------------------------------------------------
Finished Rebuilding User Hierarchy : Time (s): cpu = 00:00:13 ; elapsed = 00:00:13 . Memory (MB): peak = 922.008 ; gain = 472.816
---------------------------------------------------------------------------------
---------------------------------------------------------------------------------
Start Renaming Generated Ports
---------------------------------------------------------------------------------
---------------------------------------------------------------------------------
Finished Renaming Generated Ports : Time (s): cpu = 00:00:13 ; elapsed = 00:00:13 . Memory (MB): peak = 922.008 ; gain = 472.816
---------------------------------------------------------------------------------
---------------------------------------------------------------------------------
Start Handling Custom Attributes
---------------------------------------------------------------------------------
---------------------------------------------------------------------------------
Finished Handling Custom Attributes : Time (s): cpu = 00:00:13 ; elapsed = 00:00:13 . Memory (MB): peak = 922.027 ; gain = 472.836
---------------------------------------------------------------------------------
---------------------------------------------------------------------------------
Start Renaming Generated Nets
---------------------------------------------------------------------------------
---------------------------------------------------------------------------------
Finished Renaming Generated Nets : Time (s): cpu = 00:00:13 ; elapsed = 00:00:13 . Memory (MB): peak = 922.027 ; gain = 472.836
---------------------------------------------------------------------------------
---------------------------------------------------------------------------------
Start Writing Synthesis Report
---------------------------------------------------------------------------------

Report BlackBoxes: 
+-+--------------+----------+
| |BlackBox name |Instances |
+-+--------------+----------+
+-+--------------+----------+

Report Cell Usage: 
+------+---------+------+
|      |Cell     |Count |
+------+---------+------+
|1     |BUFG     |     1|
|2     |CARRY4   |     3|
|3     |LUT1     |     1|
|4     |LUT3     |    11|
|5     |RAMB36E1 |     1|
|6     |FDCE     |    11|
|7     |IBUF     |     5|
|8     |OBUF     |    32|
+------+---------+------+

Report Instance Areas: 
+------+-----------------+----------------+------+
|      |Instance         |Module          |Cells |
+------+-----------------+----------------+------+
|1     |top              |                |    65|
|2     |  Mem_1          |OTTER_mem_byte  |     1|
|3     |  PC_MOD         |pc_module       |    26|
|4     |    Mux_1        |mux_4t1_nb      |    11|
|5     |    PC_Counter_1 |program_counter |    12|
+------+-----------------+----------------+------+
---------------------------------------------------------------------------------
Finished Writing Synthesis Report : Time (s): cpu = 00:00:13 ; elapsed = 00:00:13 . Memory (MB): peak = 922.027 ; gain = 472.836
---------------------------------------------------------------------------------
Synthesis finished with 0 errors, 1 critical warnings and 47 warnings.
Synthesis Optimization Runtime : Time (s): cpu = 00:00:13 ; elapsed = 00:00:13 . Memory (MB): peak = 922.027 ; gain = 472.836
Synthesis Optimization Complete : Time (s): cpu = 00:00:13 ; elapsed = 00:00:13 . Memory (MB): peak = 922.027 ; gain = 472.836
INFO: [Project 1-571] Translating synthesized netlist
Netlist sorting complete. Time (s): cpu = 00:00:00 ; elapsed = 00:00:00.001 . Memory (MB): peak = 934.086 ; gain = 0.000
INFO: [Netlist 29-17] Analyzing 4 Unisim elements for replacement
INFO: [Netlist 29-28] Unisim Transformation completed in 0 CPU seconds
INFO: [Project 1-570] Preparing netlist for logic optimization
INFO: [Opt 31-138] Pushed 0 inverter(s) to 0 load pin(s).
Netlist sorting complete. Time (s): cpu = 00:00:00 ; elapsed = 00:00:00 . Memory (MB): peak = 1020.145 ; gain = 0.000
INFO: [Project 1-111] Unisim Transformation Summary:
No Unisim elements were transformed.

INFO: [Common 17-83] Releasing license: Synthesis
46 Infos, 47 Warnings, 1 Critical Warnings and 0 Errors encountered.
synth_design completed successfully
synth_design: Time (s): cpu = 00:00:16 ; elapsed = 00:00:17 . Memory (MB): peak = 1020.145 ; gain = 595.777
Netlist sorting complete. Time (s): cpu = 00:00:00 ; elapsed = 00:00:00 . Memory (MB): peak = 1020.145 ; gain = 0.000
WARNING: [Constraints 18-5210] No constraints selected for write.
Resolution: This message can indicate that there are no constraints for the design, or it can indicate that the used_in flags are set such that the constraints are ignored. This later case is used when running synth_design to not write synthesis constraints to the resulting checkpoint. Instead, project constraints are read when the synthesized design is opened.
INFO: [Common 17-1381] The checkpoint 'D:/Cal Poly OneDrive Dump/Cal Poly/Quarter/Winter 2020/CPE 233/Group Folder/Lab 2/Modules/Program_Counter_Briney/Program_Counter.runs/synth_1/Top_Level.dcp' has been generated.
INFO: [runtcl-4] Executing : report_utilization -file Top_Level_utilization_synth.rpt -pb Top_Level_utilization_synth.pb
INFO: [Common 17-206] Exiting Vivado at Mon Oct 14 23:13:53 2024...
