#-----------------------------------------------------------
# Vivado v2019.2 (64-bit)
# SW Build 2708876 on Wed Nov  6 21:40:23 MST 2019
# IP Build 2700528 on Thu Nov  7 00:09:20 MST 2019
# Start of session at: Mon Oct 14 23:11:14 2024
# Process ID: 23128
# Current directory: D:/Cal Poly OneDrive Dump/Cal Poly/Quarter/Winter 2020/CPE 233/Group Folder/Lab 2/Modules/Program_Counter_Briney
# Command line: vivado.exe -gui_launcher_event rodinguilauncherevent43292 D:\Cal Poly OneDrive Dump\Cal Poly\Quarter\Winter 2020\CPE 233\Group Folder\Lab 2\Modules\Program_Counter_Briney\Program_Counter.xpr
# Log file: D:/Cal Poly OneDrive Dump/Cal Poly/Quarter/Winter 2020/CPE 233/Group Folder/Lab 2/Modules/Program_Counter_Briney/vivado.log
# Journal file: D:/Cal Poly OneDrive Dump/Cal Poly/Quarter/Winter 2020/CPE 233/Group Folder/Lab 2/Modules/Program_Counter_Briney\vivado.jou
#-----------------------------------------------------------
start_gui
open_project {D:/Cal Poly OneDrive Dump/Cal Poly/Quarter/Winter 2020/CPE 233/Group Folder/Lab 2/Modules/Program_Counter_Briney/Program_Counter.xpr}
INFO: [ProjectBase 1-489] The host OS only allows 260 characters in a normal path. The project is stored in a path with more than 80 characters. If you experience issues with IP, Block Designs, or files not being found, please consider moving the project to a location with a shorter path. Alternately consider using the OS subst command to map part of the path to a drive letter.
Current project path is 'D:/Cal Poly OneDrive Dump/Cal Poly/Quarter/Winter 2020/CPE 233/Group Folder/Lab 2/Modules/Program_Counter_Briney'
INFO: [Project 1-313] Project file moved from 'C:/Users/mjrbr/Program_Counter' since last save.
Scanning sources...
Finished scanning sources
INFO: [IP_Flow 19-234] Refreshing IP repositories
INFO: [IP_Flow 19-1704] No user IP repositories specified
INFO: [IP_Flow 19-2313] Loaded Vivado IP repository 'C:/Xilinx/Vivado/2019.2/data/ip'.
open_project: Time (s): cpu = 00:00:11 ; elapsed = 00:00:06 . Memory (MB): peak = 911.082 ; gain = 258.992
update_compile_order -fileset sources_1
launch_runs impl_1 -jobs 6
[Mon Oct 14 23:13:28 2024] Launched synth_1...
Run output will be captured here: D:/Cal Poly OneDrive Dump/Cal Poly/Quarter/Winter 2020/CPE 233/Group Folder/Lab 2/Modules/Program_Counter_Briney/Program_Counter.runs/synth_1/runme.log
[Mon Oct 14 23:13:28 2024] Launched impl_1...
Run output will be captured here: D:/Cal Poly OneDrive Dump/Cal Poly/Quarter/Winter 2020/CPE 233/Group Folder/Lab 2/Modules/Program_Counter_Briney/Program_Counter.runs/impl_1/runme.log
open_run impl_1
INFO: [Device 21-403] Loading part xc7a35tcpg236-1
Netlist sorting complete. Time (s): cpu = 00:00:00 ; elapsed = 00:00:00 . Memory (MB): peak = 1188.055 ; gain = 0.000
INFO: [Netlist 29-17] Analyzing 4 Unisim elements for replacement
INFO: [Netlist 29-28] Unisim Transformation completed in 0 CPU seconds
INFO: [Project 1-479] Netlist was created with Vivado 2019.2
INFO: [Project 1-570] Preparing netlist for logic optimization
Reading XDEF placement.
Reading placer database...
Reading XDEF routing.
Read XDEF File: Time (s): cpu = 00:00:00 ; elapsed = 00:00:00.035 . Memory (MB): peak = 1265.758 ; gain = 0.859
Restored from archive | CPU: 0.000000 secs | Memory: 0.000000 MB |
Finished XDEF File Restore: Time (s): cpu = 00:00:00 ; elapsed = 00:00:00.036 . Memory (MB): peak = 1265.758 ; gain = 0.859
Netlist sorting complete. Time (s): cpu = 00:00:00 ; elapsed = 00:00:00 . Memory (MB): peak = 1265.758 ; gain = 0.000
INFO: [Project 1-111] Unisim Transformation Summary:
No Unisim elements were transformed.

open_run: Time (s): cpu = 00:00:13 ; elapsed = 00:00:08 . Memory (MB): peak = 1426.480 ; gain = 474.746
WARNING: [Timing 38-313] There are no user specified timing constraints. Timing constraints are needed for proper timing analysis.
