#-----------------------------------------------------------
# Vivado v2019.2 (64-bit)
# SW Build 2708876 on Wed Nov  6 21:40:23 MST 2019
# IP Build 2700528 on Thu Nov  7 00:09:20 MST 2019
# Start of session at: Wed Jan 15 23:27:52 2020
# Process ID: 852
# Current directory: D:/Vivado Projects/Week 2/Lab02
# Command line: vivado.exe -gui_launcher_event rodinguilauncherevent28156 D:\Vivado Projects\Week 2\Lab02\Lab02.xpr
# Log file: D:/Vivado Projects/Week 2/Lab02/vivado.log
# Journal file: D:/Vivado Projects/Week 2/Lab02\vivado.jou
#-----------------------------------------------------------
start_gui
open_project {D:/Vivado Projects/Week 2/Lab02/Lab02.xpr}
INFO: [Project 1-313] Project file moved from 'D:/Vivado Projects/Lab02' since last save.
Scanning sources...
Finished scanning sources
INFO: [Project 1-230] Project 'Lab02.xpr' upgraded for this version of Vivado.
INFO: [IP_Flow 19-234] Refreshing IP repositories
INFO: [IP_Flow 19-1704] No user IP repositories specified
INFO: [IP_Flow 19-2313] Loaded Vivado IP repository 'C:/Xilinx/Vivado/2019.2/data/ip'.
open_project: Time (s): cpu = 00:00:13 ; elapsed = 00:00:05 . Memory (MB): peak = 807.797 ; gain = 154.922
update_compile_order -fileset sources_1
exit
INFO: [Common 17-206] Exiting Vivado at Thu Jan 16 18:20:28 2020...
