#-----------------------------------------------------------
# Vivado v2019.2 (64-bit)
# SW Build 2708876 on Wed Nov  6 21:40:23 MST 2019
# IP Build 2700528 on Thu Nov  7 00:09:20 MST 2019
# Start of session at: Fri Mar 13 23:22:46 2020
# Process ID: 22960
# Current directory: C:/Users/mjrbr/OneDrive/Cal Poly/Winter 2020/CPE 233/Group Folder/Lab 8/Modules/Otter_MCU_FPGA_Ready
# Command line: vivado.exe -gui_launcher_event rodinguilauncherevent18300 C:\Users\mjrbr\OneDrive\Cal Poly\Winter 2020\CPE 233\Group Folder\Lab 8\Modules\Otter_MCU_FPGA_Ready\Otter_MCU_FPGA_Ready.xpr
# Log file: C:/Users/mjrbr/OneDrive/Cal Poly/Winter 2020/CPE 233/Group Folder/Lab 8/Modules/Otter_MCU_FPGA_Ready/vivado.log
# Journal file: C:/Users/mjrbr/OneDrive/Cal Poly/Winter 2020/CPE 233/Group Folder/Lab 8/Modules/Otter_MCU_FPGA_Ready\vivado.jou
#-----------------------------------------------------------
start_gui
open_project {C:/Users/mjrbr/OneDrive/Cal Poly/Winter 2020/CPE 233/Group Folder/Lab 8/Modules/Otter_MCU_FPGA_Ready/Otter_MCU_FPGA_Ready.xpr}
INFO: [ProjectBase 1-489] The host OS only allows 260 characters in a normal path. The project is stored in a path with more than 80 characters. If you experience issues with IP, Block Designs, or files not being found, please consider moving the project to a location with a shorter path. Alternately consider using the OS subst command to map part of the path to a drive letter.
Current project path is 'C:/Users/mjrbr/OneDrive/Cal Poly/Winter 2020/CPE 233/Group Folder/Lab 8/Modules/Otter_MCU_FPGA_Ready'
Scanning sources...
Finished scanning sources
INFO: [IP_Flow 19-234] Refreshing IP repositories
INFO: [IP_Flow 19-1704] No user IP repositories specified
INFO: [IP_Flow 19-2313] Loaded Vivado IP repository 'C:/Xilinx/Vivado/2019.2/data/ip'.
open_project: Time (s): cpu = 00:00:12 ; elapsed = 00:00:05 . Memory (MB): peak = 801.551 ; gain = 130.355
update_compile_order -fileset sources_1
exit
INFO: [Common 17-206] Exiting Vivado at Sat Mar 14 17:48:49 2020...
